Microsoft (R) Macro Assembler Version 5.00                  10/10/88 17:36:16
CHGINT  -  COPYRIGHT (C) 1986 - 1988 Commodore Amiga Inc.   Page     1-1


				TITLE	CHGINT  -  COPYRIGHT (C) 1986 - 1988 Co
				mmodore Amiga Inc.  
				PAGE	60,132	 
				;************************************************************************** 
				;* Module: chgint    Entry: change_int		  Type: Near		  * 
				;*									  * 
				;* Function:   Set up Interrupt Vector					  * 
				;*									  * 
				;* Parameters: AL    - Interrupt # to change				  * 
				;*	       ES:DI - New Interrupt Vector				  * 
				;*									  * 
				;* Returns:    ES:DI - Old Interrupt Vector				  * 
				;*	       Interrupt Flag in CCR clear				  * 
				;*									  * 
				;* All Registers preserved.						  *  
				;************************************************************************** 
				 
				public	change_int 
				 
 =				w	equ	word ptr 
				 
 0000				cseg segment   para public 'code' 
				assume  cs:cseg,ds:cseg,ss:cseg,es:nothing 
				 
 0000				change_int	proc near 
				 
 0000  50				push 	ax 
 0001  1E				push 	ds 
 0002  56				push 	si		; save what we use 
				 
 0003  2A E4				sub  	ah,ah 	      	; calc vector offset 
 0005  D1 E0				shl  	ax,1 
 0007  D1 E0				shl  	ax,1 
				 
 0009  2B F6				sub  	si,si 	      	; point to vector segment 
 000B  8E DE				mov  	ds,si 
				  
 000D  8B F0				mov  	si,ax 	      	; int vector offset 
 000F  FA				cli		      	; quiet now .. 
 0010  06				push 	es 
 0011  57				push 	di 
 0012  C4 3C				les  	di,[si]	      	; get old vector 
 0014  8F 04				pop  	[si]		; store new       
 0016  8F 44 02				pop  	[si]+2 
				 
 0019  5E				pop  	si	      	; restore preserved regs 
 001A  1F				pop  	ds 
 001B  58				pop  	ax 
 001C  C3				ret 
 001D				change_int 	endp 
				 
 001D				cseg ends 
				 
				     end 
Microsoft (R) Macro Assembler Version 5.00                  10/10/88 17:36:16
CHGINT  -  COPYRIGHT (C) 1986 - 1988 Commodore Amiga Inc.   Symbols-1


Segments and Groups:

                N a m e         	Length	 Align	Combine Class

CSEG . . . . . . . . . . . . . .  	001D	PARA	PUBLIC	'CODE'

Symbols:            

                N a m e         	Type	 Value	 Attr

CHANGE_INT . . . . . . . . . . .  	N PROC	0000	CSEG	Global	Length = 001D

W  . . . . . . . . . . . . . . .  	TEXT  word ptr		

@FILENAME  . . . . . . . . . . .  	TEXT  CHGINT		


     53 Source  Lines
     53 Total   Lines
     10 Symbols

  50916 + 260348 Bytes symbol space free

      0 Warning Errors
      0 Severe  Errors
