Microsoft (R) Macro Assembler Version 5.00                  10/10/88 17:36:13
JI_EN  -  COPYRIGHT (C) 1986 - 1988 Commodore Amiga Inc.    Page     1-1


				TITLE	JI_EN  -  COPYRIGHT (C) 1986 - 1988 Com
				modore Amiga Inc.  
				PAGE	60,132	 
				;****************************************************************************** 
				; Functions: 
				; 
				; JanIntDis  disables interrupts from janus board		    
				; ---------  
				; 
				; JanIntEn  enables interrupts from janus board 		  
				; --------  
				; 
				;***************************************************************************** 
				 
				public	       JanIntEn, JanIntDis 
				 
 0000				cseg segment   para public 'code' 
				assume	       cs:cseg,ss:cseg,ds:cseg,es:nothing 
				 
				include        equ.inc 
			     C	;****************************************************************************** 
			     C	; 
			     C	; equ.inc contains equals, flag bits and register addresses  
			     C	; 
			     C	;****************************************************************************** 
			     C	.list 
			     C	 
			     C	 
			     C	 
				 
				 
				   
 0000				JanIntEn       proc 	near 
				 
 0000  9C				       pushf 
 0001  50				       push 	ax  
 0002  52				       push 	dx 
 0003  BA 0379				       mov  	dx,IntEn_reg  
 0006  B0 BF				       mov  	al,not JanPCInt 
 0008  EE				       out  	dx,al 
 0009  5A				       pop  	dx 
 000A  58				       pop  	ax 
 000B  9D				       popf 
 000C  C3				       ret 
				 
 000D				JanIntEn       endp 
				 
				 
 000D				JanIntDis      proc 	near 
				 
 000D  9C				       pushf 
 000E  50				       push 	ax  
 000F  52				       push 	dx 
 0010  BA 0379				       mov  	dx,IntEn_reg  
 0013  B0 40				       mov  	al,JanPCInt 
 0015  EE				       out  	dx,al 
Microsoft (R) Macro Assembler Version 5.00                  10/10/88 17:36:13
JI_EN  -  COPYRIGHT (C) 1986 - 1988 Commodore Amiga Inc.    Page     1-2


 0016  5A				       pop  	dx 
 0017  58				       pop  	ax 
 0018  9D				       popf 
 0019  C3				       ret 
				 
 001A				JanIntDis      endp 
				 
				 
 001A				cseg	       ends 
				  
				end  
Microsoft (R) Macro Assembler Version 5.00                  10/10/88 17:36:13
JI_EN  -  COPYRIGHT (C) 1986 - 1988 Commodore Amiga Inc.    Symbols-1


Segments and Groups:

                N a m e         	Length	 Align	Combine Class

CSEG . . . . . . . . . . . . . .  	001A	PARA	PUBLIC	'CODE'

Symbols:            

                N a m e         	Type	 Value	 Attr

ACKINT . . . . . . . . . . . . .  	NUMBER	007F	
ALREADYCALLED  . . . . . . . . .  	NUMBER	0054	
AMIGA  . . . . . . . . . . . . .  	NUMBER	000A	
AMIGAINT . . . . . . . . . . . .  	NUMBER	0004	

BELL . . . . . . . . . . . . . .  	NUMBER	0007	
BOOT_INT . . . . . . . . . . . .  	NUMBER	0019	
BS . . . . . . . . . . . . . . .  	NUMBER	0008	

CALLEDFIRST  . . . . . . . . . .  	NUMBER	0042	
CR . . . . . . . . . . . . . . .  	NUMBER	000D	

DISK_INT . . . . . . . . . . . .  	NUMBER	0013	
DOS  . . . . . . . . . . . . . .  	NUMBER	0080	
DOS12  . . . . . . . . . . . . .  	NUMBER	0001	
DOS16  . . . . . . . . . . . . .  	NUMBER	0004	
D_SEG  . . . . . . . . . . . . .  	NUMBER	D000	

EOI  . . . . . . . . . . . . . .  	NUMBER	0020	
ESC_CHAR . . . . . . . . . . . .  	NUMBER	001B	

F_SEG  . . . . . . . . . . . . .  	NUMBER	F000	

IDLE . . . . . . . . . . . . . .  	NUMBER	0000	
IDLEDOS  . . . . . . . . . . . .  	NUMBER	0010	
IDLE_INT . . . . . . . . . . . .  	NUMBER	0028	
INTEN_REG  . . . . . . . . . . .  	NUMBER	0379	
INT_ACTIVE . . . . . . . . . . .  	NUMBER	0001	
IRQ3EN . . . . . . . . . . . . .  	NUMBER	FFF7	
IRQ3RESET  . . . . . . . . . . .  	NUMBER	03B0	

JANINT8  . . . . . . . . . . . .  	NUMBER	0008	
JANINTDIS  . . . . . . . . . . .  	N PROC	000D	CSEG	Global	Length = 000D
JANINTEN . . . . . . . . . . . .  	N PROC	0000	CSEG	Global	Length = 000D
JANPCINT . . . . . . . . . . . .  	NUMBER	0040	
JANUS  . . . . . . . . . . . . .  	NUMBER	0040	

KEYB_INT . . . . . . . . . . . .  	NUMBER	0016	

LF . . . . . . . . . . . . . . .  	NUMBER	000A	

MAXINT . . . . . . . . . . . . .  	NUMBER	0020	
MEMLOCK  . . . . . . . . . . . .  	NUMBER	00FF	
MEMUNLOCK  . . . . . . . . . . .  	NUMBER	007F	

NULL . . . . . . . . . . . . . .  	NUMBER	0000	
Microsoft (R) Macro Assembler Version 5.00                  10/10/88 17:36:13
JI_EN  -  COPYRIGHT (C) 1986 - 1988 Commodore Amiga Inc.    Symbols-2



PIC_00 . . . . . . . . . . . . .  	NUMBER	0020	
PIC_01 . . . . . . . . . . . . .  	NUMBER	0021	

SCROLL . . . . . . . . . . . . .  	NUMBER	0000	
SCROLLING  . . . . . . . . . . .  	NUMBER	0006	
SERIAL_INT . . . . . . . . . . .  	NUMBER	0014	
SIGNALCUSTOMER . . . . . . . . .  	NUMBER	0055	
SRV_INT  . . . . . . . . . . . .  	NUMBER	000B	
STACKLENGTH  . . . . . . . . . .  	NUMBER	4000	
STATUSREG  . . . . . . . . . . .  	NUMBER	0062	
STOPSCROLL . . . . . . . . . . .  	NUMBER	00FF	

TIME_INT . . . . . . . . . . . .  	NUMBER	001C	

UPDATERATE . . . . . . . . . . .  	NUMBER	0BB8	

VIDEO_INT  . . . . . . . . . . .  	NUMBER	0010	

WAIT_FREE_LOOP . . . . . . . . .  	NUMBER	0064	
WRITE_TTY  . . . . . . . . . . .  	NUMBER	000E	

@FILENAME  . . . . . . . . . . .  	TEXT  JI_EN		


    162 Source  Lines
    163 Total   Lines
     58 Symbols

  50982 + 243898 Bytes symbol space free

      0 Warning Errors
      0 Severe  Errors
