Microsoft (R) Macro Assembler Version 5.00                  10/10/88 17:36:49
OUTDEC  -  COPYRIGHT (C) 1986 - 1988 Commodore Amiga Inc.   Page     1-1


				TITLE	OUTDEC  -  COPYRIGHT (C) 1986 - 1988 Co
				mmodore Amiga Inc.  
				PAGE	60,132	 
				;************************************************************************** 
				;* Module: outdec    Entry: outint		     Type: Near 	  * 
				;*									  * 
				;* Function: print signed decimal integer word				  * 
				;*									  * 
				;* Parameters: AX - Integer to print					  * 
				;*									  * 
				;* Returns: nothing							  * 
				;*									  * 
				;* All Registers preserved.						  *  
				;************************************************************************** 
				 
				public 	outint,outuns 
				 
 0000				cseg segment para public 'code' 
				assume 	cs:cseg 
				 
				include 	macros.inc 
			     C	;***************************************************************************** 
			     C	; 
			     C	; macros.inc	        
			     C	; 
			     C	;***************************************************************************** 
			     C	.list 
			     C	 
			     C	 
			     C	 
			     C	 
				 
				 
				extrn		outchr:near 
				 
					      
 0000				outint	     proc near 
					     pushall 
 0000  06                    1		push	es 
 0001  1E                    1		push	ds 
 0002  56                    1		push	si 
 0003  57                    1		push	di 
 0004  55                    1		push	bp 
 0005  52                    2		push	dx 
 0006  51                    2		push	cx 
 0007  53                    2		push	bx 
 0008  50                    2		push	ax 
				 
 0009  B3 20				     mov    bl,' ' 
 000B  0B C0				     or     ax,ax 
 000D  79 16				     jns    out1  		; was outp 
 000F  B3 2D				     mov    bl,'-' 
 0011  F7 D8				     neg    ax 
 0013  50			outp:	     push   ax 
 0014  8A C3				     mov    al,bl 
 0016  E8 0000 E			     call   outchr 
Microsoft (R) Macro Assembler Version 5.00                  10/10/88 17:36:49
OUTDEC  -  COPYRIGHT (C) 1986 - 1988 Commodore Amiga Inc.   Page     1-2


 0019  58				     pop    ax 
 001A  EB 09				     jmp    short out1 
				;************************************************************************** 
				;* Module: outdec    Entry: outuns		     Type: Near 	  * 
				;*									  * 
				;* Function: print unsigned decimal integer word			  * 
				;*									  * 
				;* Parameters: AX - Integer to print					  * 
				;*									  * 
				;* Returns: nothing							  * 
				;*									  * 
				;* All Registers preserved.						  *  
				;************************************************************************** 
				 
 001C				outuns	      label near 
					      pushall 
 001C  06                    1		push	es 
 001D  1E                    1		push	ds 
 001E  56                    1		push	si 
 001F  57                    1		push	di 
 0020  55                    1		push	bp 
 0021  52                    2		push	dx 
 0022  51                    2		push	cx 
 0023  53                    2		push	bx 
 0024  50                    2		push	ax 
 0025				out1: 
 0025  2B C9				      sub   cx,cx 
 0027  2B D2				      sub   dx,dx 
 0029  BB 000A				      mov   bx,10 
				 
 002C  F7 F3			out2:	      div   bx 
 002E  52				      push  dx 
 002F  41				      inc   cx 
 0030  2B D2				      sub   dx,dx 
 0032  0B C0				      or    ax,ax 
 0034  75 F6				      jnz   out2 
				 
 0036  58			out3:	      pop   ax 
 0037  04 30				      add   al,'0' 
 0039  E8 0000 E			      call  outchr 
 003C  E2 F8				      loop  out3 
				 
					      popall 
 003E  58                    2		pop	ax 
 003F  5B                    2		pop	bx 
 0040  59                    2		pop	cx 
 0041  5A                    2		pop	dx 
 0042  5D                    1		pop	bp 
 0043  5F                    1		pop	di 
 0044  5E                    1		pop	si 
 0045  1F                    1		pop	ds 
 0046  07                    1		pop	es 
 0047  C3				      ret 
				 
 0048				outint	     endp 
				 
Microsoft (R) Macro Assembler Version 5.00                  10/10/88 17:36:49
OUTDEC  -  COPYRIGHT (C) 1986 - 1988 Commodore Amiga Inc.   Page     1-3


 0048				cseg ends 
				 
				     end 

Microsoft (R) Macro Assembler Version 5.00                  10/10/88 17:36:49
OUTDEC  -  COPYRIGHT (C) 1986 - 1988 Commodore Amiga Inc.   Symbols-1


Macros:

		N a m e			Lines

ICALL  . . . . . . . . . . . . .  	   2
IFLAGS . . . . . . . . . . . . .  	  13
INFO . . . . . . . . . . . . . .  	  13
INFO_AX  . . . . . . . . . . . .  	  16
INFO_AX_BX . . . . . . . . . . .  	  20
JLOCK  . . . . . . . . . . . . .  	   8
POPAC  . . . . . . . . . . . . .  	   4
POPALL . . . . . . . . . . . . .  	   6
PUSHAC . . . . . . . . . . . . .  	   4
PUSHALL  . . . . . . . . . . . .  	   6
UNLOCK . . . . . . . . . . . . .  	   1

Structures and Records:

                N a m e                 Width   # fields
                                        Shift   Width   Mask    Initial

STACKFRAME . . . . . . . . . . .  	0012	0009
  REGAX  . . . . . . . . . . . .  	0000
  REGBX  . . . . . . . . . . . .  	0002
  REGCX  . . . . . . . . . . . .  	0004
  REGDX  . . . . . . . . . . . .  	0006
  REGBP  . . . . . . . . . . . .  	0008
  REGDI  . . . . . . . . . . . .  	000A
  REGSI  . . . . . . . . . . . .  	000C
  REGDS  . . . . . . . . . . . .  	000E
  REGES  . . . . . . . . . . . .  	0010

Segments and Groups:

                N a m e         	Length	 Align	Combine Class

CSEG . . . . . . . . . . . . . .  	0048	PARA	PUBLIC	'CODE'

Symbols:            

                N a m e         	Type	 Value	 Attr

INFOLEVEL  . . . . . . . . . . .  	NUMBER	000A	

OUT1 . . . . . . . . . . . . . .  	L NEAR	0025	CSEG
OUT2 . . . . . . . . . . . . . .  	L NEAR	002C	CSEG
OUT3 . . . . . . . . . . . . . .  	L NEAR	0036	CSEG
OUTCHR . . . . . . . . . . . . .  	L NEAR	0000	CSEG	External
OUTINT . . . . . . . . . . . . .  	N PROC	0000	CSEG	Global	Length = 0048
OUTP . . . . . . . . . . . . . .  	L NEAR	0013	CSEG
OUTUNS . . . . . . . . . . . . .  	L NEAR	001C	CSEG	Global

@FILENAME  . . . . . . . . . . .  	TEXT  OUTDEC		

Microsoft (R) Macro Assembler Version 5.00                  10/10/88 17:36:49
OUTDEC  -  COPYRIGHT (C) 1986 - 1988 Commodore Amiga Inc.   Symbols-2



    265 Source  Lines
    296 Total   Lines
     37 Symbols

  50302 + 244578 Bytes symbol space free

      0 Warning Errors
      0 Severe  Errors
