Microsoft (R) Macro Assembler Version 5.00                  10/10/88 17:36:44
OUTHXW  -  COPYRIGHT (C) 1986 - 1988 Commodore Amiga Inc.   Page     1-1


				TITLE	OUTHXW  -  COPYRIGHT (C) 1986 - 1988 Co
				mmodore Amiga Inc.  
				PAGE	60,132	 
				;************************************************************************** 
				;* Module: outhxw    Entry: outhxw		  Type: Near		  * 
				;*									  * 
				;* Function: Print hex word on screen					  * 
				;*									  * 
				;* Parameters: AX - Hex word to print					  * 
				;*									  * 
				;* Returns: nothing							  * 
				;*									  * 
				;* All Registers preserved.						  *  
				;************************************************************************** 
				 
				public    outhxw,outhxb,outchr,newline,pstrng 
				 
				 
 0000				cseg segment para public 'code' 
				assume cs:cseg 
				 
				include	  equ.inc 
			     C	;****************************************************************************** 
			     C	; 
			     C	; equ.inc contains equals, flag bits and register addresses  
			     C	; 
			     C	;****************************************************************************** 
			     C	.list 
			     C	 
			     C	 
			     C	 
				 
				include   debug.inc 
			     C	;****************************************************************************** 
			     C	; 
			     C	; Debug.inc contains flag to enable debug messageses  
			     C	; 
			     C	;****************************************************************************** 
			     C	 
			     C	include		mes.inc			; includes all message offsets 
			     C	;**************************************************************************** 
			     C	; 
			     C	; mes.inc contains external messages for PC janus handler 
			     C	; 
			     C	;**************************************************************************** 
			     C	.list 
			     C	 
			     C	 
			     C	 
			     C	 
Microsoft (R) Macro Assembler Version 5.00                  10/10/88 17:36:44
OUTHXW  -  COPYRIGHT (C) 1986 - 1988 Commodore Amiga Inc.   Symbols-1


Segments and Groups:

                N a m e         	Length	 Align	Combine Class

CSEG . . . . . . . . . . . . . .  	003F	PARA	PUBLIC	'CODE'

Symbols:            

                N a m e         	Type	 Value	 Attr

ACKINT . . . . . . . . . . . . .  	NUMBER	007F	
ALLOCPARAM . . . . . . . . . . .  	V BYTE	0000	CSEG	External
ALREADYCALLED  . . . . . . . . .  	NUMBER	0054	
AMIGA  . . . . . . . . . . . . .  	NUMBER	000A	
AMIGAADDMSG  . . . . . . . . . .  	V BYTE	0000	CSEG	External
AMIGACALLMSG . . . . . . . . . .  	V BYTE	0000	CSEG	External
AMIGADELETEMSG . . . . . . . . .  	V BYTE	0000	CSEG	External
AMIGAINT . . . . . . . . . . . .  	NUMBER	0004	

BASEMSG  . . . . . . . . . . . .  	V BYTE	0000	CSEG	External
BELL . . . . . . . . . . . . . .  	NUMBER	0007	
BOOT_INT . . . . . . . . . . . .  	NUMBER	0019	
BS . . . . . . . . . . . . . . .  	NUMBER	0008	
BUFFERMSG  . . . . . . . . . . .  	V BYTE	0000	CSEG	External

CALLAMIGASERVICE . . . . . . . .  	V BYTE	0000	CSEG	External
CALLEDFIRST  . . . . . . . . . .  	NUMBER	0042	
CHANNELMSG . . . . . . . . . . .  	V BYTE	0000	CSEG	External
CR . . . . . . . . . . . . . . .  	NUMBER	000D	

DBG_ALLOCPARAM . . . . . . . . .  	NUMBER	0000	
DBG_AMIGAADDMSG  . . . . . . . .  	NUMBER	0000	
DBG_AMIGACALLMSG . . . . . . . .  	NUMBER	0000	
DBG_AMIGADELETEMSG . . . . . . .  	NUMBER	0000	
DBG_BASEMSG  . . . . . . . . . .  	NUMBER	0000	
DBG_BLOCKMOVE  . . . . . . . . .  	NUMBER	0000	
DBG_BUFFERMSG  . . . . . . . . .  	NUMBER	0000	
DBG_CALLAMIGASERVICE . . . . . .  	NUMBER	0000	
DBG_COPYMSG  . . . . . . . . . .  	NUMBER	0000	
DBG_DISKMSG1 . . . . . . . . . .  	NUMBER	0000	
DBG_DOSMSGA  . . . . . . . . . .  	NUMBER	0000	
DBG_DOSMSGN  . . . . . . . . . .  	NUMBER	0000	
DBG_EXEINTMES  . . . . . . . . .  	NUMBER	0000	
DBG_EXITSDMSG  . . . . . . . . .  	NUMBER	0000	
DBG_FOUNDINTMES  . . . . . . . .  	NUMBER	0000	
DBG_GOTSERVICEINT  . . . . . . .  	NUMBER	0000	
DBG_HANDLERMSG . . . . . . . . .  	NUMBER	0000	
DBG_HANDLERVERSIONMSG  . . . . .  	NUMBER	0001	
DBG_HDPART . . . . . . . . . . .  	NUMBER	0000	
DBG_HWMSGP . . . . . . . . . . .  	NUMBER	0000	
DBG_HWMSGPC  . . . . . . . . . .  	NUMBER	0000	
DBG_HWMSGR . . . . . . . . . . .  	NUMBER	0000	
DBG_IDLEMSG  . . . . . . . . . .  	NUMBER	0000	
DBG_INITPOINTERS . . . . . . . .  	NUMBER	0000	
DBG_INITWAITPOINTERS . . . . . .  	NUMBER	0000	
DBG_INTCTRLMES . . . . . . . . .  	NUMBER	0000	
Microsoft (R) Macro Assembler Version 5.00                  10/10/88 17:36:44
OUTHXW  -  COPYRIGHT (C) 1986 - 1988 Commodore Amiga Inc.   Symbols-2


DBG_INTSMSG  . . . . . . . . . .  	NUMBER	0000	
DBG_INTTBLMES  . . . . . . . . .  	NUMBER	0000	
DBG_JPARTBASE  . . . . . . . . .  	NUMBER	0000	
DBG_LIBVERSIONMSG  . . . . . . .  	NUMBER	0001	
DBG_LOADMSG  . . . . . . . . . .  	NUMBER	0000	
DBG_MAKESERVICE  . . . . . . . .  	NUMBER	0000	
DBG_MEMCHUNK . . . . . . . . . .  	NUMBER	0000	
DBG_NEXTSLOTMSG  . . . . . . . .  	NUMBER	0000	
DBG_NOBASEMSG  . . . . . . . . .  	NUMBER	0001	
DBG_NOINTMES . . . . . . . . . .  	NUMBER	0000	
DBG_NOSERVICEBASEMSG . . . . . .  	NUMBER	0001	
DBG_PARASMSG . . . . . . . . . .  	NUMBER	0000	
DBG_PASTLOCK . . . . . . . . . .  	NUMBER	0000	
DBG_PRELOCK  . . . . . . . . . .  	NUMBER	0000	
DBG_REGMSG . . . . . . . . . . .  	NUMBER	0000	
DBG_REMOVEMSG  . . . . . . . . .  	NUMBER	0000	
DBG_SCROLL . . . . . . . . . . .  	NUMBER	0000	
DBG_SERVICEADDED . . . . . . . .  	NUMBER	0000	
DBG_SERVICEAVAILABLE . . . . . .  	NUMBER	0000	
DBG_SERVICEDELETED . . . . . . .  	NUMBER	0000	
DBG_SERVICESEARCH  . . . . . . .  	NUMBER	0000	
DBG_UCOUNTMSG  . . . . . . . . .  	NUMBER	0000	
DBG_UPDATEMSG  . . . . . . . . .  	NUMBER	0000	
DBG_WAITSTATUS . . . . . . . . .  	NUMBER	0000	
DBG_WRONGVERSIONMSG  . . . . . .  	NUMBER	0001	
DISKMSG1 . . . . . . . . . . . .  	V BYTE	0000	CSEG	External
DISK_INT . . . . . . . . . . . .  	NUMBER	0013	
DOS  . . . . . . . . . . . . . .  	NUMBER	0080	
DOS12  . . . . . . . . . . . . .  	NUMBER	0001	
DOS16  . . . . . . . . . . . . .  	NUMBER	0004	
DOSMSGA  . . . . . . . . . . . .  	V BYTE	0000	CSEG	External
DOSMSGN  . . . . . . . . . . . .  	V BYTE	0000	CSEG	External
D_SEG  . . . . . . . . . . . . .  	NUMBER	D000	

EOI  . . . . . . . . . . . . . .  	NUMBER	0020	
ESC_CHAR . . . . . . . . . . . .  	NUMBER	001B	
ESDI_MES . . . . . . . . . . . .  	V BYTE	0000	CSEG	External
EXEINTMES  . . . . . . . . . . .  	V BYTE	0000	CSEG	External
EXITSDMSG  . . . . . . . . . . .  	V BYTE	0000	CSEG	External

FOUNDINTMES  . . . . . . . . . .  	V BYTE	0000	CSEG	External
F_SEG  . . . . . . . . . . . . .  	NUMBER	F000	

GOTSERVICEINT  . . . . . . . . .  	V BYTE	0000	CSEG	External

HANDLERMSG . . . . . . . . . . .  	V BYTE	0000	CSEG	External
HANDLERVERSIONMSG  . . . . . . .  	V BYTE	0000	CSEG	External
HWMSGP . . . . . . . . . . . . .  	V BYTE	0000	CSEG	External
HWMSGPC  . . . . . . . . . . . .  	V BYTE	0000	CSEG	External
HWMSGR . . . . . . . . . . . . .  	V BYTE	0000	CSEG	External

IDLE . . . . . . . . . . . . . .  	NUMBER	0000	
IDLEDOS  . . . . . . . . . . . .  	NUMBER	0010	
IDLEMSG  . . . . . . . . . . . .  	V BYTE	0000	CSEG	External
IDLE_INT . . . . . . . . . . . .  	NUMBER	0028	
INFOLEVEL  . . . . . . . . . . .  	NUMBER	000A	
Microsoft (R) Macro Assembler Version 5.00                  10/10/88 17:36:44
OUTHXW  -  COPYRIGHT (C) 1986 - 1988 Commodore Amiga Inc.   Symbols-3


INITPOINTERS . . . . . . . . . .  	V BYTE	0000	CSEG	External
INITWAITPOINTERS . . . . . . . .  	V BYTE	0000	CSEG	External
INTCTRLMES . . . . . . . . . . .  	V BYTE	0000	CSEG	External
INTEN_REG  . . . . . . . . . . .  	NUMBER	0379	
INTSMSG  . . . . . . . . . . . .  	V BYTE	0000	CSEG	External
INTTBLMES  . . . . . . . . . . .  	V BYTE	0000	CSEG	External
INT_ACTIVE . . . . . . . . . . .  	NUMBER	0001	
IRQ3EN . . . . . . . . . . . . .  	NUMBER	FFF7	
IRQ3RESET  . . . . . . . . . . .  	NUMBER	03B0	

JANINT8  . . . . . . . . . . . .  	NUMBER	0008	
JANPCINT . . . . . . . . . . . .  	NUMBER	0040	
JANUS  . . . . . . . . . . . . .  	NUMBER	0040	

KEYB_INT . . . . . . . . . . . .  	NUMBER	0016	

LF . . . . . . . . . . . . . . .  	NUMBER	000A	
LIBVERSIONMSG  . . . . . . . . .  	V BYTE	0000	CSEG	External
LOADERRMSG . . . . . . . . . . .  	V BYTE	0000	CSEG	External

MAKESERVICE  . . . . . . . . . .  	V BYTE	0000	CSEG	External
MAXINT . . . . . . . . . . . . .  	NUMBER	0020	
MEMCHUNK . . . . . . . . . . . .  	V BYTE	0000	CSEG	External
MEMLOCK  . . . . . . . . . . . .  	NUMBER	00FF	
MEMUNLOCK  . . . . . . . . . . .  	NUMBER	007F	

NEWLINE  . . . . . . . . . . . .  	L NEAR	0025	CSEG	Global
NEXTSLOTMSG  . . . . . . . . . .  	V BYTE	0000	CSEG	External
NOBASEMSG  . . . . . . . . . . .  	V BYTE	0000	CSEG	External
NODRIVEMSG . . . . . . . . . . .  	V BYTE	0000	CSEG	External
NOHANMES . . . . . . . . . . . .  	V BYTE	0000	CSEG	External
NOINTMES . . . . . . . . . . . .  	V BYTE	0000	CSEG	External
NOPARTMSG  . . . . . . . . . . .  	V BYTE	0000	CSEG	External
NOSERVICEBASEMSG . . . . . . . .  	V BYTE	0000	CSEG	External
NULL . . . . . . . . . . . . . .  	NUMBER	0000	

OUTCHR . . . . . . . . . . . . .  	L NEAR	001E	CSEG	Global
OUTHXB . . . . . . . . . . . . .  	L NEAR	0007	CSEG	Global
OUTHXN . . . . . . . . . . . . .  	L NEAR	0016	CSEG
OUTHXW . . . . . . . . . . . . .  	N PROC	0000	CSEG	Global	Length = 003F

PARASMSG . . . . . . . . . . . .  	V BYTE	0000	CSEG	External
PIC_00 . . . . . . . . . . . . .  	NUMBER	0020	
PIC_01 . . . . . . . . . . . . .  	NUMBER	0021	
PST1 . . . . . . . . . . . . . .  	L NEAR	003D	CSEG
PST2 . . . . . . . . . . . . . .  	L NEAR	0033	CSEG
PSTRNG . . . . . . . . . . . . .  	L NEAR	0032	CSEG	Global

REGMSG . . . . . . . . . . . . .  	V BYTE	0000	CSEG	External
REMOVEMSG  . . . . . . . . . . .  	V BYTE	0000	CSEG	External

SCROLL . . . . . . . . . . . . .  	NUMBER	0000	
SCROLLING  . . . . . . . . . . .  	NUMBER	0006	
SERIAL . . . . . . . . . . . . .  	NUMBER	0000	
SERIAL_INT . . . . . . . . . . .  	NUMBER	0014	
SERVICEADDED . . . . . . . . . .  	V BYTE	0000	CSEG	External
Microsoft (R) Macro Assembler Version 5.00                  10/10/88 17:36:44
OUTHXW  -  COPYRIGHT (C) 1986 - 1988 Commodore Amiga Inc.   Symbols-4


SERVICEAVAILABLE . . . . . . . .  	V BYTE	0000	CSEG	External
SERVICEDELETED . . . . . . . . .  	V BYTE	0000	CSEG	External
SERVICESEARCH  . . . . . . . . .  	V BYTE	0000	CSEG	External
SIGNALCUSTOMER . . . . . . . . .  	NUMBER	0055	
SRV_INT  . . . . . . . . . . . .  	NUMBER	000B	
STACKLENGTH  . . . . . . . . . .  	NUMBER	4000	
STATUSREG  . . . . . . . . . . .  	NUMBER	0062	
STOPSCROLL . . . . . . . . . . .  	NUMBER	00FF	

TESTINTMES . . . . . . . . . . .  	V BYTE	0000	CSEG	External
TIME_INT . . . . . . . . . . . .  	NUMBER	001C	

UCOUNTMSG  . . . . . . . . . . .  	V BYTE	0000	CSEG	External
UPDATEMSG  . . . . . . . . . . .  	V BYTE	0000	CSEG	External
UPDATERATE . . . . . . . . . . .  	NUMBER	0BB8	

VIDEO  . . . . . . . . . . . . .  	NUMBER	0001	
VIDEO_INT  . . . . . . . . . . .  	NUMBER	0010	

WAITSTATUS . . . . . . . . . . .  	V BYTE	0000	CSEG	External
WAIT_FREE_LOOP . . . . . . . . .  	NUMBER	0064	
WRITE_TTY  . . . . . . . . . . .  	NUMBER	000E	
WRONGVERSIONMSG  . . . . . . . .  	V BYTE	0000	CSEG	External

@FILENAME  . . . . . . . . . . .  	TEXT  OUTHXW		


    391 Source  Lines
    394 Total   Lines
    168 Symbols

  50890 + 211222 Bytes symbol space free

      0 Warning Errors
      0 Severe  Errors
