BLOCK 0 **********************************************
	1	йуйшйљ
	2	й™йй
	3	й™йй
	4	ййййЉ
	5	ййй
	6	йй°й
	7	ййш
	8	йй
	9	ййй
	10	вjвZвR
	11	в}вLвm
	12	куи™
	13	купvмђ
	14	купvц
	15	куо
	16	куƒR
	17	куƒ÷
	18	ку…m
	19	кужh
	20	ку∆m…{
	21	ку∆q
	22	куфN
	23	куфо
	24	куф
	25	куцg
	26	куц{ы
	27	кут…
	28	ксмb
	29	кс…
	30	кс∆m
	31	кс∆m…
	32	ксфо
	33	кстQ
	34	кст
	35	ксы
	36	к™щ
	37	к°ц
	38	кЂ
	39	кЂƒu
	40	кЂ…
	41	кЂ…∆÷п
	42	кк
	43	клЂ
	44	киб
	45	ко
	46	к…
	47	ктi
	48	кт
	49	кт
	50	кыk
	51	квPж
	52	к…
	53	кфc
	54	к
	55	кл
	56	к≈
	57	к…ъ
	58	кф
	59	ктц
	60	кмж
	61	кфзлY
	62	кы
	63	клY
	64	ки
	65	ко|
	66	ко|∆
	67	кмф
	68	кмыk
	69	к≈
	70	к…Sл@
	71	кжh
	72	кж
	73	к∆B
	74	к∆е
	75	к∆
	76	кфc
	77	кфg
	78	кфy
	79	кф
	80	кф…
	81	кцZ
	82	кцђ
	83	ктx
	84	кы[
	85	кщк
	86	ко
	87	кƒн
	88	кƒ
	89	клсфз
	90	кл
	91	кп
	92	км]
	93	кмь
	94	кмьт
	95	кмђ
	96	км
	97	кƒщ
	98	к≈Wл@
	99	к…ь
	100	к…—ы
	101	к…њ
	102	к…њо
	103	к…њм
	104	к…
	105	к∆B
	106	к∆O
	107	кфs
	108	кфо
	109	кфс∆лђ
	110	кф
	111	кф
	112	кф
	113	ктлЂ
	114	кт
	115	кы£щу
	116	кы
	117	кщ\
	118	кщ\ƒOфз
	119	кщтц
	120	кп
	121	к…
	122	ко
	123	ко
	124	кƒ
	125	к…
	126	кцg
	127	кƒq
	128	к≈
	129	к∆J
	130	ктц
	131	кйп{
	132	клF
	133	ки
	134	кп{
	135	ко
	136	кƒu
	137	к…F
	138	кцщ
	139	кы{≈
	140	кри
	141	ки_
	142	к≈
	143	к…
	144	кж
	145	к∆z
	146	кц
	147	кт~
	148	кт…
	149	кы
	150	к≈
	151	кы
	152	кй
	153	к…
	154	кф
	155	кт
	156	кчфз
	157	к∞м
BLOCK 1 **********************************************
	158	к∞фc
	159	л@ф
	160	лBи
	161	лEп
	162	лFвmпC
	163	лFпv
	164	лFо
	165	лFм
	166	лFƒн
	167	лFƒнфcо
	168	лFж∆
	169	лFж
	170	лFфsп{
	171	лFфsп{∆÷п
	172	лFфsп{фо
	173	лFфy
	174	лFфоƒ
	175	лFц
	176	лFтц
	177	лFы«
	178	лFы
	179	лF€a
	180	лF€aфз
	181	лGƒR
	182	лHвmлY
	183	лHлgы
	184	лHо
	185	лHмз
	186	лHмт
	187	лHм
	188	лH…{ц
	189	лH…
	190	лHж
	191	лHфз
	192	лHыy
	193	лHы
	194	лJщ
	195	лLфa
	196	лOк
	197	лOтX
	198	лPпn
	199	лPфc
	200	лYк
	201	лYлP
	202	лYл
	203	лY…о
	204	лYфY
	205	лYыy
	206	лY€a
	207	лY€a∆е
	208	лZ€A
	209	лh
	210	лiоƒҐ
	211	лiтƒҐ
	212	лoкн
	213	лoфc
	214	лpфc
	215	лvƒq
	216	лv≈
	217	лvфc
	218	лz…
	219	лzжO
	220	лz∆J
	221	лz∆m
	222	лz∆q
	223	лzцU
	224	лz€H
	225	л«тц
	226	лдлђ
	227	лм
	228	лƒфз
	229	лƒт—
	230	лфл
	231	лфоy
	232	лффc
	233	лфт~
	234	лфт
	235	лфы
	236	лыиы
	237	лыо
	238	лым]
	239	лыƒR
	240	лы…K
	241	лы…
	242	лыж
	243	лы∆J
	244	лыфc
	245	л£…K
	246	л£жы«
	247	л£∆
	248	л…а
	249	лнлz
	250	лнƒ
	251	лнƒ
	252	лн…{л
	253	лн…ъ
	254	лн…
	255	лнфc
	256	лнфз
	257	лнтl
	258	лнтlм`
	259	лнтl∆елҐ
	260	лнтl∆÷п
	261	лнтlщXт≈W∆е
	262	лсƒҐ
	263	лсж
	264	лЇж
	265	лђи_
	266	лђо
	267	лђм
	268	лђƒR
	269	лђƒR∆елҐ
	270	лђƒR∆÷п
	271	лђ∆J
	272	лђтц
	273	лљф
	274	лљц
	275	лЉ
	276	лЂпv
	277	л…
	278	лƒ°
	279	лоP
	280	лтц
	281	лц[
	282	лиC
	283	л…
	284	л…∆
	285	лкƒqт{
	286	ллH
	287	ло
	288	лмX
	289	лт
	290	л
	291	лкф
	292	ллv≈
	293	лищиб
	294	ли
	295	ли∆÷п
	296	ли
	297	лп
	298	лп
	299	лоЇ
	300	лмйк
	301	лм÷
	302	лм
	303	лƒR
	304	лƒs
	305	л≈
	306	л≈
	307	л…V…
	308	л…mфc
	309	л…zыK
	310	л…аф
	311	л…
	312	лжм
	313	л∆J
BLOCK 2 **********************************************
	314	л∆n
	315	л∆
	316	лфc
	317	лфsл
	318	лтц
	319	лтк
	320	лыk
	321	лыkƒR
	322	лы
	323	л€C
	324	ллx
	325	лл
	326	лоv
	327	ло
	328	ло…
	329	лм
	330	лƒqт
	331	лƒн…
	332	лƒны
	333	л…{
	334	л…уфc
	335	л…
	336	л∆м
	337	лфо
	338	лц
	339	лы
	340	лы…
	341	лƒ÷
	342	лƒц[
	343	лфз
	344	лт
	345	лфз
	346	лƒuф
	347	л∆
	348	лфo
	349	ллY
	350	ло|
	351	ло
	352	лоо
	353	лмз
	354	л≈
	355	л…
	356	л∆
	357	лфо
	358	лф
	359	лф∆ы
	360	лф
	361	лт
	362	лыk
	363	лы
	364	лл«
	365	лиђ
	366	ло…
	367	лƒR
	368	л…
	369	лжƒq
	370	лƒ
	371	лы
	372	лщz
	373	ло
	374	л∆мйфc
	375	л∆мл
	376	л∆ƒя≈
	377	иCƒR
	378	иCƒm
	379	иC≈
	380	иCж…
	381	иC∆
	382	иCфc
	383	иCф
	384	иCтц
	385	иC€Vы
	386	иF…ъ
	387	иFы
	388	иIм]
	389	иIфc
	390	иJ…Љ
	391	иJфc
	392	иJт
	393	иK≈
	394	иL∆
	395	иOиC
	396	и`м
	397	и`ы
	398	иeыо
	399	иpи
	400	иpфc
	401	иzфc
	402	и|мз
	403	и|…
	404	и}лђ
	405	и}и
	406	и}о£
	407	и}о
	408	и}м
	409	и}≈
	410	и}∆u
	411	и}щ€
	412	и«о
	413	ийж
	414	ивфо
	415	ии…
	416	ипиђ
	417	ип≈
	418	ип…
	419	ипцч
	420	и∆о
	421	ищиб
	422	ищоS
	423	ищо
	424	ищм]
	425	ищ…
	426	и€…
	427	и÷вP∆J
	428	и÷жq
	429	иҐ…
	430	иҐфз
	431	иҐт
	432	и•вPм
	433	и•тц
	434	и•ы
	435	иблH
	436	иб∆J
	437	ибфc
	438	инфc
	439	и™лм]
	440	и™…
	441	иђ
	442	иив
	443	ииy
	444	иы
	445	ижЂ
	446	илƒҐ
	447	ижь
	448	и
	449	ивPо
	450	ип{
	451	ип
	452	и≈h
	453	и≈
	454	и…
	455	ижO
	456	иƒR
	457	ищ
	458	ии
	459	илђ
	460	ипT
	461	иƒR
	462	иƒq
	463	и…X
	464	и…ътz
	465	иы{
	466	и€aфc
	467	ик
	468	ии
	469	иож
	470	имж
	471	им
	472	иƒ
	473	иƒ
BLOCK 3 **********************************************
	474	и≈M
	475	и≈o
	476	и≈oƒR
	477	и≈
	478	и≈
	479	и…ъ
	480	и…
	481	ижD
	482	ижq
	483	иж
	484	иж
	485	иж
	486	и∆
	487	иф
	488	иц
	489	иы
	490	ииE
	491	иж
	492	ижт
	493	иф
	494	иыт
	495	и€A…
	496	иƒR
	497	иы
	498	и±п≈
	499	и±фз
	500	и≈h
	501	иф
	502	ито
	503	итоиктої
	504	ито∆елҐ
	505	пCмй
	506	пC…
	507	пC…≈
	508	пIк∆фз
	509	пI…њ
	510	пIт
	511	пI€a
	512	пMƒu…
	513	пPыk
	514	пR…
	515	пS…
	516	пSыщу
	517	пTлђ
	518	пTƒR
	519	пTфc
	520	пXым
	521	пXы€p
	522	пeи
	523	пeƒ°
	524	пe…а
	525	пe…
	526	пe∆r
	527	пeщz
	528	пgк
	529	пgлi
	530	пgлђ
	531	пgиC
	532	пgо
	533	пgƒ
	534	пg≈
	535	пg≈
	536	пg…
	537	пgфc
	538	пgц
	539	пgтx
	540	пgт~
	541	пgы
	542	пgы∆J
	543	пgщ
	544	пg€a
	545	пk
	546	пn∆z
	547	пnфз
	548	пvьXы
	549	пvк
	550	пvлф
	551	пvл
	552	пvи
	553	пvп≈
	554	пvоƒR
	555	пvƒR
	556	пvƒ£
	557	пv≈Z
	558	пv…у
	559	пv…ъ
	560	пvцтl
	561	пvт
	562	пvтф
	563	пvтфc
	564	пvы£
	565	пvыы
	566	пvщїт
	567	п{
	568	п{оE
	569	п{о
	570	п{о
	571	п{м
	572	п{ƒ
	573	п{≈
	574	п{≈ы
	575	п{…
	576	п{жO
	577	п{ж
	578	п{∆
	579	п{фc
	580	п{фз
	581	п{цV≈
	582	п|мш
	583	п«ы
	584	паыь
	585	пмпv
	586	пмм
	587	пм…[
	588	пмжп
	589	пм∆
	590	пмыx
	591	п€ф
	592	пҐ∆
	593	пҐфз
	594	пвP…ъ
	595	пп
	596	пп
	597	пфs
	598	пфsиктої
	599	пфs∆елҐ
	600	пфs∆÷п
	601	пыk
	602	пс€a
	603	п™€a
	604	пђы
	605	пљ
	606	пљм`
	607	пљ…
	608	пи
	609	пы{
	610	пƒR
	611	птц
	612	пвmлY
	613	п
	614	п…
	615	пы
	616	пƒR
	617	п≈
	618	п…
	619	пжу
	620	пж
	621	пфо
	622	пф∆
	623	пцVлY
	624	пт
	625	пы
	626	пы
	627	пщу
	628	п…
	629	п
	630	пиC
	631	ппu
	632	пф
BLOCK 4 **********************************************
	633	пт
	634	ппEщX…°
	635	ппEщX…°иƒ@
	636	пм]
	637	пм]цђц™
	638	пвPм
	639	пк
	640	плY
	641	плЂ
	642	по
	643	пмп
	644	пƒR
	645	п≈
	646	п…Љ
	647	пж
	648	пж∆елҐ
	649	пж∆÷п
	650	п∆J
	651	п∆
	652	пфc
	653	пт…
	654	пт
	655	пы
	656	по
	657	п≈\пщу
	658	п≈d
	659	пфxƒR
	660	п∆mк
	661	пл
	662	пƒ
	663	пвPмђ
	664	пƒu…
	665	пƒuфђ
	666	п∆m
	667	п∞и
	668	п∞о
	669	п∞ы{
	670	п∞ыы
	671	п∞щ
	672	пЈк∞
	673	пЈо`
	674	п€H
	675	оE…
	676	оFƒR
	677	оFƒµ
	678	оF…
	679	оF∆J
	680	оFы{
	681	оFы{∆елҐ
	682	оFы{∆÷п
	683	оFы
	684	оFы
	685	оFы…
	686	оIп
	687	оIп
	688	оIо
	689	оIо
	690	оIƒR
	691	оIж
	692	оIж
	693	оIфо
	694	оIы
	695	оK…
	696	оKы
	697	оN∆
	698	оNфc
	699	оPƒqт{
	700	оQцn
	701	оSл
	702	оSƒR
	703	оSƒRл∆Љ
	704	оSƒR∆÷п
	705	оS≈
	706	оVф№л@
	707	оbƒR
	708	оb∆р
	709	оbф
	710	оj
	711	оj…
	712	оsм
	713	оyкж
	714	оyт
	715	оz≈
	716	о|…
	717	о|цZ
	718	о|ыk
	719	ои…ь
	720	ои…а
	721	оп≈
	722	оƒвP…ъ
	723	оƒив
	724	оƒи
	725	оƒо`
	726	оƒыы
	727	офƒR
	728	оттъ
	729	о№тц
	730	оуƒR
	731	оуƒц
	732	оу≈
	733	отм
	734	о
	735	о∆Љ
	736	оо
	737	оы
	738	оиC
	739	олF
	740	ол
	741	ол
	742	ом
	743	ом…
	744	оƒu
	745	о…
	746	офa
	747	от
	748	оƒq
	749	ок
	750	олB
	751	олф
	752	ожq
	753	ож
	754	о∆
	755	офc
	756	оцњ
	757	о…
	758	офо
	759	оыk
	760	ощ
	761	оы
	762	отP
	763	овP…ъ
	764	ол
	765	ол
	766	оожж
	767	оо
	768	о≈\м
	769	о≈и…о
	770	о≈ы
	771	о≈
	772	о…F
	773	о…
	774	офƒs
	775	оы
	776	о€a
	777	о
	778	оям
	779	оя…
	780	оят
	781	ояыk
	782	ооƒ
	783	ол∆
	784	ом
	785	о≈h
	786	о≈и
	787	о≈илY
	788	о≈±
BLOCK 5 **********************************************
	789	о…ф
	790	ожD
	791	ожOм
	792	ожOƒR
	793	ожж
	794	ожбфз
	795	ожфc
	796	о∆
	797	о∆
	798	офa≈
	799	отl
	800	оыV
	801	оы
	802	о
	803	ои
	804	оп
	805	о…^
	806	ожтц
	807	офc
	808	от
	809	оы
	810	оцV∆
	811	о€a
	812	оо
	813	офз
	814	оф
	815	мK
	816	мKƒ
	817	мKфc
	818	мLо
	819	мL…_
	820	мL…ъ
	821	мL…
	822	мLфc
	823	мLфз
	824	мLфз∆е
	825	мLфз∆елҐ
	826	мLфз∆÷п
	827	мLфзфо
	828	мLцч
	829	мLы
	830	мLщ
	831	мOжO
	832	мXпл
	833	мX≈
	834	мXт
	835	м]о}
	836	м]ом
	837	м]о…
	838	м]м
	839	м]ƒh
	840	м]≈
	841	м]∆
	842	м]фcфз
	843	м]фо
	844	м]ф
	845	м]т{
	846	м]т
	847	м]ыk
	848	м`
	849	м`ф
	850	м`ыk
	851	мaо
	852	мaт
	853	мbл
	854	мbм
	855	мbƒR
	856	мb…
	857	мbфc
	858	мbфz
	859	мbф
	860	мbт{
	861	мbт{∆÷п
	862	мbщ
	863	мn…
	864	мr…
	865	мrцч
	866	мsп
	867	мsфc
	868	мsт
	869	мььX∆n
	870	мьлц
	871	мьƒҐ
	872	мьƒ
	873	мьƒµ
	874	мь≈Z
	875	мь≈t
	876	мь≈
	877	мь…
	878	мь…
	879	мьф
	880	мьц
	881	мьыk
	882	мьщ≈F
	883	мйлф
	884	мйлђ
	885	мйп{
	886	мйп
	887	мйоƒ
	888	мйо
	889	мймђ
	890	мймђж
	891	мйм
	892	мйм
	893	мйм
	894	мйƒR
	895	мйƒs
	896	мйƒµ
	897	мй≈
	898	мй≈иктої
	899	мй≈
	900	мй…X
	901	мй…ъ
	902	мй……а
	903	мй…
	904	мй…т
	905	мй∆m
	906	мй∆
	907	мй∆
	908	мйфc
	909	мйфз
	910	мйф
	911	мйцп
	912	мйц
	913	мйцчы
	914	мйтl
	915	мйтx
	916	мйы
	917	мйыо
	918	мйыч
	919	мйщк
	920	мйщ
	921	мйщ
	922	мй€h
	923	мвжв
	924	мзƒu
	925	мз…
	926	мм∆Љ
	927	мжо
	928	мжфо
	929	мжфђ
	930	мжтx
	931	мжт{
	932	мжтђ
	933	мжтђƒҐ
	934	мжщЇ
	935	мтк
	936	мтлH
	937	мтм
	938	мт≈ф
	939	мт…ъ
	940	мт…
	941	мт…
	942	мтж
	943	мтфc≈ї
	944	мттц
	945	мттмђ
	946	мты
	947	м•м]
	948	мл
BLOCK 6 **********************************************
	949	мнпA…m
	950	мнп
	951	мнƒs
	952	мнƒн
	953	мн≈ї
	954	мн∆
	955	мнфc
	956	мнт
	957	мнщЇ
	958	мђлH
	959	мђƒ
	960	мђ≈
	961	мђ…
	962	мђцч
	963	мьX
	964	мк
	965	млЂ
	966	мл
	967	мли
	968	мпv
	969	мпvи
	970	мо
	971	мƒн
	972	м…D
	973	м…ут
	974	м…
	975	мжq
	976	мж
	977	мфc
	978	мфn
	979	мфyо
	980	мфлф
	981	мцg
	982	мцо
	983	мт~
	984	мы
	985	мщp
	986	м€Cи
	987	м€aфc
	988	мп
	989	мщЉ
	990	мо
	991	м…
	992	ми
	993	миын
	994	м≈
	995	м≈
	996	м…
	997	мм]
	998	мф
	999	мфc
	1000	мтц
	1001	м
	1002	мк
	1003	мл
	1004	мо
	1005	м≈j
	1006	м≈o
	1007	м≈
	1008	мфc
	1009	мф
	1010	мыk
	1011	мы{
	1012	мф
	1013	м
	1014	мо
	1015	мп
	1016	мƒ
	1017	мфо
	1018	мы
	1019	мо
	1020	мк
	1021	мм]
	1022	м…
	1023	мфз
	1024	м∞…
	1025	мЈ…_
	1026	ƒDыy
	1027	ƒDыyиктої
	1028	ƒDыy∆елҐ
	1029	ƒFы«
	1030	ƒIм]
	1031	ƒL…
	1032	ƒOвPф
	1033	ƒOк
	1034	ƒOкиy
	1035	ƒOлX
	1036	ƒOлY
	1037	ƒOл_
	1038	ƒOлы
	1039	ƒOл€a
	1040	ƒOиp
	1041	ƒOиx
	1042	ƒOи}
	1043	ƒOи
	1044	ƒOп
	1045	ƒOп
	1046	ƒOп
	1047	ƒOо
	1048	ƒOо
	1049	ƒOо
	1050	ƒOо
	1051	ƒOмD
	1052	ƒOмж
	1053	ƒOмђ
	1054	ƒOм
	1055	ƒOƒ
	1056	ƒOƒ
	1057	ƒO≈d
	1058	ƒO≈t
	1059	ƒO≈
	1060	ƒO…а
	1061	ƒO…ъ
	1062	ƒO…
	1063	ƒO…
	1064	ƒOж
	1065	ƒOж
	1066	ƒOж
	1067	ƒO∆r
	1068	ƒO∆т
	1069	ƒO∆
	1070	ƒOфc
	1071	ƒOфc…
	1072	ƒOфcжщXт
	1073	ƒOфьлЂ
	1074	ƒOфз
	1075	ƒOфоƒ
	1076	ƒOтr
	1077	ƒOтx
	1078	ƒOт
	1079	ƒOыF
	1080	ƒOыL
	1081	ƒOы{ы
	1082	ƒOы
	1083	ƒOы
	1084	ƒOщ{и
	1085	ƒOщс
	1086	ƒOщм
	1087	ƒOщ
	1088	ƒO€a
	1089	ƒRвmф
	1090	ƒRлz
	1091	ƒRлђ
	1092	ƒRл
	1093	ƒRо`
	1094	ƒRо`∆÷п
	1095	ƒRоЇ
	1096	ƒRо
	1097	ƒRоƒu
	1098	ƒRо
	1099	ƒRм]
	1100	ƒRмь
	1101	ƒRмж
	1102	ƒRм
	1103	ƒRƒ°
	1104	ƒRƒ
	1105	ƒR≈
	1106	ƒR…
	1107	ƒR∆е
BLOCK 7 **********************************************
	1108	ƒR∆ео
	1109	ƒRфY
	1110	ƒRфc
	1111	ƒRфs
	1112	ƒRфо
	1113	ƒRф
	1114	ƒRф
	1115	ƒRцVо
	1116	ƒRт…
	1117	ƒRт
	1118	ƒRт
	1119	ƒRыk
	1120	ƒRы{
	1121	ƒRы
	1122	ƒRщz
	1123	ƒRщ£
	1124	ƒYƒR
	1125	ƒlл
	1126	ƒlиXф
	1127	ƒl≈фр
	1128	ƒl…а
	1129	ƒlфƒs
	1130	ƒmт
	1131	ƒmыy
	1132	ƒqƒ•
	1133	ƒsлY
	1134	ƒsиL
	1135	ƒsо
	1136	ƒs≈
	1137	ƒs…
	1138	ƒs…жы
	1139	ƒsфз
	1140	ƒsщк
	1141	ƒt≈
	1142	ƒuл
	1143	ƒuж
	1144	ƒu∆…
	1145	ƒuфc
	1146	ƒuфx
	1147	ƒuцgтP
	1148	ƒuтzƒu
	1149	ƒuы«
	1150	ƒuы
	1151	ƒuы
	1152	ƒuщY
	1153	ƒw≈h
	1154	ƒ}мK
	1155	ƒьл
	1156	ƒаи
	1157	ƒапҐ…
	1158	ƒафc
	1159	ƒафз
	1160	ƒаы
	1161	ƒзл_ƒҐ
	1162	ƒзцg
	1163	ƒ÷п
	1164	ƒ÷фз
	1165	ƒ÷ф∆
	1166	ƒҐк
	1167	ƒҐцж
	1168	ƒ∆
	1169	ƒбл
	1170	ƒуƒu
	1171	ƒ°лҐ
	1172	ƒ°лЂ
	1173	ƒ°иp
	1174	ƒ°ƒ÷фз
	1175	ƒ°ƒ÷фз∆елҐ
	1176	ƒ°ƒ÷фз∆÷п
	1177	ƒ°≈
	1178	ƒ°…ъ
	1179	ƒ°…
	1180	ƒ°жљ
	1181	ƒ°∆Љ
	1182	ƒ°∆
	1183	ƒ°фз
	1184	ƒ°фзж
	1185	ƒ°тц
	1186	ƒ°ыk
	1187	ƒ°ы{
	1188	ƒ°ы
	1189	ƒк
	1190	ƒп
	1191	ƒф
	1192	ƒ…
	1193	ƒвP≈h
	1194	ƒвPтl
	1195	ƒл
	1196	ƒо
	1197	ƒƒR
	1198	ƒ≈@
	1199	ƒ≈
	1200	ƒ∆
	1201	ƒц
	1202	ƒцч
	1203	ƒт
	1204	ƒо
	1205	ƒмђ
	1206	ƒ…
	1207	ƒщы
	1208	ƒоI
	1209	ƒƒR
	1210	ƒфc
	1211	ƒ
	1212	ƒƒR
	1213	ƒ…
	1214	ƒ…а
	1215	ƒщу
	1216	ƒ
	1217	ƒщ
	1218	ƒяп{
	1219	ƒям
	1220	ƒя≈
	1221	ƒяж…
	1222	ƒяц
	1223	ƒяыч
	1224	ƒящt
	1225	ƒящ
	1226	ƒµƒ
	1227	ƒо
	1228	ƒƒR
	1229	ƒ∆J
	1230	ƒы
	1231	ƒк
	1232	ƒ≈F
	1233	ƒшƒs
	1234	ƒьXк
	1235	ƒфc
	1236	ƒфs
	1237	ƒоK
	1238	ƒ∆q
	1239	ƒфо
	1240	≈@ж£
	1241	≈@∆J
	1242	≈CжPƒҐ
	1243	≈Fы{
	1244	≈HƒR
	1245	≈H…
	1246	≈Hфc
	1247	≈Hфc∆÷п
	1248	≈Hт
	1249	≈HыF
	1250	≈Kƒuы
	1251	≈Mп
	1252	≈Mо`
	1253	≈Zпg
	1254	≈Zфc
	1255	≈ZцVм]
	1256	≈Zщp
	1257	≈\лс
	1258	≈\ƒlƒR
	1259	≈\≈
	1260	≈\∆…
	1261	≈\фз
	1262	≈\ф∆Љ
	1263	≈\тƒ№
	1264	≈\€a
	1265	≈\€aфc
	1266	≈\€aфcо
BLOCK 8 **********************************************
	1267	≈a…
	1268	≈a∆J
	1269	≈d…M
	1270	≈hы
	1271	≈oл_
	1272	≈oл_м
	1273	≈o…а
	1274	≈o…
	1275	≈oфз
	1276	≈tм]
	1277	≈tф
	1278	≈tфк
	1279	≈tфп≈
	1280	≈tфтц
	1281	≈tы
	1282	≈xфо
	1283	≈лƒRт
	1284	≈иж
	1285	≈≈…
	1286	≈≈т
	1287	≈ц∆
	1288	≈цтx
	1289	≈щ…
	1290	≈щыт
	1291	≈лY
	1292	≈лҐ
	1293	≈ƒR
	1294	≈≈
	1295	≈фc
	1296	≈ыk
	1297	≈ы{
	1298	≈€A
	1299	≈ЉлY
	1300	≈ЉиC
	1301	≈Љи}
	1302	≈Љи}о
	1303	≈Љпмфc
	1304	≈Љпк
	1305	≈ЉоS
	1306	≈ЉоЇ
	1307	≈Љо…
	1308	≈Љо
	1309	≈Љмй
	1310	≈Љмж
	1311	≈ЉмьX
	1312	≈Љм
	1313	≈Љмк
	1314	≈ЉƒR
	1315	≈Љƒ°ы
	1316	≈Љ≈o
	1317	≈Љ≈ц
	1318	≈Љ≈
	1319	≈Љ≈фз
	1320	≈Љ≈
	1321	≈Љ…{о
	1322	≈Љ…÷
	1323	≈Љ…Ґ
	1324	≈Љ……а
	1325	≈Љ…о
	1326	≈Љ……
	1327	≈Љ…∆J
	1328	≈Љ…
	1329	≈Љжqф
	1330	≈Љжqыk
	1331	≈Љ∆J
	1332	≈Љ∆M
	1333	≈Љ∆M∆÷п
	1334	≈Љ∆lл
	1335	≈Љ∆|
	1336	≈Љ∆к
	1337	≈Љфc
	1338	≈Љфcо
	1339	≈Љфс
	1340	≈Љцж
	1341	≈Љтl
	1342	≈Љтzƒ{
	1343	≈Љтъж
	1344	≈Љт
	1345	≈Љыq
	1346	≈Љыф
	1347	≈Љы
	1348	≈Љы
	1349	≈Љы≈
	1350	≈Љыфc
	1351	≈Љытц
	1352	≈Љщ
	1353	≈їо
	1354	≈ї…
	1355	≈їф
	1356	≈ї€a
	1357	≈фз
	1358	≈€a
	1359	≈кфc
	1360	≈лY
	1361	≈лђ
	1362	≈п
	1363	≈о
	1364	≈о
	1365	≈о
	1366	≈м]
	1367	≈м]∆÷п
	1368	≈м
	1369	≈м
	1370	≈ƒR
	1371	≈ƒR∆елҐ
	1372	≈…
	1373	≈жO
	1374	≈ж
	1375	≈фc
	1376	≈фз
	1377	≈цC
	1378	≈цVƒR
	1379	≈цч
	1380	≈т№
	1381	≈ы{
	1382	≈ы
	1383	≈ы
	1384	≈оG
	1385	≈∆
	1386	≈фc
	1387	≈ф
	1388	≈∆
	1389	≈ищ
	1390	≈ив
	1391	≈
	1392	≈вmмж
	1393	≈кф
	1394	≈к
	1395	≈лY
	1396	≈лv≈
	1397	≈лz
	1398	≈лЂпv
	1399	≈л
	1400	≈лф
	1401	≈и
	1402	≈п
	1403	≈п
	1404	≈пк…F
	1405	≈оS
	1406	≈оƒ
	1407	≈оЇ
	1408	≈офз
	1409	≈мйк
	1410	≈м÷
	1411	≈м…
	1412	≈мо
	1413	≈ƒO…
	1414	≈ƒR
	1415	≈ƒRфc
	1416	≈ƒmыy
	1417	≈ƒs
	1418	≈ƒuц
	1419	≈≈
BLOCK 9 **********************************************
	1420	≈≈Љку…m
	1421	≈≈
	1422	≈…V…
	1423	≈…аф
	1424	≈…∆
	1425	≈…
	1426	≈жцn
	1427	≈∆е
	1428	≈∆м]
	1429	≈фc
	1430	≈фsл
	1431	≈фл
	1432	≈цVт
	1433	≈ц
	1434	≈цч
	1435	≈тxфc
	1436	≈тxщы
	1437	≈тйои
	1438	≈тлђ
	1439	≈т
	1440	≈тк
	1441	≈т
	1442	≈т
	1443	≈ы[
	1444	≈ыk
	1445	≈ыkƒR
	1446	≈ыq
	1447	≈ы
	1448	≈ыо
	1449	≈ым
	1450	≈щNт
	1451	≈щz
	1452	≈щу
	1453	≈м
	1454	≈ƒR
	1455	≈…
	1456	≈∆[
	1457	≈фз
	1458	≈фо
	1459	≈ф
	1460	≈т
	1461	≈щz
	1462	≈шии
	1463	≈ш…
	1464	≈шц
	1465	≈шыk
	1466	≈шщt
	1467	≈шщсжфc
	1468	≈ш€C
	1469	≈ы@ƒҐ
	1470	≈л
	1471	≈ыь
	1472	…Aы
	1473	…Dфc
	1474	…Fыв
	1475	…Mиy
	1476	…M≈B…V
	1477	…MцZ
	1478	…QлЂ…
	1479	…V
	1480	…VкЂ
	1481	…Vк
	1482	…Vив
	1483	…Vив∆елҐ
	1484	…Vив∆÷п
	1485	…Vи—
	1486	…Vпgтx
	1487	…Vп{
	1488	…Vп≈
	1489	…Vп≈тl
	1490	…VпҐы
	1491	…Vп
	1492	…Vо
	1493	…Vм
	1494	…Vƒs
	1495	…Vƒн
	1496	…Vƒ∆
	1497	…V≈\∆…
	1498	…V≈h
	1499	…V≈hыk
	1500	…V≈ї
	1501	…V≈
	1502	…V…
	1503	…V∆n
	1504	…V∆
	1505	…V∆
	1506	…Vфc
	1507	…Vфзы{
	1508	…Vфопмжмпм`
	1509	…Vф
	1510	…Vфщz
	1511	…Vц°фc
	1512	…Vтx
	1513	…Vт
	1514	…Vы
	1515	…Vщ€мђ
	1516	…Vщу
	1517	…V€a
	1518	…X
	1519	…Xпg
	1520	…XƒR
	1521	…Xфc
	1522	…Yо
	1523	…Yфо
	1524	…Yы
	1525	…[к
	1526	…[лY
	1527	…[м]
	1528	…[…
	1529	…[∆J
	1530	…[фc
	1531	…^лђ
	1532	…^п
	1533	…^ƒ…
	1534	…^ƒр
	1535	…^…
	1536	…^∆
	1537	…^∆р
	1538	…^фc
	1539	…^ц
	1540	…^т
	1541	…^ы
	1542	…_лђ
	1543	…_п
	1544	…_оbф
	1545	…_о
	1546	…_ом`щXт
	1547	…_о∆елҐ
	1548	…_о∆÷п
	1549	…_м
	1550	…_м
	1551	…_ƒR
	1552	…_…
	1553	…_…
	1554	…_…
	1555	…_…
	1556	…_∆фз
	1557	…_фc
	1558	…_ф…
	1559	…_т
	1560	…_щ
	1561	…`жж
	1562	…`ы
	1563	…gлд
	1564	…lпg
	1565	…mлт
	1566	…mж
	1567	…mцч
	1568	…mы«
	1569	…mы
	1570	…mщд
	1571	…p…
BLOCK 10 **********************************************
	1572	…rыƒҐ
	1573	…zыK
	1574	…{л…
	1575	…{п
	1576	…{оb
	1577	…{м
	1578	…{м
	1579	…{м
	1580	…{ыь
	1581	…{ы
	1582	…«ƒq
	1583	…ь≈
	1584	…ьфc
	1585	…йк
	1586	…й…а
	1587	…аиCф
	1588	…аиђ
	1589	…аоE
	1590	…ао
	1591	…ао
	1592	…ао
	1593	…а≈
	1594	…аж
	1595	…ат{
	1596	…аыф
	1597	……т
	1598	……€Q
	1599	…÷о
	1600	…÷т
	1601	…÷тф
	1602	…ы
	1603	…у∆mо
	1604	…уфc∆J
	1605	…уща
	1606	…уща…
	1607	…ъо
	1608	…ъофc
	1609	…ъоф
	1610	…ъмй
	1611	…ъ∆I
	1612	…ъ∆J
	1613	…ът
	1614	…њж
	1615	…њ€a
	1616	…ЉлH
	1617	…Љфc
	1618	…Љфcпм`ф
	1619	…Љфо
	1620	…їы
	1621	…ы{
	1622	…л
	1623	…о
	1624	…≈F
	1625	……а
	1626	……ъ
	1627	……
	1628	…ф€H
	1629	…т…
	1630	…щу
	1631	…€a
	1632	…п
	1633	…оƒ
	1634	…м
	1635	…фcо
	1636	…ы
	1637	…ы
	1638	…лђ
	1639	…лђ∆÷п
	1640	…л
	1641	…€U
	1642	…
	1643	…вmфз
	1644	…кжq
	1645	…кфс
	1646	…к≈
	1647	…лF€a
	1648	…лPпn
	1649	…лы
	1650	…л∆
	1651	…иC
	1652	…ищо
	1653	…пI
	1654	…пgы
	1655	…п{
	1656	…п
	1657	…птц
	1658	…п
	1659	…оj
	1660	…оz≈
	1661	…о
	1662	…мзƒu
	1663	…мжфо
	1664	…мђ
	1665	…ƒR
	1666	…≈t
	1667	…≈tфк
	1668	…≈цоЇ
	1669	…≈лY
	1670	…≈
	1671	…≈
	1672	……Љ
	1673	……ыk
	1674	……
	1675	……к
	1676	…жc∆JƒR
	1677	…жƒR
	1678	…жы«
	1679	…∆W
	1680	…∆uƒ∆
	1681	…∆оy
	1682	…фc…
	1683	…фs
	1684	…фvцg
	1685	…фyм
	1686	…ф…{ы
	1687	…цVт\
	1688	…цо
	1689	…ц∆л
	1690	…цђж
	1691	…цк
	1692	…ц
	1693	…цпn
	1694	…цч
	1695	…ц∞цfфз
	1696	…тщ
	1697	…т
	1698	…ы€K
	1699	…ы
	1700	…ы
	1701	…ылЂ
	1702	…щLл
	1703	…щLфc
	1704	…щд…
	1705	…€e
	1706	…вPфз
	1707	…иC
	1708	…и_
	1709	…ƒR
	1710	……X
	1711	…∆J
	1712	…ц~
	1713	…ы
	1714	…щt
	1715	…лђ
	1716	…ф
	1717	…к
	1718	…лz
	1719	…лђ
	1720	…л
	1721	…и_
BLOCK 11 **********************************************
	1722	…иђ
	1723	…п
	1724	…о
	1725	…ƒр
	1726	……
	1727	…∆∆J
	1728	…фc
	1729	…тц
	1730	…€a
	1731	…∆O
	1732	……U
	1733	…
	1734	…к…
	1735	…лH
	1736	…лHмђ
	1737	…лђ
	1738	…м
	1739	…м
	1740	…≈
	1741	…∆r
	1742	…цж
	1743	…ц
	1744	…т
	1745	…т
	1746	…ыx
	1747	…щк
	1748	…∆
	1749	…иy
	1750	…ж
	1751	…жиктої
	1752	…ж∆елҐ
	1753	…ж∆÷п
	1754	…ф
	1755	…ыk
	1756	…ьX…
	1757	…лX
	1758	…м
	1759	…ƒш
	1760	…жq
	1761	…жь…м
	1762	…ж…
	1763	…жфc
	1764	…∆№
	1765	…цњ
	1766	…щt
	1767	…щt∆елҐ
	1768	…и—
	1769	…к
	1770	…лz
	1771	…о
	1772	…мђ
	1773	…м
	1774	…≈
	1775	…≈
	1776	……K
	1777	……
	1778	…∆I
	1779	…фз
	1780	…ф
	1781	…ф
	1782	…цVм]
	1783	…тҐ
	1784	…т
	1785	…ыk
	1786	…ы{
	1787	…ыф
	1788	…щу
	1789	…
	1790	…мы
	1791	…м
	1792	…ж∆
	1793	…ф
	1794	…ыk
	1795	…к
	1796	…лH
	1797	…л
	1798	…о
	1799	……
	1800	жDк
	1801	жDк∞
	1802	жDлђ
	1803	жDп
	1804	жDфc
	1805	жDт
	1806	жOп
	1807	жOо
	1808	жOж
	1809	жO∆м]
	1810	жP∆ƒҐ
	1811	ж]лщ
	1812	ж]ƒу
	1813	жcтвм]
	1814	жhщz
	1815	жoиC
	1816	жoƒO
	1817	жoщt
	1818	жqиx
	1819	жqпg
	1820	жqп
	1821	жq…
	1822	жqт~
	1823	жqтъ
	1824	жsт
	1825	жxм
	1826	жь…
	1827	жьфз
	1828	жьщк
	1829	жьщ
	1830	жвф
	1831	жииy
	1832	жи…
	1833	жи…
	1834	жи∆m
	1835	жицn
	1836	жиыо
	1837	жиыо
	1838	жищ
	1839	жмƒ
	1840	жмщ
	1841	жм€a
	1842	ж…л
	1843	ж…∆
	1844	жж…
	1845	ж•фc
	1846	ж•т
	1847	ж•ы
	1848	жблс
	1849	жљлH
	1850	жљи±
	1851	жљ≈т
	1852	жљцч
	1853	жљтл
	1854	жљт≈
	1855	жљщ€
	1856	жљщЇ
	1857	жљ€aфc
	1858	жЉо
	1859	жвPлY
	1860	жлђ
	1861	жƒR
	1862	ж≈
	1863	ж≈
	1864	жфc
	1865	жл
	1866	жл
	1867	жл≈
	1868	жи
	1869	жпC
	1870	жпI
	1871	жпv
	1872	жо
	1873	жƒно
	1874	жфx
	1875	жфx∆
	1876	жы«
	1877	жы
	1878	жщи
	1879	жщо
	1880	жщы
BLOCK 12 **********************************************
	1881	жмт{
	1882	жƒq
	1883	ж∆n
	1884	жфc
	1885	жц∆
	1886	жщ
	1887	жфc
	1888	жы
	1889	жмL
	1890	жто
	1891	жк
	1892	жфо
	1893	жк
	1894	жк
	1895	жк…
	1896	жк
	1897	жлFж
	1898	жлY
	1899	жлh
	1900	жлz
	1901	жлс
	1902	жлђ
	1903	жлЂ
	1904	жло
	1905	жлф
	1906	жи_
	1907	жи`
	1908	жив
	1909	жи
	1910	жиьX
	1911	жи
	1912	жпXын
	1913	жп{
	1914	жп
	1915	жп
	1916	жп
	1917	жп
	1918	жоF
	1919	жоK
	1920	жоƒ
	1921	жо
	1922	жо
	1923	жо
	1924	жм]
	1925	жмt
	1926	жмђ…
	1927	жм
	1928	жм
	1929	жмпƒR
	1930	жм…
	1931	жм∆елҐ
	1932	жм∆÷п
	1933	жмфо
	1934	жмф
	1935	жм
	1936	жƒOфз
	1937	жƒR
	1938	жƒRм
	1939	жƒRфc
	1940	жƒq
	1941	жƒн
	1942	жƒ°
	1943	жƒ
	1944	жƒ
	1945	ж≈F
	1946	ж≈
	1947	ж…M
	1948	ж…X
	1949	ж…m
	1950	ж…{л
	1951	ж…ъо
	1952	ж…Љ
	1953	ж…
	1954	ж…
	1955	ж…фc
	1956	ж…
	1957	ж…
	1958	ж…
	1959	жжDфn
	1960	жжб
	1961	жж
	1962	жжи
	1963	жж
	1964	жж
	1965	жжы
	1966	ж∆|
	1967	ж∆
	1968	ж∆Љ
	1969	ж∆
	1970	ж∆
	1971	жфc
	1972	жфcо
	1973	жфь…
	1974	жфв
	1975	жфз
	1976	жфо
	1977	жф
	1978	жфƒR
	1979	жцC
	1980	жцщ
	1981	жцњ
	1982	жц
	1983	жц
	1984	жт{
	1985	жтђ
	1986	жт
	1987	жт
	1988	жыL
	1989	жыфc
	1990	жыц∆щу
	1991	жы
	1992	жы
	1993	жы
	1994	жыо
	1995	жыо
	1996	жы≈
	1997	жыы
	1998	жщY
	1999	жщm
	2000	жщд
	2001	жщ€мђ
	2002	жщу
	2003	ж€a
	2004	ж€aоSƒR
	2005	ж€aмйфc
	2006	ж€k
	2007	ж…
	2008	жжв
	2009	жфз
	2010	жмђ
	2011	ж≈
	2012	ж…
	2013	жж
	2014	жы
	2015	жф
	2016	жо
	2017	∆Aфо
	2018	∆Cо
	2019	∆Cы
	2020	∆Iжq
	2021	∆Jпй
	2022	∆J€aо
	2023	∆OлH
	2024	∆Oо
	2025	∆Oо
	2026	∆O…
	2027	∆O……
	2028	∆Oф
	2029	∆Oцg
	2030	∆OцgƒR
	2031	∆W€H
	2032	∆[ы
	2033	∆_ж
	2034	∆jƒ°
	2035	∆mж
BLOCK 13 **********************************************
	2036	∆mф
	2037	∆mцO
	2038	∆mтv
	2039	∆mы
	2040	∆mщщ
	2041	∆mщЇ
	2042	∆qфђ
	2043	∆r…
	2044	∆rфc
	2045	∆tф
	2046	∆uо
	2047	∆zи
	2048	∆z≈
	2049	∆z≈
	2050	∆|о
	2051	∆|фc
	2052	∆|тx
	2053	∆|ы
	2054	∆}о
	2055	∆}ƒз
	2056	∆}ƒзы
	2057	∆}цg
	2058	∆}т
	2059	∆ьтв
	2060	∆ьтвт
	2061	∆е
	2062	∆екфс
	2063	∆ек
	2064	∆елҐ
	2065	∆еищо
	2066	∆еи
	2067	∆еп…ы«
	2068	∆епҐ≈
	2069	∆еп
	2070	∆еп
	2071	∆еоz≈
	2072	∆ео
	2073	∆еƒDф
	2074	∆еƒR
	2075	∆еƒ
	2076	∆еƒшƒq
	2077	∆е≈
	2078	∆е≈
	2079	∆е…V…
	2080	∆е…Vфc
	2081	∆е…
	2082	∆е…
	2083	∆е…мђ
	2084	∆еж
	2085	∆е∆
	2086	∆е∆оy
	2087	∆е∆м]
	2088	∆е∆…
	2089	∆ефc
	2090	∆ефyм
	2091	∆ефз
	2092	∆ефђ
	2093	∆еф
	2094	∆ефт
	2095	∆ецVо
	2096	∆ецV≈
	2097	∆ецVфз
	2098	∆етW∆
	2099	∆етx
	2100	∆етxщы
	2101	∆ет€H
	2102	∆еы
	2103	∆ещу
	2104	∆е€a
	2105	∆зжфx
	2106	∆зф
	2107	∆зщу
	2108	∆ллђ
	2109	∆лщ
	2110	∆ытcж
	2111	∆ыы…
	2112	∆л
	2113	∆жq
	2114	∆∆n
	2115	∆ф
	2116	∆щк
	2117	∆ђщк
	2118	∆Љфc
	2119	∆тz
	2120	∆ƒq
	2121	∆к
	2122	∆лђ
	2123	∆лђп
	2124	∆пvƒ
	2125	∆м
	2126	∆м
	2127	∆м∆елҐ
	2128	∆м∆÷п
	2129	∆≈F
	2130	∆≈
	2131	∆…
	2132	∆…
	2133	∆жD
	2134	∆∆J
	2135	∆фc
	2136	∆фз
	2137	∆ф
	2138	∆ф
	2139	∆цч
	2140	∆тl
	2141	∆т
	2142	∆ы£тц
	2143	∆ы
	2144	∆ы
	2145	∆ыо
	2146	∆ы∆елҐ
	2147	∆ы∆÷п
	2148	∆щ^
	2149	∆щz
	2150	∆лH
	2151	∆лz
	2152	∆лЂ
	2153	∆иC
	2154	∆ƒµ
	2155	∆…
	2156	∆…
	2157	∆фз
	2158	∆ф
	2159	∆т
	2160	∆…
	2161	∆
	2162	∆лЂм
	2163	∆пvк
	2164	∆пvо
	2165	∆п
	2166	∆ƒR
	2167	∆…
	2168	∆фc
	2169	∆фз
	2170	∆фы
	2171	∆ф
	2172	∆ц™
	2173	∆т
	2174	∆ы
	2175	∆€aы
	2176	∆фc
	2177	∆щt
	2178	∆тђ
	2179	∆и
	2180	∆щч
	2181	∆вPфз
	2182	∆лђ
	2183	∆п≈
	2184	∆о
	2185	∆фc
	2186	∆щк
	2187	∆о
	2188	∆шƒqп
	2189	∆вPи
	2190	фN…
BLOCK 14 **********************************************
	2191	фNж
	2192	фVлh
	2193	фVлы
	2194	фVлс
	2195	фVлсƒҐ
	2196	фVищ
	2197	фV≈
	2198	фV≈ф∆вPфз
	2199	фV…а
	2200	фV…ъ
	2201	фV…
	2202	фVж…
	2203	фV∆≈Љы
	2204	фVфc
	2205	фVф
	2206	фVц∆
	2207	фVщ•
	2208	фVщ
	2209	фY≈
	2210	фYфc
	2211	фcлY
	2212	фcо
	2213	фcоы{
	2214	фcƒq
	2215	фcƒи
	2216	фcƒи
	2217	фc≈
	2218	фc≈
	2219	фc…K
	2220	фc…
	2221	фcж
	2222	фcж
	2223	фcжо
	2224	фc∆тl
	2225	фcфз
	2226	фcтx
	2227	фcтzƒ{
	2228	фcт
	2229	фcт
	2230	фcт
	2231	фcы£…
	2232	фcы
	2233	фcы
	2234	фcыцњ
	2235	фc€V
	2236	фnлт~
	2237	фnыи
	2238	фoт
	2239	фoт
	2240	фpфcы
	2241	фsл
	2242	фsи…
	2243	фsоE
	2244	фsоV
	2245	фs≈
	2246	фsфз
	2247	фsф
	2248	фsцZ
	2249	фsц_
	2250	фsы£
	2251	фsщї
	2252	фs€H
	2253	фuтц
	2254	фuщp
	2255	фvцg
	2256	фxл
	2257	фyлY
	2258	фyи
	2259	фyп≈
	2260	фyм
	2261	фyмƒR
	2262	фyмƒRфc
	2263	фyм……а
	2264	фyƒR
	2265	фy≈ї
	2266	фy…Љ
	2267	фyц
	2268	фйоK
	2269	фй∆
	2270	фзвPо
	2271	фзо
	2272	фзмђ
	2273	фз…K
	2274	фзфc
	2275	фзыq
	2276	фзы{
	2277	фо
	2278	фокжq
	2279	фокфс
	2280	фок≈
	2281	фок
	2282	фолF€a
	2283	фолPпn
	2284	фолY
	2285	фолh
	2286	фолы
	2287	фоиC
	2288	фоиCфdпC∆…Mищ•
	2289	фоиCщX…°
	2290	фоиCщX…°иƒ@
	2291	фоип≈
	2292	фоищо
	2293	фопgы
	2294	фопvщїт
	2295	фоп
	2296	фопиктої
	2297	фопмжмщXт
	2298	фоп∆елҐ
	2299	фоп∆÷п
	2300	фоп
	2301	фоп
	2302	фоп∞щ
	2303	фооz≈
	2304	фомLфз
	2305	фомжфо
	2306	фомђ
	2307	фоƒR
	2308	фоƒRщ£
	2309	фоƒsщк
	2310	фо≈Zпg
	2311	фо≈oл_
	2312	фо≈цоЇ
	2313	фо≈ї
	2314	фо≈лY
	2315	фо≈ƒR
	2316	фо≈
	2317	фо≈
	2318	фо…_иy
	2319	фо…Љ
	2320	фо…Љ…ъ
	2321	фо……U
	2322	фо…
	2323	фо…к
	2324	фожc∆JƒR
	2325	фожцп
	2326	фожƒR
	2327	фожм
	2328	фож€a
	2329	фо∆uƒ∆
	2330	фо∆}ы«
	2331	фо∆ьтв
	2332	фо∆оy
BLOCK 15 **********************************************
	2333	фо∆ы
	2334	фо∆
	2335	фофc…
	2336	фофvцg
	2337	фоф
	2338	фоцо
	2339	фоц∆…
	2340	фоцђж
	2341	фоцк
	2342	фоцпn
	2343	фотц
	2344	фотщт
	2345	фоыk
	2346	фоы€K
	2347	фоы
	2348	фощRщ€
	2349	фощ\
	2350	фощ^л
	2351	фощm
	2352	фощz
	2353	фощд…
	2354	фо€a
	2355	фмƒR
	2356	фм…
	2357	фƒо
	2358	ф∆ло
	2359	ф∆о
	2360	ф∆…
	2361	ф∆…
	2362	ф∆жO
	2363	ф∆ж
	2364	ф∆∆≈
	2365	ф∆фc
	2366	ф∆цV∆J
	2367	ф∆тzл@
	2368	ф∆щк
	2369	фыт
	2370	фыыв
	2371	фҐл
	2372	фнкƒҐ
	2373	фнлђ
	2374	фнп
	2375	фно
	2376	фнм
	2377	фнƒ}
	2378	фнж
	2379	фнж
	2380	фн∆
	2381	фнфз
	2382	фны
	2383	фнщу
	2384	фо
	2385	фы
	2386	фƒu
	2387	фƒR
	2388	ф∆n
	2389	ффз
	2390	ффз∆÷п
	2391	фцVфз
	2392	ф∆J
	2393	фцч
	2394	фы
	2395	фы@л
	2396	ф≈Љыq
	2397	фжO
	2398	ффc
	2399	фл
	2400	фо
	2401	фкм]
	2402	фп`
	2403	ф…
	2404	фцщ€
	2405	фщї
	2406	фщ
	2407	фщцч
	2408	фл
	2409	фл…
	2410	флы
	2411	фл
	2412	фл…
	2413	ф…{
	2414	ф∆q≈лY
	2415	фцe
	2416	фцe∆елҐ
	2417	флY
	2418	фиC
	2419	фо
	2420	фƒq
	2421	фф
	2422	фцVлY
	2423	ф
	2424	фм
	2425	ф…
	2426	фщt
	2427	ф
	2428	фкф
	2429	фкфс
	2430	флF€a
	2431	фло
	2432	флф
	2433	фл∆
	2434	фиCтц
	2435	фиO
	2436	фищо
	2437	фи•тц
	2438	фи
	2439	фп…ы«
	2440	фпҐ≈
	2441	фп
	2442	фп∞ƒR
	2443	фо
	2444	фмйщк
	2445	фмж
	2446	фмпv
	2447	фмп
	2448	фƒR≈
	2449	фƒшƒq
	2450	ф≈Hфc
	2451	ф≈Љмж
	2452	ф≈лY
	2453	ф≈
	2454	ф…MцZ
	2455	ф…њ
	2456	ф…иy
	2457	фжиы
	2458	фжљт
	2459	фжфо
	2460	ф∆W
	2461	ф∆mж
	2462	ф∆оy
	2463	ффsщї
	2464	ффз
	2465	ффл
	2466	фф…{
	2467	фцZ
	2468	фтxщы
	2469	фтц
	2470	фтц…
	2471	фтщо
	2472	фт
	2473	фыq
	2474	фыy
	2475	фы—щ
	2476	фы€K
	2477	фыж]
	2478	фщLцn
	2479	фщz
BLOCK 16 **********************************************
	2480	фш
	2481	ф±вcк
	2482	ф±п{
	2483	ф±о
	2484	ф±о
	2485	ф±≈
	2486	ф±ы{≈
	2487	фм
	2488	фы«
	2489	фЈфƒs
	2490	фй≈o
	2491	фп`
	2492	фпg
	2493	фпg∆
	2494	фо
	2495	фо
	2496	фо
	2497	фмй
	2498	ф≈o
	2499	ф…i
	2500	ф…
	2501	ф∆u
	2502	ф∆u…
	2503	ффc
	2504	фф
	2505	фцVлe
	2506	фы{п
	2507	фы
	2508	фщЇ
	2509	ф€aм
	2510	фи
	2511	фмL…ъ
	2512	фжP
	2513	фщк
	2514	цBм
	2515	цBƒR
	2516	цEы
	2517	цMлылц[
	2518	цMиC
	2519	цMфc
	2520	ц\п`
	2521	ц\…њ
	2522	ц\…
	2523	ц\ж
	2524	ц\фo…
	2525	ц\фoфз
	2526	ц\фs
	2527	ц\ц
	2528	цdыь
	2529	цfы
	2530	цgл
	2531	цgмо
	2532	цgм
	2533	цgфc
	2534	цgт
	2535	цgы
	2536	цn…ъ
	2537	цnфђ
	2538	цn€H
	2539	цды
	2540	цп
	2541	цпо
	2542	цож
	2543	цот
	2544	цƒж
	2545	ц…
	2546	ц…о
	2547	ц…м
	2548	цж
	2549	ц∆к
	2550	ц∆лђ
	2551	ц∆л
	2552	ц∆мf
	2553	ц∆мђ
	2554	ц∆ƒR
	2555	ц∆ƒq
	2556	ц∆≈B
	2557	ц∆…а
	2558	ц∆…
	2559	ц∆…
	2560	ц∆ж
	2561	ц∆ж
	2562	ц∆ж
	2563	ц∆∆
	2564	ц∆цn
	2565	ц∆тl
	2566	ц∆т
	2567	ц∆€V
	2568	ццлЂ
	2569	цц…
	2570	цщ
	2571	ци
	2572	ци∆÷п
	2573	цф
	2574	цбмђ
	2575	ц™ж
	2576	ц™фс
	2577	цњы
	2578	цђл_
	2579	цђлсƒq
	2580	цђиJ
	2581	цђиX
	2582	цђп
	2583	цђо
	2584	цђм
	2585	цђƒ°
	2586	цђ≈dƒR
	2587	цђ≈щ
	2588	цђ≈
	2589	цђ…X
	2590	цђ…ж
	2591	цђ…т
	2592	цђж
	2593	цђж
	2594	цђ∆ђ
	2595	цђфc
	2596	цђфо
	2597	цђфђ
	2598	цђфƒs
	2599	цђфƒs≈
	2600	цђц™
	2601	цђц™…
	2602	цђц™фо
	2603	цђц™тl
	2604	цђцч
	2605	цђтS∆
	2606	цђы
	2607	цђщ
	2608	цђ€Yив
	2609	цвP∆J
	2610	цƒR
	2611	ц
	2612	ц…l
	2613	цфc
	2614	цц
	2615	цп
	2616	цпыk
	2617	цƒµ
	2618	цжq
	2619	цы
	2620	цыч
	2621	цлђ
	2622	ци
	2623	цмй
	2624	цƒR
	2625	ц…
	2626	ц…
	2627	ц∆
	2628	цфc
	2629	цфc…
	2630	цфз
	2631	цф
	2632	цц\
	2633	цыL
	2634	цы
	2635	ц∆
	2636	цфc
	2637	ц…
	2638	ци
	2639	цф
	2640	ццk
BLOCK 17 **********************************************
	2641	цтz
	2642	ц€a
	2643	цжO
	2644	цфз
	2645	ц€e
	2646	ц…
	2647	цжO
	2648	ц∆е
	2649	цчлж
	2650	цчо
	2651	цч≈
	2652	цч…
	2653	цч∆ъкЂ
	2654	цчфз
	2655	цчф
	2656	цч€h
	2657	цлS
	2658	цлY
	2659	цлl
	2660	ци
	2661	цп
	2662	цо
	2663	цм
	2664	цƒR
	2665	ц…[
	2666	ц…÷
	2667	ц…ї
	2668	ц…
	2669	ц∆фз
	2670	цфs
	2671	цфyщу
	2672	цфо
	2673	ццI
	2674	ццX
	2675	ццZ
	2676	ццZлы
	2677	ццn
	2678	цтl
	2679	цт
	2680	цти
	2681	цт
	2682	цыy
	2683	цыв
	2684	цыщу
	2685	цщу
	2686	ц€a
	2687	тBи
	2688	тCо
	2689	тFмђ
	2690	тHиб
	2691	тOо
	2692	тOƒR
	2693	тOƒ}и
	2694	тPо
	2695	тPфз
	2696	тP€H
	2697	тS…
	2698	тW∆в
	2699	тW∆
	2700	тXо
	2701	тX≈
	2702	т\п
	2703	тg…
	2704	тi…
	2705	тlлv
	2706	тlлђ
	2707	тlп
	2708	тlм
	2709	тl≈
	2710	тl∆е
	2711	тlфc
	2712	тlфз
	2713	тlфт
	2714	тlыk
	2715	тlы
	2716	тs∆mл
	2717	тsцj
	2718	тt∆m
	2719	тw∆е
	2720	тwтл
	2721	тx
	2722	тxлY
	2723	тxлђ
	2724	тxл
	2725	тxм]
	2726	тxмз
	2727	тxƒR
	2728	тxƒm
	2729	тxƒmпgфc
	2730	тxƒmп{
	2731	тxƒmо
	2732	тxƒm…
	2733	тxж
	2734	тx∆J
	2735	тx∆
	2736	тxфcщ
	2737	тxщк
	2738	тxщу
	2739	тxщы
	2740	тx€a
	2741	тzƒ{
	2742	тz∆
	2743	тzы
	2744	т{∆е
	2745	т}оK
	2746	т~фз
	2747	тьж
	2748	тйлH
	2749	т…пV
	2750	т…о|…
	2751	т……
	2752	т……
	2753	т……
	2754	т…жб
	2755	т…жбжƒR
	2756	т…жбы
	2757	т…ыL
	2758	т…щY
	2759	тжм
	2760	тж∆
	2761	тщилY
	2762	тщ€A
	2763	т№о
	2764	тк
	2765	тлh
	2766	тлђ
	2767	тлђиктої
	2768	тлђ∆елҐ
	2769	тлђ∆÷п
	2770	ти
	2771	то
	2772	тм]
	2773	тм
	2774	тƒR
	2775	т…
	2776	т∆mƒR
	2777	т∆n
	2778	тфc
	2779	тфз
	2780	ттx
	2781	ттц
	2782	ты
	2783	тњтц
	2784	тђ…а
	2785	тл
	2786	тп
	2787	то
	2788	т
	2789	тл
	2790	ти
	2791	тоQ
	2792	то
	2793	тƒ°
	2794	тƒµ
	2795	т…
	2796	т…
	2797	т∆J
	2798	т∆
	2799	тфc
	2800	тф
BLOCK 18 **********************************************
	2801	ты
	2802	тщ
	2803	т€a
	2804	то
	2805	тƒR
	2806	тƒq
	2807	т…а∆
	2808	тж
	2809	тф
	2810	тиC
	2811	тƒqƒR
	2812	тт{
	2813	ттi
	2814	то
	2815	т∆J
	2816	тфyвP∆J
	2817	тф
	2818	тмй
	2819	т…
	2820	тцg
	2821	тт
	2822	тƒƒR
	2823	т∆
	2824	тц
	2825	т
	2826	тƒR
	2827	ттl
	2828	т≈
	2829	ыFк
	2830	ыFл
	2831	ыHфc
	2832	ыL
	2833	ыLлY
	2834	ыLлh
	2835	ыLлђ
	2836	ыLл
	2837	ыLпu
	2838	ыLп
	2839	ыLп
	2840	ыLп
	2841	ыLо≈
	2842	ыLомйфc
	2843	ыLмб
	2844	ыLмђ
	2845	ыLƒR
	2846	ыL≈
	2847	ыL…
	2848	ыLжO
	2849	ыL∆е
	2850	ыL∆
	2851	ыLфc
	2852	ыLфз
	2853	ыLц\
	2854	ыLтl
	2855	ыLтx
	2856	ыLт
	2857	ыLыk
	2858	ыLы
	2859	ыLы
	2860	ыLщу
	2861	ыOиC
	2862	ыPƒи
	2863	ыPщк
	2864	ыV∆
	2865	ы]оƒ
	2866	ыgфc
	2867	ыhт{
	2868	ыk
	2869	ыkкф
	2870	ыkк≈
	2871	ыkлF€a
	2872	ыkлY
	2873	ыkлыо
	2874	ыkл∆
	2875	ыkиC
	2876	ыkиCтц
	2877	ыkип≈
	2878	ыkип≈
	2879	ыkищо
	2880	ыkпk
	2881	ыkп…ы«
	2882	ыkпҐ≈
	2883	ыkп
	2884	ыkп≈B
	2885	ыkоKфc
	2886	ыkоQцn
	2887	ыkо
	2888	ыkоыq
	2889	ыkмйщк
	2890	ыkмпv
	2891	ыkмп
	2892	ыkƒR
	2893	ыkƒR≈
	2894	ыk≈Hфc
	2895	ыk≈цоЇ
	2896	ыk≈лY
	2897	ыk≈
	2898	ыk≈
	2899	ыk…њ
	2900	ыk…иy
	2901	ыk…
	2902	ыk…т
	2903	ыkжицn
	2904	ыkжиы
	2905	ыkжљщЇ
	2906	ыkжƒR
	2907	ыkжфо
	2908	ыk∆J
	2909	ыk∆W
	2910	ыk∆е≈
	2911	ыk∆оy
	2912	ыkфsщї
	2913	ыkфз
	2914	ыkцgж
	2915	ыkтOƒR
	2916	ыkт
	2917	ыkы[
	2918	ыkы{
	2919	ыkы€K
	2920	ыkык
	2921	ыkы
	2922	ыkщLцn
	2923	ыkщ
	2924	ыnфc
	2925	ыnыф
	2926	ыq
	2927	ыqл«
	2928	ыqпu
	2929	ыrж
	2930	ыxп
	2931	ыxцVф
	2932	ыyлд
	2933	ыyлф
	2934	ыy…
	2935	ы{пg
	2936	ы{п{
	2937	ы{п
	2938	ы{ƒR
	2939	ы{≈и
	2940	ы{≈б
	2941	ы{≈ї
	2942	ы{≈
	2943	ы{…
	2944	ы{…мђ
	2945	ы{жв
	2946	ы{жж
	2947	ы{фn
	2948	ы{цW
	2949	ы{тц
	2950	ы{т
	2951	ы{ырцnоk
	2952	ыв…A
	2953	ыв…
	2954	ыв…
	2955	ывтz
BLOCK 19 **********************************************
	2956	ыацwпм
	2957	ызт
	2958	ыпт
	2959	ымм
	2960	ыыпg
	2961	ы£≈
	2962	ыцZ
	2963	ынт
	2964	ы—п
	2965	ы—ы
	2966	ы—щ
	2967	ы™
	2968	ы°п`
	2969	ы°мй
	2970	ы°мймйо
	2971	ыжO
	2972	ыи
	2973	ыщ
	2974	ыфз
	2975	ы…
	2976	ыл
	2977	ыи±
	2978	ыоI
	2979	ыолЂ
	2980	ыолЂм`
	2981	ыолЂ∆е
	2982	ыолЂ∆елҐ
	2983	ыолЂ∆÷п
	2984	ыолЂфо
	2985	ыолЂф
	2986	ыолЂыk
	2987	ыолЂщXт≈W∆е
	2988	ыо
	2989	ыƒµ
	2990	ы…ъ
	2991	ы…ъ∆÷птої≈o∆ъи
	2992	ы…
	2993	ы…
	2994	ы∆ъ
	2995	ыфc≈ї
	2996	ыфо
	2997	ыщЇ
	2998	ы€a
	2999	ыл
	3000	ы…
	3001	ы∆q
	3002	ыфмь
	3003	ытl
	3004	ыт
	3005	ыы
	3006	ы€a
	3007	ыƒq
	3008	ы…ъ
	3009	ыж
	3010	ыы
	3011	ыфc
	3012	ыл
	3013	ыо
	3014	ыы
	3015	ы€CƒR
	3016	ыжы
	3017	ыы
	3018	ылЂт
	3019	ыоф
	3020	ымX∆
	3021	ым]
	3022	ыƒ
	3023	ы≈
	3024	ыж]
	3025	ыж]…
	3026	ыж]тфз
	3027	ыж]ы™
	3028	ыжc
	3029	ыжу
	3030	ыж
	3031	ы∆
	3032	ыфc
	3033	ыфзт
	3034	ыфђ
	3035	ыцVы{
	3036	ымт
	3037	ыщ£
	3038	ыт
	3039	ыƒi
	3040	ы…^
	3041	ы…
	3042	ыжO
	3043	ыт
	3044	ыпvы
	3045	ы…{
	3046	ырцnоk
	3047	ырыв
	3048	ыьXƒs
	3049	ылh
	3050	ыƒs
	3051	ы≈F
	3052	ы≈
	3053	ы…K
	3054	ыж
	3055	ыжл…
	3056	ы∆
	3057	ы∆о
	3058	ыфc
	3059	ыфc…
	3060	ыцщ…
	3061	ытt
	3062	ыт∆n
	3063	ытм
	3064	ыы
	3065	ышлh
	3066	ыш…
	3067	ыштF
	3068	ыштx
	3069	ыи|
	3070	ып
	3071	ым
	3072	ы…ь
	3073	ыфз
	3074	ыц
	3075	ытц
	3076	ыы{
	3077	ычк
	3078	ыч…
	3079	ыч∆J
	3080	ыч∆
	3081	ычфc
	3082	ы∆ы{
	3083	ы∆J
	3084	ыы
	3085	щEт—
	3086	щFтц
	3087	щK≈h
	3088	щKц
	3089	щKц…
	3090	щKт
	3091	щKт…
	3092	щLл
	3093	щLи
	3094	щLƒ
	3095	щL…
	3096	щLфc
	3097	щLы
	3098	щNт
	3099	щO∆J
	3100	щRлF
	3101	щRи
	3102	щR…m
	3103	щRц
	3104	щRщ€
	3105	щRщ
	3106	щVм
BLOCK 20 **********************************************
	3107	щWиy
	3108	щWпv
	3109	щW∆q
	3110	щY≈
	3111	щYф—
	3112	щYт…
	3113	щYтњ…
	3114	щY€a
	3115	щ[∆ъ
	3116	щ]о
	3117	щ]ƒs
	3118	щ]ы
	3119	щ^ƒ
	3120	щ^фо
	3121	щ^фмж
	3122	щ^ф≈
	3123	щ^ц
	3124	щ^ы
	3125	щ^€_
	3126	щlƒщ
	3127	щp…ъ
	3128	щtоI
	3129	щtƒR
	3130	щ{тв
	3131	щ{€V
	3132	щдм]
	3133	щд…
	3134	щалP
	3135	щƒмз
	3136	щ∆ƒR
	3137	щт≈Z
	3138	щылz
	3139	щ€л
	3140	щ€мђ
	3141	щ€…K
	3142	щ€…Kтxƒm
	3143	щ€фз
	3144	щ€т{
	3145	щу
	3146	щу≈ї
	3147	щуц
	3148	щсжOмйфc
	3149	щст
	3150	щЇл
	3151	щЇл
	3152	щЇƒR
	3153	щЇ…
	3154	щЇфc
	3155	щЉƒR
	3156	щїƒфs
	3157	щїтƒ
	3158	щїыG
	3159	щвPиx
	3160	щвPм
	3161	щлс
	3162	щп
	3163	щƒR
	3164	щ…_
	3165	щыk
	3166	щы
	3167	щщm
	3168	щ…_
	3169	щ∆
	3170	щ…
	3171	щ
	3172	щфз
	3173	щцVф
	3174	щт
	3175	щыk
	3176	щƒ°
	3177	щƒR
	3178	щцn
	3179	€@≈
	3180	€@фc
	3181	€Qлђ
	3182	€Qм]
	3183	€Qмз
	3184	€QжЉ
	3185	€ZвP≈и
	3186	€Zп
	3187	€Zо
	3188	€Zмз
	3189	€Zф
	3190	€Zфƒs
	3191	€aлƒR
	3192	€aл
	3193	€aи™
	3194	€aпC
	3195	€aо
	3196	€a…
	3197	€aж
	3198	€a∆m
	3199	€aфc
	3200	€aфcƒR
	3201	€aфз
	3202	€aцж
	3203	€aы
	3204	€aщ
	3205	€e
	3206	€eыж
	3207	€hп{
	3208	€hт~
	3209	€jщ•
	3210	€lи
	3211	€n
