0000 : 00       	NOP
0001 : 23 cf    	MOV	A,#cfH ;207
0003 : 3a       	OUTL	P2,A
0004 : f5       	EN	FLAGS	
0005 : 04 12    	JMP	0012H
0007 : 64 b5    	JMP	03b5H
0009 : 23 cf    	MOV	A,#cfH ;207
000b : 3a       	OUTL	P2,A
000c : f5       	EN	FLAGS	
000d : 04 12    	JMP	0012H
000f : 23 cf    	MOV	A,#cfH ;207
0011 : 3a       	OUTL	P2,A
0012 : b8 43    	MOV	R0,#43H ;67
0014 : b0 0c    	MOV	@R0,#0cH ;12
0016 : 65       	STOP	TCNT	
0017 : 25       	EN	TCNTI	
0018 : b8 3e    	MOV	R0,#3eH ;62
001a : b0 01    	MOV	@R0,#01H ;1
001c : b8 40    	MOV	R0,#40H ;64
001e : b0 00    	MOV	@R0,#00H ;0
0020 : 94 15    	CALL	0415H
0022 : b8 20    	MOV	R0,#20H ;32
0024 : b0 50    	MOV	@R0,#50H ;80
0026 : bf 10    	MOV	R7,#10H ;16
0028 : b8 42    	MOV	R0,#42H ;66
002a : b0 00    	MOV	@R0,#00H ;0
002c : d5       	SEL	RB1	
002d : b9 00    	MOV	R1,#00H ;0
002f : c5       	SEL	RB0	
0030 : be 01    	MOV	R6,#01H ;1
0032 : b8 20    	MOV	R0,#20H ;32
0034 : f0       	MOV	A,@R0
0035 : 92 6a    	JB4	006aH
0037 : b8 3e    	MOV	R0,#3eH ;62
0039 : f0       	MOV	A,@R0
003a : 12 3e    	JB0	003eH
003c : e4 26    	JMP	0726H
003e : d6 43    	JNIBF	0043H
0040 : fe       	MOV	A,R6
0041 : 96 b0    	JNZ	00b0H
0043 : 86 3e    	JOBF	003eH
0045 : 9a bf    	ANL	P2,#bfH ;191
0047 : 56 3e    	JT1	003eH
0049 : 36 49    	JT0	0049H
004b : fe       	MOV	A,R6
004c : c6 50    	JZ	0050H
004e : be 01    	MOV	R6,#01H ;1
0050 : bd 09    	MOV	R5,#09H ;9
0052 : bc 00    	MOV	R4,#00H ;0
0054 : 23 de    	MOV	A,#deH ;222
0056 : 62       	MOV	T,A
0057 : 55       	STRT	T	
0058 : 26 58    	JNT0	0058H
005a : 36 5a    	JT0	005aH
005c : ed 6e    	DJNZ	R5,006eH
005e : 46 61    	JNT1	0061H
0060 : 1c       	INC	R4
0061 : 26 61    	JNT0	0061H
0063 : 36 63    	JT0	0063H
0065 : 8a 40    	ORL	P2,#40H ;64
0067 : 65       	STOP	TCNT	
0068 : 04 76    	JMP	0076H
006a : d6 6a    	JNIBF	006aH
006c : 04 b0    	JMP	00b0H
006e : 97       	CLR	C	
006f : 46 73    	JNT1	0073H
0071 : a7       	MOV	@R7,A
0072 : 1c       	INC	R4
0073 : 67       	RRC	A
0074 : 04 58    	JMP	0058H
0076 : aa       	MOV	R2,A
0077 : fc       	MOV	A,R4
0078 : 12 8d    	JB0	008dH
007a : fe       	MOV	A,R6
007b : c6 85    	JZ	0085H
007d : bb 80    	MOV	R3,#80H ;128
007f : f4 1c    	CALL	071cH
0081 : ba ff    	MOV	R2,#ffH ;255
0083 : 24 10    	JMP	0110H
0085 : bb a0    	MOV	R3,#a0H ;160
0087 : f4 1c    	CALL	071cH
0089 : ba ff    	MOV	R2,#ffH ;255
008b : 04 a2    	JMP	00a2H
008d : bb 1f    	MOV	R3,#1fH ;31
008f : f4 21    	CALL	0721H
0091 : b8 20    	MOV	R0,#20H ;32
0093 : f0       	MOV	A,@R0
0094 : 53 40    	ANL	A,#40H ;64
0096 : c6 a2    	JZ	00a2H
0098 : 74 80    	CALL	0380H
009a : b8 42    	MOV	R0,#42H ;66
009c : f0       	MOV	A,@R0
009d : c6 a2    	JZ	00a2H
009f : fe       	MOV	A,R6
00a0 : 96 32    	JNZ	0032H
00a2 : 09       	IN	A,P1
00a3 : 53 80    	ANL	A,#80H ;128
00a5 : a9       	MOV	R1,A
00a6 : 96 aa    	JNZ	00aaH
00a8 : 24 05    	JMP	0105H
00aa : bb 10    	MOV	R3,#10H ;16
00ac : f4 1c    	CALL	071cH
00ae : 24 10    	JMP	0110H
00b0 : 8a 40    	ORL	P2,#40H ;64
00b2 : 65       	STOP	TCNT	
00b3 : ff       	MOV	A,R7
00b4 : 53 1f    	ANL	A,#1fH ;31
00b6 : 90       	MOV	STS,A
00b7 : af       	MOV	R7,A
00b8 : 76 bc    	JF1	00bcH
00ba : 24 17    	JMP	0117H
00bc : 22       	IN	A,DBB
00bd : aa       	MOV	R2,A
00be : d3 d1    	XRL	A,#d1H ;209
00c0 : 96 d1    	JNZ	00d1H
00c2 : d6 c2    	JNIBF	00c2H
00c4 : 76 cf    	JF1	00cfH
00c6 : 22       	IN	A,DBB
00c7 : 53 f3    	ANL	A,#f3H ;243
00c9 : b8 43    	MOV	R0,#43H ;67
00cb : 40       	ORL	A,R0
00cc : 3a       	OUTL	P2,A
00cd : 04 32    	JMP	0032H
00cf : 04 bc    	JMP	00bcH
00d1 : fa       	MOV	A,R2
00d2 : d3 ff    	XRL	A,#ffH ;255
00d4 : c6 32    	JZ	0032H
00d6 : 24 34    	JMP	0134H
00d8 : a3       	MOV	@R3,A
00d9 : 83       	RET
00da : 00       	NOP
00db : 00       	NOP
00dc : 00       	NOP
00dd : 00       	NOP
00de : 00       	NOP
00df : 00       	NOP
00e0 : 00       	NOP
00e1 : 00       	NOP
00e2 : 00       	NOP
00e3 : 00       	NOP
00e4 : 00       	NOP
00e5 : 00       	NOP
00e6 : 00       	NOP
00e7 : 00       	NOP
00e8 : 00       	NOP
00e9 : 00       	NOP
00ea : 00       	NOP
00eb : 00       	NOP
00ec : 00       	NOP
00ed : 00       	NOP
00ee : 00       	NOP
00ef : 00       	NOP
00f0 : 00       	NOP
00f1 : 00       	NOP
00f2 : 00       	NOP
00f3 : 00       	NOP
00f4 : 00       	NOP
00f5 : 00       	NOP
00f6 : 00       	NOP
00f7 : 00       	NOP
00f8 : 00       	NOP
00f9 : 00       	NOP
00fa : 00       	NOP
00fb : 00       	NOP
00fc : 00       	NOP
00fd : 00       	NOP
00fe : 00       	NOP
00ff : 00       	NOP
0100 : 87       	DB	87
0101 : 23 00    	MOV	A,#00H ;0
0103 : a3       	MOV	@R3,A
0104 : 83       	RET
0105 : bb ef    	MOV	R3,#efH ;239
0107 : f4 21    	CALL	0721H
0109 : b8 20    	MOV	R0,#20H ;32
010b : f0       	MOV	A,@R0
010c : 72 10    	JB3	0110H
010e : 24 13    	JMP	0113H
0110 : fa       	MOV	A,R2
0111 : f4 8d    	CALL	078dH
0113 : be 01    	MOV	R6,#01H ;1
0115 : 04 32    	JMP	0032H
0117 : 22       	IN	A,DBB
0118 : aa       	MOV	R2,A
0119 : b8 3e    	MOV	R0,#3eH ;62
011b : f0       	MOV	A,@R0
011c : 12 20    	JB0	0120H
011e : c4 4d    	JMP	064dH
0120 : 54 69    	CALL	0269H
0122 : be 00    	MOV	R6,#00H ;0
0124 : d5       	SEL	RB1	
0125 : ba 0c    	MOV	R2,#0cH ;12
0127 : c5       	SEL	RB0	
0128 : 23 de    	MOV	A,#deH ;222
012a : 62       	MOV	T,A
012b : 55       	STRT	T	
012c : b8 20    	MOV	R0,#20H ;32
012e : f0       	MOV	A,@R0
012f : 53 ef    	ANL	A,#efH ;239
0131 : a0       	MOV	@R0,A
0132 : 04 32    	JMP	0032H
0134 : fa       	MOV	A,R2
0135 : 53 f0    	ANL	A,#f0H ;240
0137 : 47       	SWAP	A
0138 : 03 3b    	ADD	A,#3bH ;59
013a : b3       	JMPP	@A
013b : 4b       	ORL	A,R3
013c : 4b       	ORL	A,R3
013d : 4d       	ORL	A,R5
013e : 4d       	ORL	A,R5
013f : 4b       	ORL	A,R3
0140 : 4b       	ORL	A,R3
0141 : 4f       	ORL	A,R7
0142 : 4f       	ORL	A,R7
0143 : 4b       	ORL	A,R3
0144 : 4b       	ORL	A,R3
0145 : 6f       	ADD	A,R7
0146 : 51       	ANL	A,R1
0147 : 53 57    	ANL	A,#57H ;87
0149 : 55       	STRT	T	
014a : 6d       	ADD	A,R5
014b : 04 32    	JMP	0032H
014d : e4 00    	JMP	0700H
014f : e4 07    	JMP	0707H
0151 : c4 00    	JMP	0600H
0153 : a4 00    	JMP	0500H
0155 : 84 00    	JMP	0400H
0157 : fa       	MOV	A,R2
0158 : 72 4b    	JB3	014bH
015a : 53 0f    	ANL	A,#0fH ;15
015c : 03 5f    	ADD	A,#5fH ;95
015e : b3       	JMPP	@A
015f : d4 c2    	CALL	06c2H
0161 : 4b       	ORL	A,R3
0162 : d9       	XRL	A,R1
0163 : dd       	XRL	A,R5
0164 : 67       	RRC	A
0165 : 69       	ADD	A,R1
0166 : 6b       	ADD	A,R3
0167 : 44 14    	JMP	0214H
0169 : 44 1e    	JMP	021eH
016b : 44 05    	JMP	0205H
016d : 44 28    	JMP	0228H
016f : fa       	MOV	A,R2
0170 : 72 74    	JB3	0174H
0172 : 04 32    	JMP	0032H
0174 : 53 07    	ANL	A,#07H ;7
0176 : 03 79    	ADD	A,#79H ;121
0178 : b3       	JMPP	@A
0179 : 4b       	ORL	A,R3
017a : 4b       	ORL	A,R3
017b : 81       	DB	81
017c : 83       	RET
017d : 9c       	ANLD	P0,A
017e : c4 cc    	JMP	06ccH
0180 : 4b       	ORL	A,R3
0181 : 84 e1    	JMP	04e1H
0183 : 9a 7f    	ANL	P2,#7fH ;127
0185 : 23 04    	MOV	A,#04H ;4
0187 : 56 9a    	JT1	019aH
0189 : 8a 80    	ORL	P2,#80H ;128
018b : 07       	DEC	A
018c : 46 9a    	JNT1	019aH
018e : 9a bf    	ANL	P2,#bfH ;191
0190 : 23 01    	MOV	A,#01H ;1
0192 : 26 9a    	JNT0	019aH
0194 : 8a 40    	ORL	P2,#40H ;64
0196 : 17       	INC	A
0197 : 36 9a    	JT0	019aH
0199 : 27       	CLR	A
019a : e4 03    	JMP	0703H
019c : f8       	MOV	A,R0
019d : f4 9c    	CALL	079cH
019f : f9       	MOV	A,R1
01a0 : f4 9c    	CALL	079cH
01a2 : b8 02    	MOV	R0,#02H ;2
01a4 : b9 06    	MOV	R1,#06H ;6
01a6 : d4 46    	CALL	0646H
01a8 : b8 18    	MOV	R0,#18H ;24
01aa : b9 08    	MOV	R1,#08H ;8
01ac : d4 46    	CALL	0646H
01ae : 09       	IN	A,P1
01af : f4 9c    	CALL	079cH
01b1 : 0a       	IN	A,P2
01b2 : f4 9c    	CALL	079cH
01b4 : 23 00    	MOV	A,#00H ;0
01b6 : 26 b9    	JNT0	01b9H
01b8 : 17       	INC	A
01b9 : 46 bd    	JNT1	01bdH
01bb : 43 02    	ORL	A,#02H ;2
01bd : f4 9c    	CALL	079cH
01bf : c7       	MOV	A,PSW
01c0 : f4 9c    	CALL	079cH
01c2 : 04 32    	JMP	0032H
01c4 : b8 20    	MOV	R0,#20H ;32
01c6 : f0       	MOV	A,@R0
01c7 : 43 10    	ORL	A,#10H ;16
01c9 : a0       	MOV	@R0,A
01ca : 04 32    	JMP	0032H
01cc : b8 20    	MOV	R0,#20H ;32
01ce : f0       	MOV	A,@R0
01cf : 53 ef    	ANL	A,#efH ;239
01d1 : a0       	MOV	@R0,A
01d2 : 04 32    	JMP	0032H
01d4 : 0a       	IN	A,P2
01d5 : f4 9c    	CALL	079cH
01d7 : 04 32    	JMP	0032H
01d9 : 8a 02    	ORL	P2,#02H ;2
01db : 24 df    	JMP	01dfH
01dd : 9a fd    	ANL	P2,#fdH ;253
01df : 23 fa    	MOV	A,#faH ;250
01e1 : f4 9c    	CALL	079cH
01e3 : 04 32    	JMP	0032H
01e5 : a3       	MOV	@R3,A
01e6 : 83       	RET
01e7 : 00       	NOP
01e8 : 00       	NOP
01e9 : 00       	NOP
01ea : 00       	NOP
01eb : 00       	NOP
01ec : 00       	NOP
01ed : 00       	NOP
01ee : 00       	NOP
01ef : 00       	NOP
01f0 : 00       	NOP
01f1 : 00       	NOP
01f2 : 00       	NOP
01f3 : 00       	NOP
01f4 : 00       	NOP
01f5 : 00       	NOP
01f6 : 00       	NOP
01f7 : 00       	NOP
01f8 : 00       	NOP
01f9 : 00       	NOP
01fa : 00       	NOP
01fb : 00       	NOP
01fc : 00       	NOP
01fd : 00       	NOP
01fe : 00       	NOP
01ff : 00       	NOP
0200 : 34 67    	CALL	0167H
0202 : ef 30    	DJNZ	R7,0230H
0204 : 00       	NOP
0205 : 23 00    	MOV	A,#00H ;0
0207 : a3       	MOV	@R3,A
0208 : f4 9c    	CALL	079cH
020a : 23 01    	MOV	A,#01H ;1
020c : a3       	MOV	@R3,A
020d : f4 9c    	CALL	079cH
020f : 23 02    	MOV	A,#02H ;2
0211 : a3       	MOV	@R3,A
0212 : 44 24    	JMP	0224H
0214 : 23 03    	MOV	A,#03H ;3
0216 : a3       	MOV	@R3,A
0217 : f4 9c    	CALL	079cH
0219 : 23 04    	MOV	A,#04H ;4
021b : a3       	MOV	@R3,A
021c : 44 24    	JMP	0224H
021e : 23 7b    	MOV	A,#7bH ;123
0220 : f4 9c    	CALL	079cH
0222 : 23 a0    	MOV	A,#a0H ;160
0224 : f4 9c    	CALL	079cH
0226 : 04 32    	JMP	0032H
0228 : b8 20    	MOV	R0,#20H ;32
022a : f0       	MOV	A,@R0
022b : 53 01    	ANL	A,#01H ;1
022d : 47       	SWAP	A
022e : a8       	MOV	R0,A
022f : 0a       	IN	A,P2
0230 : a9       	MOV	R1,A
0231 : 53 e0    	ANL	A,#e0H ;224
0233 : 48       	ORL	A,R0
0234 : 29       	XCH	A,R1
0235 : 53 0f    	ANL	A,#0fH ;15
0237 : ac       	MOV	R4,A
0238 : 49       	ORL	A,R1
0239 : a8       	MOV	R0,A
023a : fa       	MOV	A,R2
023b : 37       	CPL	A
023c : dc       	XRL	A,R4
023d : 49       	ORL	A,R1
023e : 3a       	OUTL	P2,A
023f : f8       	MOV	A,R0
0240 : 3a       	OUTL	P2,A
0241 : 04 32    	JMP	0032H
0243 : 65       	STOP	TCNT	
0244 : bb 1f    	MOV	R3,#1fH ;31
0246 : f4 21    	CALL	0721H
0248 : d5       	SEL	RB1	
0249 : f9       	MOV	A,R1
024a : c5       	SEL	RB0	
024b : 12 57    	JB0	0257H
024d : 32 5f    	JB1	025fH
024f : bb 20    	MOV	R3,#20H ;32
0251 : f4 1c    	CALL	071cH
0253 : 23 fe    	MOV	A,#feH ;254
0255 : 44 65    	JMP	0265H
0257 : bb 40    	MOV	R3,#40H ;64
0259 : f4 1c    	CALL	071cH
025b : 23 ff    	MOV	A,#ffH ;255
025d : 44 65    	JMP	0265H
025f : bb 60    	MOV	R3,#60H ;96
0261 : f4 1c    	CALL	071cH
0263 : 23 fe    	MOV	A,#feH ;254
0265 : f4 9c    	CALL	079cH
0267 : 04 28    	JMP	0028H
0269 : 8a 40    	ORL	P2,#40H ;64
026b : b9 10    	MOV	R1,#10H ;16
026d : e9 6d    	DJNZ	R1,026dH
026f : 9a 7f    	ANL	P2,#7fH ;127
0271 : d5       	SEL	RB1	
0272 : b9 00    	MOV	R1,#00H ;0
0274 : c5       	SEL	RB0	
0275 : bc 00    	MOV	R4,#00H ;0
0277 : bd 08    	MOV	R5,#08H ;8
0279 : be 02    	MOV	R6,#02H ;2
027b : 23 01    	MOV	A,#01H ;1
027d : 62       	MOV	T,A
027e : 55       	STRT	T	
027f : 9a bf    	ANL	P2,#bfH ;191
0281 : fa       	MOV	A,R2
0282 : 67       	RRC	A
0283 : aa       	MOV	R2,A
0284 : 36 84    	JT0	0284H
0286 : 23 de    	MOV	A,#deH ;222
0288 : 62       	MOV	T,A
0289 : f6 9a    	JC	029aH
028b : 44 9d    	JMP	029dH
028d : fa       	MOV	A,R2
028e : 67       	RRC	A
028f : aa       	MOV	R2,A
0290 : f6 98    	JC	0298H
0292 : 36 92    	JT0	0292H
0294 : 9a 7f    	ANL	P2,#7fH ;127
0296 : 44 9d    	JMP	029dH
0298 : 36 98    	JT0	0298H
029a : 8a 80    	ORL	P2,#80H ;128
029c : 1c       	INC	R4
029d : 26 9d    	JNT0	029dH
029f : ed 8d    	DJNZ	R5,028dH
02a1 : fc       	MOV	A,R4
02a2 : 12 aa    	JB0	02aaH
02a4 : 36 a4    	JT0	02a4H
02a6 : 8a 80    	ORL	P2,#80H ;128
02a8 : 44 ae    	JMP	02aeH
02aa : 36 aa    	JT0	02aaH
02ac : 9a 7f    	ANL	P2,#7fH ;127
02ae : 26 ae    	JNT0	02aeH
02b0 : 36 b0    	JT0	02b0H
02b2 : 8a 80    	ORL	P2,#80H ;128
02b4 : 56 b4    	JT1	02b4H
02b6 : 46 b6    	JNT1	02b6H
02b8 : 8a 40    	ORL	P2,#40H ;64
02ba : b9 10    	MOV	R1,#10H ;16
02bc : e9 bc    	DJNZ	R1,02bcH
02be : 65       	STOP	TCNT	
02bf : 83       	RET
02c0 : 0a       	IN	A,P2
02c1 : a9       	MOV	R1,A
02c2 : b8 43    	MOV	R0,#43H ;67
02c4 : fa       	MOV	A,R2
02c5 : 12 d2    	JB0	02d2H
02c7 : 53 0c    	ANL	A,#0cH ;12
02c9 : 50       	ANL	A,R0
02ca : a0       	MOV	@R0,A
02cb : 23 f1    	MOV	A,#f1H ;241
02cd : 4a       	ORL	A,R2
02ce : 59       	ANL	A,R1
02cf : 3a       	OUTL	P2,A
02d0 : 44 db    	JMP	02dbH
02d2 : 53 0c    	ANL	A,#0cH ;12
02d4 : 40       	ORL	A,R0
02d5 : a0       	MOV	@R0,A
02d6 : 23 0e    	MOV	A,#0eH ;14
02d8 : 5a       	ANL	A,R2
02d9 : 49       	ORL	A,R1
02da : 3a       	OUTL	P2,A
02db : b8 20    	MOV	R0,#20H ;32
02dd : f0       	MOV	A,@R0
02de : 12 e4    	JB0	02e4H
02e0 : 9a ef    	ANL	P2,#efH ;239
02e2 : 04 32    	JMP	0032H
02e4 : 8a 10    	ORL	P2,#10H ;16
02e6 : 04 32    	JMP	0032H
02e8 : a3       	MOV	@R3,A
02e9 : 83       	RET
02ea : 00       	NOP
02eb : 00       	NOP
02ec : 00       	NOP
02ed : 00       	NOP
02ee : 00       	NOP
02ef : 00       	NOP
02f0 : 00       	NOP
02f1 : 00       	NOP
02f2 : 00       	NOP
02f3 : 00       	NOP
02f4 : 00       	NOP
02f5 : 00       	NOP
02f6 : 00       	NOP
02f7 : 00       	NOP
02f8 : 00       	NOP
02f9 : 00       	NOP
02fa : 00       	NOP
02fb : 00       	NOP
02fc : 00       	NOP
02fd : 00       	NOP
02fe : 00       	NOP
02ff : 00       	NOP
0300 : ff       	MOV	A,R7
0301 : 43 41    	ORL	A,#41H ;65
0303 : 3f       	MOVD	P3,A
0304 : 3d       	MOVD	P1,A
0305 : 3b       	OUTL	P3,A
0306 : 3c       	MOVD	P0,A
0307 : 58       	ANL	A,R0
0308 : 64 44    	JMP	0344H
030a : 42       	MOV	A,T
030b : 40       	ORL	A,R0
030c : 3e       	MOVD	P2,A
030d : 0f       	MOVD	A,P3
030e : 29       	XCH	A,R1
030f : 59       	ANL	A,R1
0310 : 65       	STOP	TCNT	
0311 : 38       	OUTL	P0,A
0312 : 2a       	XCH	A,R2
0313 : 70       	ADDC	A,R0
0314 : 1d       	INC	R5
0315 : 10       	INC	@R0
0316 : 02       	OUT	DBB,A
0317 : 5a       	ANL	A,R2
0318 : 66       	DB	66
0319 : 71       	ADDC	A,R1
031a : 2c       	XCH	A,R4
031b : 1f       	INC	R7
031c : 1e       	INC	R6
031d : 11       	INC	@R1
031e : 03 5b    	ADD	A,#5bH ;91
0320 : 67       	RRC	A
0321 : 2e       	XCH	A,R6
0322 : 2d       	XCH	A,R5
0323 : 20       	XCH	A,@R0
0324 : 12 05    	JB0	0305H
0326 : 04 5c    	JMP	005cH
0328 : 68       	ADD	A,R0
0329 : 39       	OUTL	P1,A
032a : 2f       	XCH	A,R7
032b : 21       	XCH	A,@R1
032c : 14 13    	CALL	0013H
032e : 06       	DB	06
032f : 5d       	ANL	A,R5
0330 : 69       	ADD	A,R1
0331 : 31       	XCHD	A,@R1
0332 : 30       	XCHD	A,@R0
0333 : 23 22    	MOV	A,#22H ;34
0335 : 15       	DIS	I	
0336 : 07       	DEC	A
0337 : 5e       	ANL	A,R6
0338 : 6a       	ADD	A,R2
0339 : 72 32    	JB3	0332H
033b : 24 16    	JMP	0116H
033d : 08       	IN	A,P0
033e : 09       	IN	A,P1
033f : 5f       	ANL	A,R7
0340 : 6b       	ADD	A,R3
0341 : 33       	DB	33
0342 : 25       	EN	TCNTI	
0343 : 17       	INC	A
0344 : 18       	INC	R0
0345 : 0b       	IN	A,P3
0346 : 0a       	IN	A,P2
0347 : 60       	ADD	A,R0
0348 : 6c       	ADD	A,R4
0349 : 34 35    	CALL	0135H
034b : 26 27    	JNT0	0327H
034d : 19       	INC	R1
034e : 0c       	MOVD	A,P0
034f : 61       	ADD	A,R1
0350 : 6d       	ADD	A,R5
0351 : 73       	DB	73
0352 : 28       	XCH	A,R0
0353 : 74 1a    	CALL	031aH
0355 : 0d       	MOVD	A,P1
0356 : 62       	MOV	T,A
0357 : 6e       	ADD	A,R6
0358 : 3a       	OUTL	P2,A
0359 : 36 1c    	JT0	031cH
035b : 1b       	INC	R3
035c : 75       	DB	75
035d : 2b       	XCH	A,R3
035e : 63       	DB	63
035f : 76 55    	JF1	0355H
0361 : 56 77    	JT1	0377H
0363 : 78       	ADDC	A,R0
0364 : 79       	ADDC	A,R1
0365 : 7a       	ADDC	A,R2
0366 : 0e       	MOVD	A,P2
0367 : 7b       	ADDC	A,R3
0368 : 7c       	ADDC	A,R4
0369 : 4f       	ORL	A,R7
036a : 7d       	ADDC	A,R5
036b : 4b       	ORL	A,R3
036c : 47       	SWAP	A
036d : 7e       	ADDC	A,R6
036e : 7f       	ADDC	A,R7
036f : 6f       	ADD	A,R7
0370 : 52 53    	JB2	0353H
0372 : 50       	ANL	A,R0
0373 : 4c       	ORL	A,R4
0374 : 4d       	ORL	A,R5
0375 : 48       	ORL	A,R0
0376 : 01       	HALT
0377 : 45       	STRT	TCNT	
0378 : 57       	DA	A
0379 : 4e       	ORL	A,R6
037a : 51       	ANL	A,R1
037b : 4a       	ORL	A,R2
037c : 37       	CPL	A
037d : 49       	ORL	A,R1
037e : 46 54    	JNT1	0354H
0380 : fa       	MOV	A,R2
0381 : d3 f0    	XRL	A,#f0H ;240
0383 : 96 8a    	JNZ	038aH
0385 : b8 42    	MOV	R0,#42H ;66
0387 : b0 01    	MOV	@R0,#01H ;1
0389 : 83       	RET
038a : fa       	MOV	A,R2
038b : 96 93    	JNZ	0393H
038d : b8 42    	MOV	R0,#42H ;66
038f : b0 00    	MOV	@R0,#00H ;0
0391 : 64 b0    	JMP	03b0H
0393 : b9 7f    	MOV	R1,#7fH ;127
0395 : 37       	CPL	A
0396 : 17       	INC	A
0397 : 69       	ADD	A,R1
0398 : c6 b0    	JZ	03b0H
039a : f6 b0    	JC	03b0H
039c : 23 83    	MOV	A,#83H ;131
039e : da       	XRL	A,R2
039f : 96 a6    	JNZ	03a6H
03a1 : 23 41    	MOV	A,#41H ;65
03a3 : 74 dd    	CALL	03ddH
03a5 : 83       	RET
03a6 : 23 84    	MOV	A,#84H ;132
03a8 : da       	XRL	A,R2
03a9 : 96 af    	JNZ	03afH
03ab : 23 54    	MOV	A,#54H ;84
03ad : 74 dd    	CALL	03ddH
03af : 83       	RET
03b0 : fa       	MOV	A,R2
03b1 : e3       	MOVP3	A,@A
03b2 : 74 dd    	CALL	03ddH
03b4 : 83       	RET
03b5 : d5       	SEL	RB1	
03b6 : 28       	XCH	A,R0
03b7 : c5       	SEL	RB0	
03b8 : fe       	MOV	A,R6
03b9 : d5       	SEL	RB1	
03ba : 96 c5    	JNZ	03c5H
03bc : 28       	XCH	A,R0
03bd : ea c4    	DJNZ	R2,03c4H
03bf : b9 02    	MOV	R1,#02H ;2
03c1 : c5       	SEL	RB0	
03c2 : 64 d1    	JMP	03d1H
03c4 : 93       	RETR
03c5 : 32 cd    	JB1	03cdH
03c7 : 28       	XCH	A,R0
03c8 : b9 01    	MOV	R1,#01H ;1
03ca : c5       	SEL	RB0	
03cb : 64 d1    	JMP	03d1H
03cd : 28       	XCH	A,R0
03ce : b9 04    	MOV	R1,#04H ;4
03d0 : c5       	SEL	RB0	
03d1 : 74 dc    	CALL	03dcH
03d3 : 8a 80    	ORL	P2,#80H ;128
03d5 : 8a 40    	ORL	P2,#40H ;64
03d7 : 23 20    	MOV	A,#20H ;32
03d9 : d7       	MOV	PSW,A
03da : 44 43    	JMP	0243H
03dc : 93       	RETR
03dd : aa       	MOV	R2,A
03de : b8 42    	MOV	R0,#42H ;66
03e0 : f0       	MOV	A,@R0
03e1 : 96 e4    	JNZ	03e4H
03e3 : 83       	RET
03e4 : fa       	MOV	A,R2
03e5 : 03 80    	ADD	A,#80H ;128
03e7 : b0 00    	MOV	@R0,#00H ;0
03e9 : aa       	MOV	R2,A
03ea : 83       	RET
03eb : a3       	MOV	@R3,A
03ec : 83       	RET
03ed : 00       	NOP
03ee : 00       	NOP
03ef : 00       	NOP
03f0 : 00       	NOP
03f1 : 00       	NOP
03f2 : 00       	NOP
03f3 : 00       	NOP
03f4 : 00       	NOP
03f5 : 00       	NOP
03f6 : 00       	NOP
03f7 : 00       	NOP
03f8 : 00       	NOP
03f9 : 00       	NOP
03fa : 00       	NOP
03fb : 00       	NOP
03fc : 00       	NOP
03fd : 00       	NOP
03fe : 00       	NOP
03ff : 00       	NOP
0400 : 23 e0    	MOV	A,#e0H ;224
0402 : da       	XRL	A,R2
0403 : c6 07    	JZ	0407H
0405 : 44 c0    	JMP	02c0H
0407 : 23 00    	MOV	A,#00H ;0
0409 : 26 0d    	JNT0	040dH
040b : 23 01    	MOV	A,#01H ;1
040d : 46 11    	JNT1	0411H
040f : 03 02    	ADD	A,#02H ;2
0411 : f4 9c    	CALL	079cH
0413 : 04 32    	JMP	0032H
0415 : b8 3e    	MOV	R0,#3eH ;62
0417 : b0 0f    	MOV	@R0,#0fH ;15
0419 : be 00    	MOV	R6,#00H ;0
041b : d5       	SEL	RB1	
041c : ba 65    	MOV	R2,#65H ;101
041e : bc 5a    	MOV	R4,#5aH ;90
0420 : fc       	MOV	A,R4
0421 : 62       	MOV	T,A
0422 : 55       	STRT	T	
0423 : fa       	MOV	A,R2
0424 : d3 01    	XRL	A,#01H ;1
0426 : 96 23    	JNZ	0423H
0428 : ba 65    	MOV	R2,#65H ;101
042a : 9a 3f    	ANL	P2,#3fH ;63
042c : 8a 80    	ORL	P2,#80H ;128
042e : fa       	MOV	A,R2
042f : d3 01    	XRL	A,#01H ;1
0431 : c6 67    	JZ	0467H
0433 : 36 2e    	JT0	042eH
0435 : 65       	STOP	TCNT	
0436 : bc de    	MOV	R4,#deH ;222
0438 : fc       	MOV	A,R4
0439 : c5       	SEL	RB0	
043a : be 01    	MOV	R6,#01H ;1
043c : 62       	MOV	T,A
043d : 55       	STRT	T	
043e : 27       	CLR	A
043f : bd 09    	MOV	R5,#09H ;9
0441 : 26 41    	JNT0	0441H
0443 : 97       	CLR	C	
0444 : 56 4c    	JT1	044cH
0446 : 36 44    	JT0	0444H
0448 : 84 4f    	JMP	044fH
044a : 46 46    	JNT1	0446H
044c : 36 4a    	JT0	044aH
044e : a7       	MOV	@R7,A
044f : 67       	RRC	A
0450 : ed 41    	DJNZ	R5,0441H
0452 : 9a 7f    	ANL	P2,#7fH ;127
0454 : 65       	STOP	TCNT	
0455 : b0 00    	MOV	@R0,#00H ;0
0457 : d3 aa    	XRL	A,#aaH ;170
0459 : 96 5f    	JNZ	045fH
045b : e6 5f    	JNC	045fH
045d : 84 6a    	JMP	046aH
045f : b0 01    	MOV	@R0,#01H ;1
0461 : d3 7f    	XRL	A,#7fH ;127
0463 : c6 67    	JZ	0467H
0465 : b0 05    	MOV	@R0,#05H ;5
0467 : c5       	SEL	RB0	
0468 : 8a c0    	ORL	P2,#c0H ;192
046a : 65       	STOP	TCNT	
046b : 83       	RET
046c : bc 00    	MOV	R4,#00H ;0
046e : ba d9    	MOV	R2,#d9H ;217
0470 : fa       	MOV	A,R2
0471 : 14 d8    	CALL	00d8H
0473 : 6c       	ADD	A,R4
0474 : ac       	MOV	R4,A
0475 : ca       	DEC	R2
0476 : fa       	MOV	A,R2
0477 : d3 ff    	XRL	A,#ffH ;255
0479 : c6 7d    	JZ	047dH
047b : 84 70    	JMP	0470H
047d : ba e6    	MOV	R2,#e6H ;230
047f : fa       	MOV	A,R2
0480 : 34 e5    	CALL	01e5H
0482 : 6c       	ADD	A,R4
0483 : ac       	MOV	R4,A
0484 : ea 7f    	DJNZ	R2,047fH
0486 : ba e9    	MOV	R2,#e9H ;233
0488 : fa       	MOV	A,R2
0489 : 54 e8    	CALL	02e8H
048b : 6c       	ADD	A,R4
048c : ac       	MOV	R4,A
048d : ca       	DEC	R2
048e : fa       	MOV	A,R2
048f : d3 ff    	XRL	A,#ffH ;255
0491 : c6 95    	JZ	0495H
0493 : 84 88    	JMP	0488H
0495 : ba ec    	MOV	R2,#ecH ;236
0497 : fa       	MOV	A,R2
0498 : 74 eb    	CALL	03ebH
049a : 6c       	ADD	A,R4
049b : ac       	MOV	R4,A
049c : ca       	DEC	R2
049d : fa       	MOV	A,R2
049e : d3 ff    	XRL	A,#ffH ;255
04a0 : c6 a4    	JZ	04a4H
04a2 : 84 97    	JMP	0497H
04a4 : ba f9    	MOV	R2,#f9H ;249
04a6 : fa       	MOV	A,R2
04a7 : 94 f8    	CALL	04f8H
04a9 : 6c       	ADD	A,R4
04aa : ac       	MOV	R4,A
04ab : ca       	DEC	R2
04ac : fa       	MOV	A,R2
04ad : d3 ff    	XRL	A,#ffH ;255
04af : c6 b3    	JZ	04b3H
04b1 : 84 a6    	JMP	04a6H
04b3 : ba cb    	MOV	R2,#cbH ;203
04b5 : fa       	MOV	A,R2
04b6 : b4 ca    	CALL	05caH
04b8 : 6c       	ADD	A,R4
04b9 : ac       	MOV	R4,A
04ba : ca       	DEC	R2
04bb : fa       	MOV	A,R2
04bc : d3 ff    	XRL	A,#ffH ;255
04be : c6 c2    	JZ	04c2H
04c0 : 84 b5    	JMP	04b5H
04c2 : ba db    	MOV	R2,#dbH ;219
04c4 : fa       	MOV	A,R2
04c5 : d4 da    	CALL	06daH
04c7 : 6c       	ADD	A,R4
04c8 : ac       	MOV	R4,A
04c9 : ca       	DEC	R2
04ca : fa       	MOV	A,R2
04cb : d3 ff    	XRL	A,#ffH ;255
04cd : c6 d1    	JZ	04d1H
04cf : 84 c4    	JMP	04c4H
04d1 : ba b3    	MOV	R2,#b3H ;179
04d3 : fa       	MOV	A,R2
04d4 : f4 b2    	CALL	07b2H
04d6 : 6c       	ADD	A,R4
04d7 : ac       	MOV	R4,A
04d8 : ca       	DEC	R2
04d9 : fa       	MOV	A,R2
04da : d3 ff    	XRL	A,#ffH ;255
04dc : c6 e0    	JZ	04e0H
04de : 84 d3    	JMP	04d3H
04e0 : 83       	RET
04e1 : 94 6c    	CALL	046cH
04e3 : 34 01    	CALL	0101H
04e5 : 6c       	ADD	A,R4
04e6 : 96 ec    	JNZ	04ecH
04e8 : 23 55    	MOV	A,#55H ;85
04ea : 84 ee    	JMP	04eeH
04ec : 23 ff    	MOV	A,#ffH ;255
04ee : f4 9c    	CALL	079cH
04f0 : 23 c3    	MOV	A,#c3H ;195
04f2 : b8 43    	MOV	R0,#43H ;67
04f4 : 40       	ORL	A,R0
04f5 : 3a       	OUTL	P2,A
04f6 : 04 22    	JMP	0022H
04f8 : a3       	MOV	@R3,A
04f9 : 83       	RET
04fa : 00       	NOP
04fb : 00       	NOP
04fc : 00       	NOP
04fd : 00       	NOP
04fe : 00       	NOP
04ff : 00       	NOP
0500 : fa       	MOV	A,R2
0501 : 53 0f    	ANL	A,#0fH ;15
0503 : 03 06    	ADD	A,#06H ;6
0505 : b3       	JMPP	@A
0506 : 18       	INC	R0
0507 : 1b       	INC	R3
0508 : 1b       	INC	R3
0509 : 71       	ADDC	A,R1
050a : 59       	ANL	A,R1
050b : 1d       	INC	R5
050c : 41       	ORL	A,R1
050d : 9e       	ANLD	P2,A
050e : a9       	MOV	R1,A
050f : 1b       	INC	R3
0510 : 1b       	INC	R3
0511 : 1b       	INC	R3
0512 : 1b       	INC	R3
0513 : 1b       	INC	R3
0514 : 1b       	INC	R3
0515 : 1b       	INC	R3
0516 : a4 18    	JMP	0518H
0518 : 09       	IN	A,P1
0519 : f4 9c    	CALL	079cH
051b : 04 32    	JMP	0032H
051d : d6 1d    	JNIBF	051dH
051f : 76 3f    	JF1	053fH
0521 : 22       	IN	A,DBB
0522 : aa       	MOV	R2,A
0523 : 9a fe    	ANL	P2,#feH ;254
0525 : 09       	IN	A,P1
0526 : a9       	MOV	R1,A
0527 : 23 0f    	MOV	A,#0fH ;15
0529 : 5a       	ANL	A,R2
052a : 49       	ORL	A,R1
052b : a9       	MOV	R1,A
052c : fa       	MOV	A,R2
052d : 47       	SWAP	A
052e : 37       	CPL	A
052f : 43 f0    	ORL	A,#f0H ;240
0531 : 59       	ANL	A,R1
0532 : 39       	OUTL	P1,A
0533 : 9a fe    	ANL	P2,#feH ;254
0535 : 00       	NOP
0536 : 00       	NOP
0537 : 8a 02    	ORL	P2,#02H ;2
0539 : 00       	NOP
053a : 00       	NOP
053b : 8a 01    	ORL	P2,#01H ;1
053d : 04 32    	JMP	0032H
053f : 04 bc    	JMP	00bcH
0541 : d6 41    	JNIBF	0541H
0543 : 76 3f    	JF1	053fH
0545 : 22       	IN	A,DBB
0546 : aa       	MOV	R2,A
0547 : 9a fe    	ANL	P2,#feH ;254
0549 : 09       	IN	A,P1
054a : a9       	MOV	R1,A
054b : fa       	MOV	A,R2
054c : 47       	SWAP	A
054d : 53 f0    	ANL	A,#f0H ;240
054f : 49       	ORL	A,R1
0550 : a9       	MOV	R1,A
0551 : fa       	MOV	A,R2
0552 : 37       	CPL	A
0553 : 43 0f    	ORL	A,#0fH ;15
0555 : 59       	ANL	A,R1
0556 : 39       	OUTL	P1,A
0557 : a4 37    	JMP	0537H
0559 : d6 59    	JNIBF	0559H
055b : 76 3f    	JF1	053fH
055d : 22       	IN	A,DBB
055e : aa       	MOV	R2,A
055f : 9a fe    	ANL	P2,#feH ;254
0561 : 0a       	IN	A,P2
0562 : a9       	MOV	R1,A
0563 : fa       	MOV	A,R2
0564 : 47       	SWAP	A
0565 : 53 f0    	ANL	A,#f0H ;240
0567 : 49       	ORL	A,R1
0568 : a9       	MOV	R1,A
0569 : fa       	MOV	A,R2
056a : 37       	CPL	A
056b : 43 0f    	ORL	A,#0fH ;15
056d : 59       	ANL	A,R1
056e : 3a       	OUTL	P2,A
056f : a4 96    	JMP	0596H
0571 : d6 71    	JNIBF	0571H
0573 : 76 3f    	JF1	053fH
0575 : 22       	IN	A,DBB
0576 : aa       	MOV	R2,A
0577 : 9a fe    	ANL	P2,#feH ;254
0579 : b8 43    	MOV	R0,#43H ;67
057b : 53 0c    	ANL	A,#0cH ;12
057d : 40       	ORL	A,R0
057e : a0       	MOV	@R0,A
057f : fa       	MOV	A,R2
0580 : 47       	SWAP	A
0581 : 37       	CPL	A
0582 : 53 0c    	ANL	A,#0cH ;12
0584 : 50       	ANL	A,R0
0585 : a0       	MOV	@R0,A
0586 : 0a       	IN	A,P2
0587 : a9       	MOV	R1,A
0588 : 23 0e    	MOV	A,#0eH ;14
058a : 5a       	ANL	A,R2
058b : 49       	ORL	A,R1
058c : a9       	MOV	R1,A
058d : fa       	MOV	A,R2
058e : 47       	SWAP	A
058f : 37       	CPL	A
0590 : 43 f1    	ORL	A,#f1H ;241
0592 : 59       	ANL	A,R1
0593 : 3a       	OUTL	P2,A
0594 : 00       	NOP
0595 : 00       	NOP
0596 : 8a 02    	ORL	P2,#02H ;2
0598 : 00       	NOP
0599 : 00       	NOP
059a : 8a 01    	ORL	P2,#01H ;1
059c : 04 32    	JMP	0032H
059e : d6 9e    	JNIBF	059eH
05a0 : 76 3f    	JF1	053fH
05a2 : 22       	IN	A,DBB
05a3 : aa       	MOV	R2,A
05a4 : 09       	IN	A,P1
05a5 : 4a       	ORL	A,R2
05a6 : 39       	OUTL	P1,A
05a7 : 04 32    	JMP	0032H
05a9 : d6 a9    	JNIBF	05a9H
05ab : 76 3f    	JF1	053fH
05ad : 22       	IN	A,DBB
05ae : 37       	CPL	A
05af : aa       	MOV	R2,A
05b0 : 09       	IN	A,P1
05b1 : 5a       	ANL	A,R2
05b2 : 39       	OUTL	P1,A
05b3 : 04 32    	JMP	0032H
05b5 : f8       	MOV	A,R0
05b6 : 92 ba    	JB4	05baH
05b8 : a4 ba    	JMP	05baH
05ba : 85       	CLR	F0	
05bb : 52 bf    	JB2	05bfH
05bd : a4 c0    	JMP	05c0H
05bf : 95       	CPL	F0	
05c0 : 12 c6    	JB0	05c6H
05c2 : 9a ef    	ANL	P2,#efH ;239
05c4 : a4 c8    	JMP	05c8H
05c6 : 8a 10    	ORL	P2,#10H ;16
05c8 : 04 32    	JMP	0032H
05ca : a3       	MOV	@R3,A
05cb : 83       	RET
05cc : 00       	NOP
05cd : 00       	NOP
05ce : 00       	NOP
05cf : 00       	NOP
05d0 : 00       	NOP
05d1 : 00       	NOP
05d2 : 00       	NOP
05d3 : 00       	NOP
05d4 : 00       	NOP
05d5 : 00       	NOP
05d6 : 00       	NOP
05d7 : 00       	NOP
05d8 : 00       	NOP
05d9 : 00       	NOP
05da : 00       	NOP
05db : 00       	NOP
05dc : 00       	NOP
05dd : 00       	NOP
05de : 00       	NOP
05df : 00       	NOP
05e0 : 00       	NOP
05e1 : 00       	NOP
05e2 : 00       	NOP
05e3 : 00       	NOP
05e4 : 00       	NOP
05e5 : 00       	NOP
05e6 : 00       	NOP
05e7 : 00       	NOP
05e8 : 00       	NOP
05e9 : 00       	NOP
05ea : 00       	NOP
05eb : 00       	NOP
05ec : 00       	NOP
05ed : 00       	NOP
05ee : 00       	NOP
05ef : 00       	NOP
05f0 : 00       	NOP
05f1 : 00       	NOP
05f2 : 00       	NOP
05f3 : 00       	NOP
05f4 : 00       	NOP
05f5 : 00       	NOP
05f6 : 00       	NOP
05f7 : 00       	NOP
05f8 : 00       	NOP
05f9 : 00       	NOP
05fa : 00       	NOP
05fb : 00       	NOP
05fc : 00       	NOP
05fd : 00       	NOP
05fe : 00       	NOP
05ff : 00       	NOP
0600 : fa       	MOV	A,R2
0601 : 53 0f    	ANL	A,#0fH ;15
0603 : 03 06    	ADD	A,#06H ;6
0605 : b3       	JMPP	@A
0606 : 16 16    	JTF	0616H
0608 : 16 16    	JTF	0616H
060a : 16 16    	JTF	0616H
060c : 16 16    	JTF	0616H
060e : 18       	INC	R0
060f : 16 24    	JTF	0624H
0611 : 2b       	XCH	A,R3
0612 : 16 16    	JTF	0616H
0614 : 16 16    	JTF	0616H
0616 : 04 32    	JMP	0032H
0618 : d6 18    	JNIBF	0618H
061a : 76 22    	JF1	0622H
061c : 22       	IN	A,DBB
061d : d5       	SEL	RB1	
061e : a8       	MOV	R0,A
061f : c5       	SEL	RB0	
0620 : 04 32    	JMP	0032H
0622 : 04 bc    	JMP	00bcH
0624 : d5       	SEL	RB1	
0625 : f0       	MOV	A,@R0
0626 : c5       	SEL	RB0	
0627 : f4 9c    	CALL	079cH
0629 : 04 32    	JMP	0032H
062b : d6 2b    	JNIBF	062bH
062d : 76 22    	JF1	0622H
062f : 22       	IN	A,DBB
0630 : a9       	MOV	R1,A
0631 : d5       	SEL	RB1	
0632 : f8       	MOV	A,R0
0633 : c5       	SEL	RB0	
0634 : 53 7f    	ANL	A,#7fH ;127
0636 : 03 a0    	ADD	A,#a0H ;160
0638 : f6 40    	JC	0640H
063a : bb e0    	MOV	R3,#e0H ;224
063c : f4 1c    	CALL	071cH
063e : 04 32    	JMP	0032H
0640 : f9       	MOV	A,R1
0641 : d5       	SEL	RB1	
0642 : a0       	MOV	@R0,A
0643 : c5       	SEL	RB0	
0644 : 04 32    	JMP	0032H
0646 : f0       	MOV	A,@R0
0647 : f4 9c    	CALL	079cH
0649 : 18       	INC	R0
064a : e9 46    	DJNZ	R1,0646H
064c : 83       	RET
064d : b8 20    	MOV	R0,#20H ;32
064f : f0       	MOV	A,@R0
0650 : 53 ef    	ANL	A,#efH ;239
0652 : a0       	MOV	@R0,A
0653 : fa       	MOV	A,R2
0654 : d3 ee    	XRL	A,#eeH ;238
0656 : c6 8f    	JZ	068fH
0658 : 23 ed    	MOV	A,#edH ;237
065a : da       	XRL	A,R2
065b : c6 82    	JZ	0682H
065d : fa       	MOV	A,R2
065e : 53 f0    	ANL	A,#f0H ;240
0660 : d3 f0    	XRL	A,#f0H ;240
0662 : 96 7c    	JNZ	067cH
0664 : fa       	MOV	A,R2
0665 : 53 0f    	ANL	A,#0fH ;15
0667 : 03 6c    	ADD	A,#6cH ;108
0669 : b3       	JMPP	@A
066a : 04 32    	JMP	0032H
066c : 7c       	ADDC	A,R4
066d : 7c       	ADDC	A,R4
066e : 7c       	ADDC	A,R4
066f : 82       	STOP	Z	
0670 : 95       	CPL	F0	
0671 : a1       	MOV	@R1,A
0672 : 7c       	ADDC	A,R4
0673 : 7c       	ADDC	A,R4
0674 : 7c       	ADDC	A,R4
0675 : 7c       	ADDC	A,R4
0676 : 7c       	ADDC	A,R4
0677 : 7c       	ADDC	A,R4
0678 : 7c       	ADDC	A,R4
0679 : 7c       	ADDC	A,R4
067a : ad       	MOV	R5,A
067b : b4 23    	CALL	0523H
067d : fa       	MOV	A,R2
067e : f4 9c    	CALL	079cH
0680 : c4 6a    	JMP	066aH
0682 : 23 fa    	MOV	A,#faH ;250
0684 : f4 9c    	CALL	079cH
0686 : d6 86    	JNIBF	0686H
0688 : 22       	IN	A,DBB
0689 : 23 fa    	MOV	A,#faH ;250
068b : f4 9c    	CALL	079cH
068d : c4 6a    	JMP	066aH
068f : 23 ee    	MOV	A,#eeH ;238
0691 : f4 9c    	CALL	079cH
0693 : c4 6a    	JMP	066aH
0695 : b8 3e    	MOV	R0,#3eH ;62
0697 : f0       	MOV	A,@R0
0698 : 53 fd    	ANL	A,#fdH ;253
069a : a0       	MOV	@R0,A
069b : 23 fa    	MOV	A,#faH ;250
069d : f4 9c    	CALL	079cH
069f : c4 6a    	JMP	066aH
06a1 : b8 3e    	MOV	R0,#3eH ;62
06a3 : f0       	MOV	A,@R0
06a4 : 43 02    	ORL	A,#02H ;2
06a6 : a0       	MOV	@R0,A
06a7 : 23 fa    	MOV	A,#faH ;250
06a9 : f4 9c    	CALL	079cH
06ab : c4 6a    	JMP	066aH
06ad : b8 3f    	MOV	R0,#3fH ;63
06af : f0       	MOV	A,@R0
06b0 : f4 9c    	CALL	079cH
06b2 : c4 6a    	JMP	066aH
06b4 : 8a c0    	ORL	P2,#c0H ;192
06b6 : b8 3e    	MOV	R0,#3eH ;62
06b8 : f0       	MOV	A,@R0
06b9 : 53 fd    	ANL	A,#fdH ;253
06bb : a0       	MOV	@R0,A
06bc : be 00    	MOV	R6,#00H ;0
06be : d5       	SEL	RB1	
06bf : ba 0c    	MOV	R2,#0cH ;12
06c1 : 23 de    	MOV	A,#deH ;222
06c3 : 62       	MOV	T,A
06c4 : 55       	STRT	T	
06c5 : fa       	MOV	A,R2
06c6 : d3 02    	XRL	A,#02H ;2
06c8 : 96 c5    	JNZ	06c5H
06ca : 65       	STOP	TCNT	
06cb : c5       	SEL	RB0	
06cc : 9a 3f    	ANL	P2,#3fH ;63
06ce : 8a 80    	ORL	P2,#80H ;128
06d0 : 23 fa    	MOV	A,#faH ;250
06d2 : f4 9c    	CALL	079cH
06d4 : b8 40    	MOV	R0,#40H ;64
06d6 : b0 07    	MOV	@R0,#07H ;7
06d8 : c4 6a    	JMP	066aH
06da : a3       	MOV	@R3,A
06db : 83       	RET
06dc : 00       	NOP
06dd : 00       	NOP
06de : 00       	NOP
06df : 00       	NOP
06e0 : 00       	NOP
06e1 : 00       	NOP
06e2 : 00       	NOP
06e3 : 00       	NOP
06e4 : 00       	NOP
06e5 : 00       	NOP
06e6 : 00       	NOP
06e7 : 00       	NOP
06e8 : 00       	NOP
06e9 : 00       	NOP
06ea : 00       	NOP
06eb : 00       	NOP
06ec : 00       	NOP
06ed : 00       	NOP
06ee : 00       	NOP
06ef : 00       	NOP
06f0 : 00       	NOP
06f1 : 00       	NOP
06f2 : 00       	NOP
06f3 : 00       	NOP
06f4 : 00       	NOP
06f5 : 00       	NOP
06f6 : 00       	NOP
06f7 : 00       	NOP
06f8 : 00       	NOP
06f9 : 00       	NOP
06fa : 00       	NOP
06fb : 00       	NOP
06fc : 00       	NOP
06fd : 00       	NOP
06fe : 00       	NOP
06ff : 00       	NOP
0700 : fa       	MOV	A,R2
0701 : a8       	MOV	R0,A
0702 : f0       	MOV	A,@R0
0703 : f4 9c    	CALL	079cH
0705 : 04 32    	JMP	0032H
0707 : fa       	MOV	A,R2
0708 : 53 3f    	ANL	A,#3fH ;63
070a : a8       	MOV	R0,A
070b : d6 0b    	JNIBF	070bH
070d : 76 1a    	JF1	071aH
070f : 22       	IN	A,DBB
0710 : a0       	MOV	@R0,A
0711 : 28       	XCH	A,R0
0712 : d3 20    	XRL	A,#20H ;32
0714 : 96 18    	JNZ	0718H
0716 : a4 b5    	JMP	05b5H
0718 : 04 32    	JMP	0032H
071a : 04 bc    	JMP	00bcH
071c : ff       	MOV	A,R7
071d : 4b       	ORL	A,R3
071e : 90       	MOV	STS,A
071f : af       	MOV	R7,A
0720 : 83       	RET
0721 : ff       	MOV	A,R7
0722 : 5b       	ANL	A,R3
0723 : 90       	MOV	STS,A
0724 : af       	MOV	R7,A
0725 : 83       	RET
0726 : d6 2a    	JNIBF	072aH
0728 : 04 b0    	JMP	00b0H
072a : 86 26    	JOBF	0726H
072c : b8 3e    	MOV	R0,#3eH ;62
072e : f0       	MOV	A,@R0
072f : 32 26    	JB1	0726H
0731 : 9a bf    	ANL	P2,#bfH ;191
0733 : 8a 80    	ORL	P2,#80H ;128
0735 : 36 26    	JT0	0726H
0737 : be 01    	MOV	R6,#01H ;1
0739 : 23 bd    	MOV	A,#bdH ;189
073b : 62       	MOV	T,A
073c : 55       	STRT	T	
073d : 27       	CLR	A
073e : bd 09    	MOV	R5,#09H ;9
0740 : 26 40    	JNT0	0740H
0742 : 97       	CLR	C	
0743 : 56 4b    	JT1	074bH
0745 : 36 43    	JT0	0743H
0747 : e4 4e    	JMP	074eH
0749 : 46 45    	JNT1	0745H
074b : 36 49    	JT0	0749H
074d : a7       	MOV	@R7,A
074e : 67       	RRC	A
074f : ed 40    	DJNZ	R5,0740H
0751 : 9a 7f    	ANL	P2,#7fH ;127
0753 : 65       	STOP	TCNT	
0754 : aa       	MOV	R2,A
0755 : b8 40    	MOV	R0,#40H ;64
0757 : d3 38    	XRL	A,#38H ;56
0759 : 96 5f    	JNZ	075fH
075b : f0       	MOV	A,@R0
075c : 53 fe    	ANL	A,#feH ;254
075e : a0       	MOV	@R0,A
075f : d3 80    	XRL	A,#80H ;128
0761 : 96 66    	JNZ	0766H
0763 : f0       	MOV	A,@R0
0764 : 12 89    	JB0	0789H
0766 : d3 a5    	XRL	A,#a5H ;165
0768 : 96 6e    	JNZ	076eH
076a : f0       	MOV	A,@R0
076b : 53 fd    	ANL	A,#fdH ;253
076d : a0       	MOV	@R0,A
076e : d3 80    	XRL	A,#80H ;128
0770 : 96 75    	JNZ	0775H
0772 : f0       	MOV	A,@R0
0773 : 32 89    	JB1	0789H
0775 : d3 ce    	XRL	A,#ceH ;206
0777 : 96 7d    	JNZ	077dH
0779 : f0       	MOV	A,@R0
077a : 53 fb    	ANL	A,#fbH ;251
077c : a0       	MOV	@R0,A
077d : d3 80    	XRL	A,#80H ;128
077f : 96 84    	JNZ	0784H
0781 : f0       	MOV	A,@R0
0782 : 52 89    	JB2	0789H
0784 : f4 21    	CALL	0721H
0786 : fa       	MOV	A,R2
0787 : f4 8d    	CALL	078dH
0789 : be 01    	MOV	R6,#01H ;1
078b : 04 32    	JMP	0032H
078d : a9       	MOV	R1,A
078e : 09       	IN	A,P1
078f : f2 a6    	JB7	07a6H
0791 : bb ef    	MOV	R3,#efH ;239
0793 : f4 21    	CALL	0721H
0795 : b8 20    	MOV	R0,#20H ;32
0797 : f0       	MOV	A,@R0
0798 : 72 aa    	JB3	07aaH
079a : e4 b1    	JMP	07b1H
079c : a9       	MOV	R1,A
079d : 09       	IN	A,P1
079e : f2 a6    	JB7	07a6H
07a0 : bb ef    	MOV	R3,#efH ;239
07a2 : f4 21    	CALL	0721H
07a4 : e4 aa    	JMP	07aaH
07a6 : bb 10    	MOV	R3,#10H ;16
07a8 : f4 1c    	CALL	071cH
07aa : f9       	MOV	A,R1
07ab : 02       	OUT	DBB,A
07ac : d6 af    	JNIBF	07afH
07ae : 83       	RET
07af : 86 ac    	JOBF	07acH
07b1 : 83       	RET
07b2 : a3       	MOV	@R3,A
07b3 : 83       	RET
07b4 : 00       	NOP
07b5 : 00       	NOP
07b6 : 00       	NOP
07b7 : 00       	NOP
07b8 : 00       	NOP
07b9 : 00       	NOP
07ba : 00       	NOP
07bb : 00       	NOP
07bc : 00       	NOP
07bd : 00       	NOP
07be : 00       	NOP
07bf : 00       	NOP
07c0 : 00       	NOP
07c1 : 00       	NOP
07c2 : 00       	NOP
07c3 : 00       	NOP
07c4 : 00       	NOP
07c5 : 00       	NOP
07c6 : 00       	NOP
07c7 : 00       	NOP
07c8 : 00       	NOP
07c9 : 00       	NOP
07ca : 00       	NOP
07cb : 00       	NOP
07cc : 00       	NOP
07cd : 00       	NOP
07ce : 00       	NOP
07cf : 00       	NOP
07d0 : 00       	NOP
07d1 : 00       	NOP
07d2 : 00       	NOP
07d3 : 00       	NOP
07d4 : 00       	NOP
07d5 : 00       	NOP
07d6 : 00       	NOP
07d7 : 00       	NOP
07d8 : 00       	NOP
07d9 : 00       	NOP
07da : 00       	NOP
07db : 00       	NOP
07dc : 00       	NOP
07dd : 00       	NOP
07de : 00       	NOP
07df : 00       	NOP
07e0 : 00       	NOP
07e1 : 00       	NOP
07e2 : 00       	NOP
07e3 : 00       	NOP
07e4 : 00       	NOP
07e5 : 00       	NOP
07e6 : 00       	NOP
07e7 : 00       	NOP
07e8 : 00       	NOP
07e9 : 00       	NOP
07ea : 00       	NOP
07eb : 00       	NOP
07ec : 00       	NOP
07ed : 00       	NOP
07ee : 00       	NOP
07ef : 00       	NOP
07f0 : 00       	NOP
07f1 : 00       	NOP
07f2 : 00       	NOP
07f3 : 00       	NOP
07f4 : 00       	NOP
07f5 : 00       	NOP
07f6 : 00       	NOP
07f7 : 00       	NOP
07f8 : 00       	NOP
07f9 : 00       	NOP
07fa : 00       	NOP
07fb : 00       	NOP
07fc : 00       	NOP
07fd : 00       	NOP
07fe : 00       	NOP
07ff : 00       	NOP
