0000 : 04 3f    	JMP	003fH
0002 : 00       	NOP
0003 : 04 f6    	JMP	00f6H
0005 : 00       	NOP
0006 : 00       	NOP
0007 : 04 db    	JMP	00dbH
0009 : 43 4f    	ORL	A,#4fH ;79
000b : 50       	ANL	A,R0
000c : 59       	ANL	A,R1
000d : 52 49    	JB2	0049H
000f : 47       	SWAP	A
0010 : 48       	ORL	A,R0
0011 : 54 20    	CALL	0220H
0013 : 28       	XCH	A,R0
0014 : 63       	DB	63
0015 : 29       	XCH	A,R1
0016 : 20       	XCH	A,@R0
0017 : 46 41    	JNT1	0041H
0019 : 52 41    	JB2	0041H
001b : 44 41    	JMP	0241H
001d : 59       	ANL	A,R1
001e : 20       	XCH	A,@R0
001f : 45       	STRT	TCNT	
0020 : 4c       	ORL	A,R4
0021 : 45       	STRT	TCNT	
0022 : 43 54    	ORL	A,#54H ;84
0024 : 52 4f    	JB2	004fH
0026 : 4e       	ORL	A,R6
0027 : 49       	ORL	A,R1
0028 : 43 53    	ORL	A,#53H ;83
002a : 2e       	XCH	A,R6
002b : 2e       	XCH	A,R6
002c : 2e       	XCH	A,R6
002d : 2e       	XCH	A,R6
002e : 20       	XCH	A,@R0
002f : 20       	XCH	A,@R0
0030 : 32 2f    	JB1	002fH
0032 : 31       	XCHD	A,@R1
0033 : 31       	XCHD	A,@R1
0034 : 2f       	XCH	A,R7
0035 : 38       	OUTL	P0,A
0036 : 35       	DIS	TCNTI	
0037 : 20       	XCH	A,@R0
0038 : 20       	XCH	A,@R0
0039 : 20       	XCH	A,@R0
003a : 20       	XCH	A,@R0
003b : 20       	XCH	A,@R0
003c : 52 4c    	JB2	004cH
003e : 4d       	ORL	A,R5
003f : 09       	IN	A,P1
0040 : 90       	MOV	STS,A
0041 : 23 03    	MOV	A,#03H ;3
0043 : 3a       	OUTL	P2,A
0044 : f5       	EN	FLAGS	
0045 : 23 10    	MOV	A,#10H ;16
0047 : 90       	MOV	STS,A
0048 : d6 48    	JNIBF	0048H
004a : 76 4e    	JF1	004eH
004c : 04 48    	JMP	0048H
004e : 22       	IN	A,DBB
004f : d3 aa    	XRL	A,#aaH ;170
0051 : 96 48    	JNZ	0048H
0053 : 23 00    	MOV	A,#00H ;0
0055 : c6 59    	JZ	0059H
0057 : 04 48    	JMP	0048H
0059 : 23 55    	MOV	A,#55H ;85
005b : a8       	MOV	R0,A
005c : a9       	MOV	R1,A
005d : aa       	MOV	R2,A
005e : ab       	MOV	R3,A
005f : ac       	MOV	R4,A
0060 : ad       	MOV	R5,A
0061 : ae       	MOV	R6,A
0062 : af       	MOV	R7,A
0063 : f8       	MOV	A,R0
0064 : d3 55    	XRL	A,#55H ;85
0066 : 96 8b    	JNZ	008bH
0068 : f9       	MOV	A,R1
0069 : d3 55    	XRL	A,#55H ;85
006b : 96 8b    	JNZ	008bH
006d : fa       	MOV	A,R2
006e : d3 55    	XRL	A,#55H ;85
0070 : 96 8b    	JNZ	008bH
0072 : fb       	MOV	A,R3
0073 : d3 55    	XRL	A,#55H ;85
0075 : 96 8b    	JNZ	008bH
0077 : fc       	MOV	A,R4
0078 : d3 55    	XRL	A,#55H ;85
007a : 96 8b    	JNZ	008bH
007c : fd       	MOV	A,R5
007d : d3 55    	XRL	A,#55H ;85
007f : 96 8b    	JNZ	008bH
0081 : fe       	MOV	A,R6
0082 : d3 55    	XRL	A,#55H ;85
0084 : 96 8b    	JNZ	008bH
0086 : ff       	MOV	A,R7
0087 : d3 55    	XRL	A,#55H ;85
0089 : c6 8d    	JZ	008dH
008b : 04 48    	JMP	0048H
008d : 27       	CLR	A
008e : b8 3f    	MOV	R0,#3fH ;63
0090 : b9 00    	MOV	R1,#00H ;0
0092 : a1       	MOV	@R1,A
0093 : 19       	INC	R1
0094 : e8 92    	DJNZ	R0,0092H
0096 : 23 60    	MOV	A,#60H ;96
0098 : 90       	MOV	STS,A
0099 : b9 20    	MOV	R1,#20H ;32
009b : b1 10    	MOV	@R1,#10H ;16
009d : 19       	INC	R1
009e : b1 01    	MOV	@R1,#01H ;1
00a0 : 19       	INC	R1
00a1 : b1 06    	MOV	@R1,#06H ;6
00a3 : b9 25    	MOV	R1,#25H ;37
00a5 : b1 01    	MOV	@R1,#01H ;1
00a7 : b9 27    	MOV	R1,#27H ;39
00a9 : b1 fb    	MOV	@R1,#fbH ;251
00ab : b9 28    	MOV	R1,#28H ;40
00ad : b1 e0    	MOV	@R1,#e0H ;224
00af : b9 29    	MOV	R1,#29H ;41
00b1 : b1 06    	MOV	@R1,#06H ;6
00b3 : b9 2a    	MOV	R1,#2aH ;42
00b5 : b1 10    	MOV	@R1,#10H ;16
00b7 : b9 2b    	MOV	R1,#2bH ;43
00b9 : b1 20    	MOV	@R1,#20H ;32
00bb : b9 2c    	MOV	R1,#2cH ;44
00bd : b1 15    	MOV	@R1,#15H ;21
00bf : 27       	CLR	A
00c0 : be 00    	MOV	R6,#00H ;0
00c2 : bf 55    	MOV	R7,#55H ;85
00c4 : 74 d6    	CALL	03d6H
00c6 : b9 2d    	MOV	R1,#2dH ;45
00c8 : 27       	CLR	A
00c9 : a1       	MOV	@R1,A
00ca : b9 3f    	MOV	R1,#3fH ;63
00cc : b1 40    	MOV	@R1,#40H ;64
00ce : b8 40    	MOV	R0,#40H ;64
00d0 : b0 00    	MOV	@R0,#00H ;0
00d2 : 18       	INC	R0
00d3 : e9 d0    	DJNZ	R1,00d0H
00d5 : 23 3f    	MOV	A,#3fH ;63
00d7 : 3a       	OUTL	P2,A
00d8 : 25       	EN	TCNTI	
00d9 : 24 00    	JMP	0100H
00db : 65       	STOP	TCNT	
00dc : af       	MOV	R7,A
00dd : 9a 7f    	ANL	P2,#7fH ;127
00df : c7       	MOV	A,PSW
00e0 : a9       	MOV	R1,A
00e1 : 53 07    	ANL	A,#07H ;7
00e3 : 07       	DEC	A
00e4 : aa       	MOV	R2,A
00e5 : f9       	MOV	A,R1
00e6 : 53 f8    	ANL	A,#f8H ;248
00e8 : 4a       	ORL	A,R2
00e9 : d7       	MOV	PSW,A
00ea : 09       	IN	A,P1
00eb : 72 f3    	JB3	00f3H
00ed : ce       	DEC	R6
00ee : 96 f3    	JNZ	00f3H
00f0 : 23 01    	MOV	A,#01H ;1
00f2 : 93       	RETR
00f3 : 23 40    	MOV	A,#40H ;64
00f5 : 93       	RETR
00f6 : 65       	STOP	TCNT	
00f7 : 15       	DIS	I	
00f8 : 24 00    	JMP	0100H
00fa : 00       	NOP
00fb : 00       	NOP
00fc : 00       	NOP
00fd : 00       	NOP
00fe : 00       	NOP
00ff : 00       	NOP
0100 : d6 06    	JNIBF	0106H
0102 : 76 0c    	JF1	010cH
0104 : 44 00    	JMP	0200H
0106 : 86 00    	JOBF	0100H
0108 : d6 0e    	JNIBF	010eH
010a : 24 00    	JMP	0100H
010c : 84 00    	JMP	0400H
010e : b9 20    	MOV	R1,#20H ;32
0110 : f1       	MOV	A,@R1
0111 : 92 00    	JB4	0100H
0113 : 09       	IN	A,P1
0114 : 37       	CPL	A
0115 : 72 8c    	JB3	018cH
0117 : b9 2e    	MOV	R1,#2eH ;46
0119 : f1       	MOV	A,@R1
011a : c6 22    	JZ	0122H
011c : 46 00    	JNT1	0100H
011e : 46 00    	JNT1	0100H
0120 : b1 00    	MOV	@R1,#00H ;0
0122 : 9a b3    	ANL	P2,#b3H ;179
0124 : 00       	NOP
0125 : 00       	NOP
0126 : 26 2e    	JNT0	012eH
0128 : d6 26    	JNIBF	0126H
012a : 54 78    	CALL	0278H
012c : 24 00    	JMP	0100H
012e : 26 34    	JNT0	0134H
0130 : 54 78    	CALL	0278H
0132 : 24 22    	JMP	0122H
0134 : 74 9a    	CALL	039aH
0136 : f2 47    	JB7	0147H
0138 : d2 4d    	JB6	014dH
013a : d4 00    	CALL	0600H
013c : b9 20    	MOV	R1,#20H ;32
013e : f1       	MOV	A,@R1
013f : d2 53    	JB6	0153H
0141 : be 00    	MOV	R6,#00H ;0
0143 : 74 d6    	CALL	03d6H
0145 : 24 00    	JMP	0100H
0147 : be 80    	MOV	R6,#80H ;128
0149 : bf 00    	MOV	R7,#00H ;0
014b : 24 3a    	JMP	013aH
014d : be 40    	MOV	R6,#40H ;64
014f : bf 00    	MOV	R7,#00H ;0
0151 : 24 3a    	JMP	013aH
0153 : ff       	MOV	A,R7
0154 : d3 f0    	XRL	A,#f0H ;240
0156 : 96 5e    	JNZ	015eH
0158 : b9 2d    	MOV	R1,#2dH ;45
015a : b1 80    	MOV	@R1,#80H ;128
015c : 24 00    	JMP	0100H
015e : ff       	MOV	A,R7
015f : d3 84    	XRL	A,#84H ;132
0161 : 96 67    	JNZ	0167H
0163 : bf 7f    	MOV	R7,#7fH ;127
0165 : 24 6e    	JMP	016eH
0167 : ff       	MOV	A,R7
0168 : d3 83    	XRL	A,#83H ;131
016a : 96 6e    	JNZ	016eH
016c : bf 02    	MOV	R7,#02H ;2
016e : ff       	MOV	A,R7
016f : f2 41    	JB7	0141H
0171 : b9 20    	MOV	R1,#20H ;32
0173 : 09       	IN	A,P1
0174 : f2 7f    	JB7	017fH
0176 : f1       	MOV	A,@R1
0177 : 72 7f    	JB3	017fH
0179 : b9 2d    	MOV	R1,#2dH ;45
017b : b1 00    	MOV	@R1,#00H ;0
017d : 24 00    	JMP	0100H
017f : ff       	MOV	A,R7
0180 : e3       	MOVP3	A,@A
0181 : af       	MOV	R7,A
0182 : b9 2d    	MOV	R1,#2dH ;45
0184 : f1       	MOV	A,@R1
0185 : 4f       	ORL	A,R7
0186 : af       	MOV	R7,A
0187 : b1 00    	MOV	@R1,#00H ;0
0189 : 27       	CLR	A
018a : 24 41    	JMP	0141H
018c : 9a bf    	ANL	P2,#bfH ;191
018e : 8a 80    	ORL	P2,#80H ;128
0190 : 36 96    	JT0	0196H
0192 : 36 8c    	JT0	018cH
0194 : 24 9c    	JMP	019cH
0196 : d6 8c    	JNIBF	018cH
0198 : c4 1c    	JMP	061cH
019a : 00       	NOP
019b : 00       	NOP
019c : 34 c0    	CALL	01c0H
019e : f2 b4    	JB7	01b4H
01a0 : d2 b8    	JB6	01b8H
01a2 : 09       	IN	A,P1
01a3 : f2 ae    	JB7	01aeH
01a5 : b9 20    	MOV	R1,#20H ;32
01a7 : f1       	MOV	A,@R1
01a8 : 72 ae    	JB3	01aeH
01aa : 9a 7f    	ANL	P2,#7fH ;127
01ac : 24 00    	JMP	0100H
01ae : be 00    	MOV	R6,#00H ;0
01b0 : 74 d6    	CALL	03d6H
01b2 : 00       	NOP
01b3 : 00       	NOP
01b4 : 9a 7f    	ANL	P2,#7fH ;127
01b6 : 24 00    	JMP	0100H
01b8 : be 40    	MOV	R6,#40H ;64
01ba : bf ff    	MOV	R7,#ffH ;255
01bc : 74 d6    	CALL	03d6H
01be : 24 b4    	JMP	01b4H
01c0 : be 09    	MOV	R6,#09H ;9
01c2 : 27       	CLR	A
01c3 : 62       	MOV	T,A
01c4 : 26 c4    	JNT0	01c4H
01c6 : 55       	STRT	T	
01c7 : 97       	CLR	C	
01c8 : 36 c8    	JT0	01c8H
01ca : 46 cd    	JNT1	01cdH
01cc : a7       	CPL	C	
01cd : 67       	RRC	A
01ce : 97       	CLR	C	
01cf : 26 cf    	JNT0	01cfH
01d1 : ee c8    	DJNZ	R6,01c8H
01d3 : 9a 73    	ANL	P2,#73H ;115
01d5 : 65       	STOP	TCNT	
01d6 : 26 d5    	JNT0	01d5H
01d8 : af       	MOV	R7,A
01d9 : 27       	CLR	A
01da : 83       	RET
01db : 00       	NOP
01dc : 00       	NOP
01dd : 00       	NOP
01de : 00       	NOP
01df : 00       	NOP
01e0 : 00       	NOP
01e1 : 00       	NOP
01e2 : 00       	NOP
01e3 : 00       	NOP
01e4 : 00       	NOP
01e5 : 00       	NOP
01e6 : 00       	NOP
01e7 : 00       	NOP
01e8 : 00       	NOP
01e9 : 00       	NOP
01ea : 00       	NOP
01eb : 00       	NOP
01ec : 00       	NOP
01ed : 00       	NOP
01ee : 00       	NOP
01ef : 00       	NOP
01f0 : 00       	NOP
01f1 : 00       	NOP
01f2 : 00       	NOP
01f3 : 00       	NOP
01f4 : 00       	NOP
01f5 : 00       	NOP
01f6 : 00       	NOP
01f7 : 00       	NOP
01f8 : 00       	NOP
01f9 : 00       	NOP
01fa : 00       	NOP
01fb : 00       	NOP
01fc : 00       	NOP
01fd : 00       	NOP
01fe : 00       	NOP
01ff : 00       	NOP
0200 : 22       	IN	A,DBB
0201 : af       	MOV	R7,A
0202 : d4 00    	CALL	0600H
0204 : 09       	IN	A,P1
0205 : 37       	CPL	A
0206 : 72 8f    	JB3	028fH
0208 : b9 20    	MOV	R1,#20H ;32
020a : f1       	MOV	A,@R1
020b : 53 ef    	ANL	A,#efH ;239
020d : a1       	MOV	@R1,A
020e : 54 36    	CALL	0236H
0210 : 8a 80    	ORL	P2,#80H ;128
0212 : f2 24    	JB7	0224H
0214 : d2 24    	JB6	0224H
0216 : be 06    	MOV	R6,#06H ;6
0218 : 74 80    	CALL	0380H
021a : f2 2a    	JB7	022aH
021c : d2 30    	JB6	0230H
021e : be 00    	MOV	R6,#00H ;0
0220 : 74 d6    	CALL	03d6H
0222 : 24 00    	JMP	0100H
0224 : be 20    	MOV	R6,#20H ;32
0226 : bf fe    	MOV	R7,#feH ;254
0228 : 44 20    	JMP	0220H
022a : be a0    	MOV	R6,#a0H ;160
022c : bf fe    	MOV	R7,#feH ;254
022e : 44 20    	JMP	0220H
0230 : be 60    	MOV	R6,#60H ;96
0232 : bf fe    	MOV	R7,#feH ;254
0234 : 44 20    	JMP	0220H
0236 : bb 02    	MOV	R3,#02H ;2
0238 : bc 08    	MOV	R4,#08H ;8
023a : bd 00    	MOV	R5,#00H ;0
023c : be 00    	MOV	R6,#00H ;0
023e : 9a 73    	ANL	P2,#73H ;115
0240 : 54 78    	CALL	0278H
0242 : fd       	MOV	A,R5
0243 : 62       	MOV	T,A
0244 : 55       	STRT	T	
0245 : 9a b3    	ANL	P2,#b3H ;179
0247 : ff       	MOV	A,R7
0248 : 67       	RRC	A
0249 : af       	MOV	R7,A
024a : 36 4a    	JT0	024aH
024c : e6 53    	JNC	0253H
024e : 8a 80    	ORL	P2,#80H ;128
0250 : 1e       	INC	R6
0251 : 44 55    	JMP	0255H
0253 : 9a 73    	ANL	P2,#73H ;115
0255 : 26 55    	JNT0	0255H
0257 : ec 47    	DJNZ	R4,0247H
0259 : eb 5d    	DJNZ	R3,025dH
025b : 44 67    	JMP	0267H
025d : 23 01    	MOV	A,#01H ;1
025f : de       	XRL	A,R6
0260 : 43 02    	ORL	A,#02H ;2
0262 : bc 02    	MOV	R4,#02H ;2
0264 : af       	MOV	R7,A
0265 : 44 47    	JMP	0247H
0267 : 65       	STOP	TCNT	
0268 : 23 80    	MOV	A,#80H ;128
026a : 62       	MOV	T,A
026b : 55       	STRT	T	
026c : 56 6c    	JT1	026cH
026e : 00       	NOP
026f : 00       	NOP
0270 : 46 70    	JNT1	0270H
0272 : 65       	STOP	TCNT	
0273 : 54 78    	CALL	0278H
0275 : 53 00    	ANL	A,#00H ;0
0277 : 83       	RET
0278 : 09       	IN	A,P1
0279 : 72 7f    	JB3	027fH
027b : 9a 7f    	ANL	P2,#7fH ;127
027d : 44 81    	JMP	0281H
027f : 8a 40    	ORL	P2,#40H ;64
0281 : d5       	SEL	RB1	
0282 : ba 0e    	MOV	R2,#0eH ;14
0284 : ea 84    	DJNZ	R2,0284H
0286 : c5       	SEL	RB0	
0287 : 83       	RET
0288 : d5       	SEL	RB1	
0289 : ba 60    	MOV	R2,#60H ;96
028b : ea 8b    	DJNZ	R2,028bH
028d : c5       	SEL	RB0	
028e : 83       	RET
028f : 54 88    	CALL	0288H
0291 : ff       	MOV	A,R7
0292 : ab       	MOV	R3,A
0293 : d3 ee    	XRL	A,#eeH ;238
0295 : c6 99    	JZ	0299H
0297 : bf fa    	MOV	R7,#faH ;250
0299 : be 00    	MOV	R6,#00H ;0
029b : 74 d6    	CALL	03d6H
029d : fb       	MOV	A,R3
029e : d3 ff    	XRL	A,#ffH ;255
02a0 : c6 a5    	JZ	02a5H
02a2 : 27       	CLR	A
02a3 : 24 00    	JMP	0100H
02a5 : b9 40    	MOV	R1,#40H ;64
02a7 : 54 88    	CALL	0288H
02a9 : e9 a7    	DJNZ	R1,02a7H
02ab : bf aa    	MOV	R7,#aaH ;170
02ad : be 00    	MOV	R6,#00H ;0
02af : 74 d6    	CALL	03d6H
02b1 : 9a ff    	ANL	P2,#ffH ;255
02b3 : 9a ff    	ANL	P2,#ffH ;255
02b5 : 27       	CLR	A
02b6 : 24 00    	JMP	0100H
02b8 : 00       	NOP
02b9 : 00       	NOP
02ba : 00       	NOP
02bb : 00       	NOP
02bc : 00       	NOP
02bd : 00       	NOP
02be : 00       	NOP
02bf : 00       	NOP
02c0 : 00       	NOP
02c1 : 00       	NOP
02c2 : 00       	NOP
02c3 : 00       	NOP
02c4 : 00       	NOP
02c5 : 00       	NOP
02c6 : 00       	NOP
02c7 : 00       	NOP
02c8 : 00       	NOP
02c9 : 00       	NOP
02ca : 00       	NOP
02cb : 00       	NOP
02cc : 00       	NOP
02cd : 00       	NOP
02ce : 00       	NOP
02cf : 00       	NOP
02d0 : 00       	NOP
02d1 : 00       	NOP
02d2 : 00       	NOP
02d3 : 00       	NOP
02d4 : 00       	NOP
02d5 : 00       	NOP
02d6 : 00       	NOP
02d7 : 00       	NOP
02d8 : 00       	NOP
02d9 : 00       	NOP
02da : 00       	NOP
02db : 00       	NOP
02dc : 00       	NOP
02dd : 00       	NOP
02de : 00       	NOP
02df : 00       	NOP
02e0 : 00       	NOP
02e1 : 00       	NOP
02e2 : 00       	NOP
02e3 : 00       	NOP
02e4 : 00       	NOP
02e5 : 00       	NOP
02e6 : 00       	NOP
02e7 : 00       	NOP
02e8 : 00       	NOP
02e9 : 00       	NOP
02ea : 00       	NOP
02eb : 00       	NOP
02ec : 00       	NOP
02ed : 00       	NOP
02ee : 00       	NOP
02ef : 00       	NOP
02f0 : 00       	NOP
02f1 : 00       	NOP
02f2 : 00       	NOP
02f3 : 00       	NOP
02f4 : 00       	NOP
02f5 : 00       	NOP
02f6 : 00       	NOP
02f7 : 00       	NOP
02f8 : 00       	NOP
02f9 : 00       	NOP
02fa : 00       	NOP
02fb : 00       	NOP
02fc : 00       	NOP
02fd : 00       	NOP
02fe : 00       	NOP
02ff : 00       	NOP
0300 : ff       	MOV	A,R7
0301 : 43 41    	ORL	A,#41H ;65
0303 : 3f       	MOVD	P3,A
0304 : 3d       	MOVD	P1,A
0305 : 3b       	OUTL	P3,A
0306 : 3c       	MOVD	P0,A
0307 : 58       	ANL	A,R0
0308 : 64 44    	JMP	0344H
030a : 42       	MOV	A,T
030b : 40       	ORL	A,R0
030c : 3e       	MOVD	P2,A
030d : 0f       	MOVD	A,P3
030e : 29       	XCH	A,R1
030f : 59       	ANL	A,R1
0310 : 65       	STOP	TCNT	
0311 : 38       	OUTL	P0,A
0312 : 2a       	XCH	A,R2
0313 : 70       	ADDC	A,R0
0314 : 1d       	INC	R5
0315 : 10       	INC	@R0
0316 : 02       	OUT	DBB,A
0317 : 5a       	ANL	A,R2
0318 : 66       	DB	66
0319 : 71       	ADDC	A,R1
031a : 2c       	XCH	A,R4
031b : 1f       	INC	R7
031c : 1e       	INC	R6
031d : 11       	INC	@R1
031e : 03 5b    	ADD	A,#5bH ;91
0320 : 67       	RRC	A
0321 : 2e       	XCH	A,R6
0322 : 2d       	XCH	A,R5
0323 : 20       	XCH	A,@R0
0324 : 12 05    	JB0	0305H
0326 : 04 5c    	JMP	005cH
0328 : 68       	ADD	A,R0
0329 : 39       	OUTL	P1,A
032a : 2f       	XCH	A,R7
032b : 21       	XCH	A,@R1
032c : 14 13    	CALL	0013H
032e : 06       	DB	06
032f : 5d       	ANL	A,R5
0330 : 69       	ADD	A,R1
0331 : 31       	XCHD	A,@R1
0332 : 30       	XCHD	A,@R0
0333 : 23 22    	MOV	A,#22H ;34
0335 : 15       	DIS	I	
0336 : 07       	DEC	A
0337 : 5e       	ANL	A,R6
0338 : 6a       	ADD	A,R2
0339 : 72 32    	JB3	0332H
033b : 24 16    	JMP	0116H
033d : 08       	IN	A,P0
033e : 09       	IN	A,P1
033f : 5f       	ANL	A,R7
0340 : 6b       	ADD	A,R3
0341 : 33       	DB	33
0342 : 25       	EN	TCNTI	
0343 : 17       	INC	A
0344 : 18       	INC	R0
0345 : 0b       	IN	A,P3
0346 : 0a       	IN	A,P2
0347 : 60       	ADD	A,R0
0348 : 6c       	ADD	A,R4
0349 : 34 35    	CALL	0135H
034b : 26 27    	JNT0	0327H
034d : 19       	INC	R1
034e : 0c       	MOVD	A,P0
034f : 61       	ADD	A,R1
0350 : 6d       	ADD	A,R5
0351 : 73       	DB	73
0352 : 28       	XCH	A,R0
0353 : 74 1a    	CALL	031aH
0355 : 0d       	MOVD	A,P1
0356 : 62       	MOV	T,A
0357 : 6e       	ADD	A,R6
0358 : 3a       	OUTL	P2,A
0359 : 36 1c    	JT0	031cH
035b : 1b       	INC	R3
035c : 75       	DB	75
035d : 2b       	XCH	A,R3
035e : 63       	DB	63
035f : 76 55    	JF1	0355H
0361 : 56 77    	JT1	0377H
0363 : 78       	ADDC	A,R0
0364 : 79       	ADDC	A,R1
0365 : 7a       	ADDC	A,R2
0366 : 0e       	MOVD	A,P2
0367 : 7b       	ADDC	A,R3
0368 : 7c       	ADDC	A,R4
0369 : 4f       	ORL	A,R7
036a : 7d       	ADDC	A,R5
036b : 4b       	ORL	A,R3
036c : 47       	SWAP	A
036d : 7e       	ADDC	A,R6
036e : 7f       	ADDC	A,R7
036f : 6f       	ADD	A,R7
0370 : 52 53    	JB2	0353H
0372 : 50       	ANL	A,R0
0373 : 4c       	ORL	A,R4
0374 : 4d       	ORL	A,R5
0375 : 48       	ORL	A,R0
0376 : 01       	HALT
0377 : 45       	STRT	TCNT	
0378 : 57       	DA	A
0379 : 4e       	ORL	A,R6
037a : 51       	ANL	A,R1
037b : 4a       	ORL	A,R2
037c : 37       	CPL	A
037d : 49       	ORL	A,R1
037e : 46 54    	JNT1	0354H
0380 : 27       	CLR	A
0381 : 9a b3    	ANL	P2,#b3H ;179
0383 : 26 91    	JNT0	0391H
0385 : 17       	INC	A
0386 : 96 83    	JNZ	0383H
0388 : 26 91    	JNT0	0391H
038a : ee 83    	DJNZ	R6,0383H
038c : 54 78    	CALL	0278H
038e : 23 80    	MOV	A,#80H ;128
0390 : 83       	RET
0391 : 36 96    	JT0	0396H
0393 : 74 9a    	CALL	039aH
0395 : 83       	RET
0396 : 54 78    	CALL	0278H
0398 : 64 80    	JMP	0380H
039a : bc 08    	MOV	R4,#08H ;8
039c : be 00    	MOV	R6,#00H ;0
039e : 23 e0    	MOV	A,#e0H ;224
03a0 : 62       	MOV	T,A
03a1 : 55       	STRT	T	
03a2 : 27       	CLR	A
03a3 : 26 a3    	JNT0	03a3H
03a5 : 00       	NOP
03a6 : 36 a6    	JT0	03a6H
03a8 : 56 ae    	JT1	03aeH
03aa : 53 fe    	ANL	A,#feH ;254
03ac : 64 b1    	JMP	03b1H
03ae : 43 01    	ORL	A,#01H ;1
03b0 : 1e       	INC	R6
03b1 : 77       	RR	A
03b2 : ec a3    	DJNZ	R4,03a3H
03b4 : af       	MOV	R7,A
03b5 : 26 b5    	JNT0	03b5H
03b7 : 00       	NOP
03b8 : 36 b8    	JT0	03b8H
03ba : 56 bf    	JT1	03bfH
03bc : 27       	CLR	A
03bd : 64 c1    	JMP	03c1H
03bf : 23 01    	MOV	A,#01H ;1
03c1 : 26 c1    	JNT0	03c1H
03c3 : 00       	NOP
03c4 : 36 c4    	JT0	03c4H
03c6 : 00       	NOP
03c7 : 65       	STOP	TCNT	
03c8 : 00       	NOP
03c9 : de       	XRL	A,R6
03ca : 12 d1    	JB0	03d1H
03cc : 54 78    	CALL	0278H
03ce : 23 80    	MOV	A,#80H ;128
03d0 : 83       	RET
03d1 : 54 78    	CALL	0278H
03d3 : 23 00    	MOV	A,#00H ;0
03d5 : 83       	RET
03d6 : d4 00    	CALL	0600H
03d8 : 09       	IN	A,P1
03d9 : 47       	SWAP	A
03da : e7       	RL	A
03db : 53 10    	ANL	A,#10H ;16
03dd : 4e       	ORL	A,R6
03de : 90       	MOV	STS,A
03df : ff       	MOV	A,R7
03e0 : 02       	OUT	DBB,A
03e1 : 83       	RET
03e2 : 00       	NOP
03e3 : 00       	NOP
03e4 : 00       	NOP
03e5 : 00       	NOP
03e6 : 00       	NOP
03e7 : 00       	NOP
03e8 : 00       	NOP
03e9 : 00       	NOP
03ea : 00       	NOP
03eb : 00       	NOP
03ec : 00       	NOP
03ed : 00       	NOP
03ee : 00       	NOP
03ef : 00       	NOP
03f0 : 00       	NOP
03f1 : 00       	NOP
03f2 : 00       	NOP
03f3 : 00       	NOP
03f4 : 00       	NOP
03f5 : 00       	NOP
03f6 : 00       	NOP
03f7 : 00       	NOP
03f8 : 00       	NOP
03f9 : 00       	NOP
03fa : 00       	NOP
03fb : 00       	NOP
03fc : 00       	NOP
03fd : 00       	NOP
03fe : 00       	NOP
03ff : 00       	NOP
0400 : 22       	IN	A,DBB
0401 : af       	MOV	R7,A
0402 : d4 00    	CALL	0600H
0404 : ff       	MOV	A,R7
0405 : d2 ac    	JB6	04acH
0407 : f2 25    	JB7	0425H
0409 : b2 0e    	JB5	040eH
040b : b8 2b    	MOV	R0,#2bH ;43
040d : 60       	ADD	A,R0
040e : a9       	MOV	R1,A
040f : f1       	MOV	A,@R1
0410 : af       	MOV	R7,A
0411 : be 00    	MOV	R6,#00H ;0
0413 : 74 d6    	CALL	03d6H
0415 : 27       	CLR	A
0416 : 24 00    	JMP	0100H
0418 : f9       	MOV	A,R1
0419 : 53 3f    	ANL	A,#3fH ;63
041b : b2 20    	JB5	0420H
041d : b8 2b    	MOV	R0,#2bH ;43
041f : 60       	ADD	A,R0
0420 : a9       	MOV	R1,A
0421 : 22       	IN	A,DBB
0422 : a1       	MOV	@R1,A
0423 : 24 00    	JMP	0100H
0425 : b2 29    	JB5	0429H
0427 : 24 00    	JMP	0100H
0429 : 92 27    	JB4	0427H
042b : b9 20    	MOV	R1,#20H ;32
042d : a8       	MOV	R0,A
042e : d3 ae    	XRL	A,#aeH ;174
0430 : 96 38    	JNZ	0438H
0432 : f1       	MOV	A,@R1
0433 : 53 ef    	ANL	A,#efH ;239
0435 : a1       	MOV	@R1,A
0436 : 24 00    	JMP	0100H
0438 : f8       	MOV	A,R0
0439 : d3 ad    	XRL	A,#adH ;173
043b : 96 42    	JNZ	0442H
043d : f1       	MOV	A,@R1
043e : 43 10    	ORL	A,#10H ;16
0440 : 84 35    	JMP	0435H
0442 : f8       	MOV	A,R0
0443 : d3 ac    	XRL	A,#acH ;172
0445 : 96 4b    	JNZ	044bH
0447 : b4 10    	CALL	0510H
0449 : 24 00    	JMP	0100H
044b : f8       	MOV	A,R0
044c : d3 ab    	XRL	A,#abH ;171
044e : 96 54    	JNZ	0454H
0450 : b4 6e    	CALL	056eH
0452 : 84 11    	JMP	0411H
0454 : f8       	MOV	A,R0
0455 : d3 aa    	XRL	A,#aaH ;170
0457 : 96 5b    	JNZ	045bH
0459 : 04 53    	JMP	0053H
045b : 24 00    	JMP	0100H
045d : b2 8b    	JB5	048bH
045f : 92 79    	JB4	0479H
0461 : 72 5b    	JB3	045bH
0463 : 52 5b    	JB2	045bH
0465 : 32 6c    	JB1	046cH
0467 : 12 72    	JB0	0472H
0469 : 09       	IN	A,P1
046a : 84 10    	JMP	0410H
046c : 09       	IN	A,P1
046d : 90       	MOV	STS,A
046e : d6 6c    	JNIBF	046cH
0470 : 24 00    	JMP	0100H
0472 : 09       	IN	A,P1
0473 : 47       	SWAP	A
0474 : 90       	MOV	STS,A
0475 : d6 72    	JNIBF	0472H
0477 : 24 00    	JMP	0100H
0479 : 53 0f    	ANL	A,#0fH ;15
047b : 96 80    	JNZ	0480H
047d : 0a       	IN	A,P2
047e : c4 13    	JMP	0613H
0480 : 07       	DEC	A
0481 : 96 5b    	JNZ	045bH
0483 : d6 83    	JNIBF	0483H
0485 : 76 00    	JF1	0400H
0487 : 22       	IN	A,DBB
0488 : c4 17    	JMP	0617H
048a : 00       	NOP
048b : 92 9b    	JB4	049bH
048d : 53 0f    	ANL	A,#0fH ;15
048f : 96 5b    	JNZ	045bH
0491 : 26 95    	JNT0	0495H
0493 : d3 01    	XRL	A,#01H ;1
0495 : 46 10    	JNT1	0410H
0497 : d3 02    	XRL	A,#02H ;2
0499 : 84 10    	JMP	0410H
049b : a8       	MOV	R0,A
049c : 0a       	IN	A,P2
049d : aa       	MOV	R2,A
049e : b9 20    	MOV	R1,#20H ;32
04a0 : f1       	MOV	A,@R1
04a1 : 53 03    	ANL	A,#03H ;3
04a3 : 47       	SWAP	A
04a4 : 4a       	ORL	A,R2
04a5 : 58       	ANL	A,R0
04a6 : 3a       	OUTL	P2,A
04a7 : 43 0f    	ORL	A,#0fH ;15
04a9 : 3a       	OUTL	P2,A
04aa : 84 5b    	JMP	045bH
04ac : f2 5d    	JB7	045dH
04ae : d6 ae    	JNIBF	04aeH
04b0 : 76 00    	JF1	0400H
04b2 : a9       	MOV	R1,A
04b3 : d3 60    	XRL	A,#60H ;96
04b5 : 96 18    	JNZ	0418H
04b7 : b9 20    	MOV	R1,#20H ;32
04b9 : f1       	MOV	A,@R1
04ba : aa       	MOV	R2,A
04bb : 22       	IN	A,DBB
04bc : a1       	MOV	@R1,A
04bd : 92 cb    	JB4	04cbH
04bf : fa       	MOV	A,R2
04c0 : 53 10    	ANL	A,#10H ;16
04c2 : c6 c8    	JZ	04c8H
04c4 : b8 2e    	MOV	R0,#2eH ;46
04c6 : b0 01    	MOV	@R0,#01H ;1
04c8 : f1       	MOV	A,@R1
04c9 : 84 cd    	JMP	04cdH
04cb : 8a 00    	ORL	P2,#00H ;0
04cd : 52 d2    	JB2	04d2H
04cf : 85       	CLR	F0	
04d0 : 84 d5    	JMP	04d5H
04d2 : b6 d5    	JF0	04d5H
04d4 : 95       	CPL	F0	
04d5 : 32 db    	JB1	04dbH
04d7 : 9a df    	ANL	P2,#dfH ;223
04d9 : 84 dd    	JMP	04ddH
04db : 8a 20    	ORL	P2,#20H ;32
04dd : 12 e3    	JB0	04e3H
04df : 9a ef    	ANL	P2,#efH ;239
04e1 : 84 e5    	JMP	04e5H
04e3 : 8a 10    	ORL	P2,#10H ;16
04e5 : b2 ed    	JB5	04edH
04e7 : 8a 00    	ORL	P2,#00H ;0
04e9 : 8a 00    	ORL	P2,#00H ;0
04eb : 24 00    	JMP	0100H
04ed : 9a ff    	ANL	P2,#ffH ;255
04ef : 9a ff    	ANL	P2,#ffH ;255
04f1 : 24 00    	JMP	0100H
04f3 : 00       	NOP
04f4 : 00       	NOP
04f5 : 00       	NOP
04f6 : 00       	NOP
04f7 : 00       	NOP
04f8 : 00       	NOP
04f9 : 00       	NOP
04fa : 00       	NOP
04fb : 00       	NOP
04fc : 00       	NOP
04fd : 00       	NOP
04fe : 00       	NOP
04ff : 00       	NOP
0500 : 0b       	IN	A,P3
0501 : 02       	OUT	DBB,A
0502 : 03 04    	ADD	A,#04H ;4
0504 : 05       	EN	I	
0505 : 06       	DB	06
0506 : 07       	DEC	A
0507 : 08       	IN	A,P0
0508 : 09       	IN	A,P1
0509 : 0a       	IN	A,P2
050a : 1e       	INC	R6
050b : 30       	XCHD	A,@R0
050c : 2e       	XCH	A,R6
050d : 20       	XCH	A,@R0
050e : 12 21    	JB0	0521H
0510 : 23 10    	MOV	A,#10H ;16
0512 : 90       	MOV	STS,A
0513 : b9 30    	MOV	R1,#30H ;48
0515 : b4 2c    	CALL	052cH
0517 : b9 20    	MOV	R1,#20H ;32
0519 : 27       	CLR	A
051a : be 14    	MOV	R6,#14H ;20
051c : d6 1f    	JNIBF	051fH
051e : 83       	RET
051f : 86 1c    	JOBF	051cH
0521 : b4 65    	CALL	0565H
0523 : f1       	MOV	A,@R1
0524 : b4 40    	CALL	0540H
0526 : 12 1e    	JB0	051eH
0528 : 19       	INC	R1
0529 : ee 1c    	DJNZ	R6,051cH
052b : 83       	RET
052c : 09       	IN	A,P1
052d : a1       	MOV	@R1,A
052e : 19       	INC	R1
052f : 0a       	IN	A,P2
0530 : a1       	MOV	@R1,A
0531 : 19       	INC	R1
0532 : 27       	CLR	A
0533 : 26 37    	JNT0	0537H
0535 : 23 01    	MOV	A,#01H ;1
0537 : 46 3b    	JNT1	053bH
0539 : 03 02    	ADD	A,#02H ;2
053b : a1       	MOV	@R1,A
053c : 19       	INC	R1
053d : c7       	MOV	A,PSW
053e : a1       	MOV	@R1,A
053f : 83       	RET
0540 : aa       	MOV	R2,A
0541 : 47       	SWAP	A
0542 : 53 0f    	ANL	A,#0fH ;15
0544 : a3       	MOVP	A,@A
0545 : 02       	OUT	DBB,A
0546 : b4 65    	CALL	0565H
0548 : d6 4c    	JNIBF	054cH
054a : a4 62    	JMP	0562H
054c : 86 48    	JOBF	0548H
054e : fa       	MOV	A,R2
054f : 53 0f    	ANL	A,#0fH ;15
0551 : a3       	MOVP	A,@A
0552 : 02       	OUT	DBB,A
0553 : b4 65    	CALL	0565H
0555 : d6 59    	JNIBF	0559H
0557 : a4 62    	JMP	0562H
0559 : 86 55    	JOBF	0555H
055b : 23 39    	MOV	A,#39H ;57
055d : 02       	OUT	DBB,A
055e : b4 65    	CALL	0565H
0560 : 27       	CLR	A
0561 : 83       	RET
0562 : 23 01    	MOV	A,#01H ;1
0564 : 83       	RET
0565 : b8 00    	MOV	R0,#00H ;0
0567 : bc 40    	MOV	R4,#40H ;64
0569 : e8 69    	DJNZ	R0,0569H
056b : ec 69    	DJNZ	R4,0569H
056d : 83       	RET
056e : 9a b3    	ANL	P2,#b3H ;179
0570 : 8a 80    	ORL	P2,#80H ;128
0572 : 27       	CLR	A
0573 : 36 7b    	JT0	057bH
0575 : 07       	DEC	A
0576 : 96 73    	JNZ	0573H
0578 : bf 01    	MOV	R7,#01H ;1
057a : 83       	RET
057b : 8a 40    	ORL	P2,#40H ;64
057d : 00       	NOP
057e : 00       	NOP
057f : 26 88    	JNT0	0588H
0581 : 26 88    	JNT0	0588H
0583 : 9a b3    	ANL	P2,#b3H ;179
0585 : bf 02    	MOV	R7,#02H ;2
0587 : 83       	RET
0588 : 27       	CLR	A
0589 : 56 91    	JT1	0591H
058b : 07       	DEC	A
058c : 96 89    	JNZ	0589H
058e : bf 03    	MOV	R7,#03H ;3
0590 : 83       	RET
0591 : 9a 73    	ANL	P2,#73H ;115
0593 : 00       	NOP
0594 : 00       	NOP
0595 : 46 9e    	JNT1	059eH
0597 : 46 9e    	JNT1	059eH
0599 : 8a 80    	ORL	P2,#80H ;128
059b : bf 04    	MOV	R7,#04H ;4
059d : 83       	RET
059e : 8a 80    	ORL	P2,#80H ;128
05a0 : bf 00    	MOV	R7,#00H ;0
05a2 : 83       	RET
05a3 : 00       	NOP
05a4 : 00       	NOP
05a5 : 00       	NOP
05a6 : 00       	NOP
05a7 : 00       	NOP
05a8 : 00       	NOP
05a9 : 00       	NOP
05aa : 00       	NOP
05ab : 00       	NOP
05ac : 00       	NOP
05ad : 00       	NOP
05ae : 00       	NOP
05af : 00       	NOP
05b0 : 00       	NOP
05b1 : 00       	NOP
05b2 : 00       	NOP
05b3 : 00       	NOP
05b4 : 00       	NOP
05b5 : 00       	NOP
05b6 : 00       	NOP
05b7 : 00       	NOP
05b8 : 00       	NOP
05b9 : 00       	NOP
05ba : 00       	NOP
05bb : 00       	NOP
05bc : 00       	NOP
05bd : 00       	NOP
05be : 00       	NOP
05bf : 00       	NOP
05c0 : 00       	NOP
05c1 : 00       	NOP
05c2 : 00       	NOP
05c3 : 00       	NOP
05c4 : 00       	NOP
05c5 : 00       	NOP
05c6 : 00       	NOP
05c7 : 00       	NOP
05c8 : 00       	NOP
05c9 : 00       	NOP
05ca : 00       	NOP
05cb : 00       	NOP
05cc : 00       	NOP
05cd : 00       	NOP
05ce : 00       	NOP
05cf : 00       	NOP
05d0 : 00       	NOP
05d1 : 00       	NOP
05d2 : 00       	NOP
05d3 : 00       	NOP
05d4 : 00       	NOP
05d5 : 00       	NOP
05d6 : 00       	NOP
05d7 : 00       	NOP
05d8 : 00       	NOP
05d9 : 00       	NOP
05da : 00       	NOP
05db : 00       	NOP
05dc : 00       	NOP
05dd : 00       	NOP
05de : 00       	NOP
05df : 00       	NOP
05e0 : 00       	NOP
05e1 : 00       	NOP
05e2 : 00       	NOP
05e3 : 00       	NOP
05e4 : 00       	NOP
05e5 : 00       	NOP
05e6 : 00       	NOP
05e7 : 00       	NOP
05e8 : 00       	NOP
05e9 : 00       	NOP
05ea : 00       	NOP
05eb : 00       	NOP
05ec : 00       	NOP
05ed : 00       	NOP
05ee : 00       	NOP
05ef : 00       	NOP
05f0 : 00       	NOP
05f1 : 00       	NOP
05f2 : 00       	NOP
05f3 : 00       	NOP
05f4 : 00       	NOP
05f5 : 00       	NOP
05f6 : 00       	NOP
05f7 : 00       	NOP
05f8 : 00       	NOP
05f9 : 00       	NOP
05fa : 00       	NOP
05fb : 00       	NOP
05fc : 00       	NOP
05fd : 00       	NOP
05fe : 00       	NOP
05ff : 00       	NOP
0600 : 23 3f    	MOV	A,#3fH ;63
0602 : a8       	MOV	R0,A
0603 : f0       	MOV	A,@R0
0604 : d3 7f    	XRL	A,#7fH ;127
0606 : 96 0b    	JNZ	060bH
0608 : 23 40    	MOV	A,#40H ;64
060a : a0       	MOV	@R0,A
060b : f0       	MOV	A,@R0
060c : a9       	MOV	R1,A
060d : ff       	MOV	A,R7
060e : a1       	MOV	@R1,A
060f : f0       	MOV	A,@R0
0610 : 17       	INC	A
0611 : a0       	MOV	@R0,A
0612 : 83       	RET
0613 : 43 c0    	ORL	A,#c0H ;192
0615 : 84 10    	JMP	0410H
0617 : 53 3f    	ANL	A,#3fH ;63
0619 : 3a       	OUTL	P2,A
061a : 84 5b    	JMP	045bH
061c : 9a 7f    	ANL	P2,#7fH ;127
061e : 23 7f    	MOV	A,#7fH ;127
0620 : 26 27    	JNT0	0627H
0622 : 07       	DEC	A
0623 : 96 20    	JNZ	0620H
0625 : 24 00    	JMP	0100H
0627 : 24 8c    	JMP	018cH
0629 : 00       	NOP
062a : 00       	NOP
062b : 00       	NOP
062c : 00       	NOP
062d : 00       	NOP
062e : 00       	NOP
062f : 00       	NOP
0630 : 00       	NOP
0631 : 00       	NOP
0632 : 00       	NOP
0633 : 00       	NOP
0634 : 00       	NOP
0635 : 00       	NOP
0636 : 00       	NOP
0637 : 00       	NOP
0638 : 00       	NOP
0639 : 00       	NOP
063a : 00       	NOP
063b : 00       	NOP
063c : 00       	NOP
063d : 00       	NOP
063e : 00       	NOP
063f : 00       	NOP
0640 : 00       	NOP
0641 : 00       	NOP
0642 : 00       	NOP
0643 : 00       	NOP
0644 : 00       	NOP
0645 : 00       	NOP
0646 : 00       	NOP
0647 : 00       	NOP
0648 : 00       	NOP
0649 : 00       	NOP
064a : 00       	NOP
064b : 00       	NOP
064c : 00       	NOP
064d : 00       	NOP
064e : 00       	NOP
064f : 00       	NOP
0650 : 00       	NOP
0651 : 00       	NOP
0652 : 00       	NOP
0653 : 00       	NOP
0654 : 00       	NOP
0655 : 00       	NOP
0656 : 00       	NOP
0657 : 00       	NOP
0658 : 00       	NOP
0659 : 00       	NOP
065a : 00       	NOP
065b : 00       	NOP
065c : 00       	NOP
065d : 00       	NOP
065e : 00       	NOP
065f : 00       	NOP
0660 : 00       	NOP
0661 : 00       	NOP
0662 : 00       	NOP
0663 : 00       	NOP
0664 : 00       	NOP
0665 : 00       	NOP
0666 : 00       	NOP
0667 : 00       	NOP
0668 : 00       	NOP
0669 : 00       	NOP
066a : 00       	NOP
066b : 00       	NOP
066c : 00       	NOP
066d : 00       	NOP
066e : 00       	NOP
066f : 00       	NOP
0670 : 00       	NOP
0671 : 00       	NOP
0672 : 00       	NOP
0673 : 00       	NOP
0674 : 00       	NOP
0675 : 00       	NOP
0676 : 00       	NOP
0677 : 00       	NOP
0678 : 00       	NOP
0679 : 00       	NOP
067a : 00       	NOP
067b : 00       	NOP
067c : 00       	NOP
067d : 00       	NOP
067e : 00       	NOP
067f : 00       	NOP
0680 : 00       	NOP
0681 : 00       	NOP
0682 : 00       	NOP
0683 : 00       	NOP
0684 : 00       	NOP
0685 : 00       	NOP
0686 : 00       	NOP
0687 : 00       	NOP
0688 : 00       	NOP
0689 : 00       	NOP
068a : 00       	NOP
068b : 00       	NOP
068c : 00       	NOP
068d : 00       	NOP
068e : 00       	NOP
068f : 00       	NOP
0690 : 00       	NOP
0691 : 00       	NOP
0692 : 00       	NOP
0693 : 00       	NOP
0694 : 00       	NOP
0695 : 00       	NOP
0696 : 00       	NOP
0697 : 00       	NOP
0698 : 00       	NOP
0699 : 00       	NOP
069a : 00       	NOP
069b : 00       	NOP
069c : 00       	NOP
069d : 00       	NOP
069e : 00       	NOP
069f : 00       	NOP
06a0 : 00       	NOP
06a1 : 00       	NOP
06a2 : 00       	NOP
06a3 : 00       	NOP
06a4 : 00       	NOP
06a5 : 00       	NOP
06a6 : 00       	NOP
06a7 : 00       	NOP
06a8 : 00       	NOP
06a9 : 00       	NOP
06aa : 00       	NOP
06ab : 00       	NOP
06ac : 00       	NOP
06ad : 00       	NOP
06ae : 00       	NOP
06af : 00       	NOP
06b0 : 00       	NOP
06b1 : 00       	NOP
06b2 : 00       	NOP
06b3 : 00       	NOP
06b4 : 00       	NOP
06b5 : 00       	NOP
06b6 : 00       	NOP
06b7 : 00       	NOP
06b8 : 00       	NOP
06b9 : 00       	NOP
06ba : 00       	NOP
06bb : 00       	NOP
06bc : 00       	NOP
06bd : 00       	NOP
06be : 00       	NOP
06bf : 00       	NOP
06c0 : 00       	NOP
06c1 : 00       	NOP
06c2 : 00       	NOP
06c3 : 00       	NOP
06c4 : 00       	NOP
06c5 : 00       	NOP
06c6 : 00       	NOP
06c7 : 00       	NOP
06c8 : 00       	NOP
06c9 : 00       	NOP
06ca : 00       	NOP
06cb : 00       	NOP
06cc : 00       	NOP
06cd : 00       	NOP
06ce : 00       	NOP
06cf : 00       	NOP
06d0 : 00       	NOP
06d1 : 00       	NOP
06d2 : 00       	NOP
06d3 : 00       	NOP
06d4 : 00       	NOP
06d5 : 00       	NOP
06d6 : 00       	NOP
06d7 : 00       	NOP
06d8 : 00       	NOP
06d9 : 00       	NOP
06da : 00       	NOP
06db : 00       	NOP
06dc : 00       	NOP
06dd : 00       	NOP
06de : 00       	NOP
06df : 00       	NOP
06e0 : 00       	NOP
06e1 : 00       	NOP
06e2 : 00       	NOP
06e3 : 00       	NOP
06e4 : 00       	NOP
06e5 : 00       	NOP
06e6 : 00       	NOP
06e7 : 00       	NOP
06e8 : 00       	NOP
06e9 : 00       	NOP
06ea : 00       	NOP
06eb : 00       	NOP
06ec : 00       	NOP
06ed : 00       	NOP
06ee : 00       	NOP
06ef : 00       	NOP
06f0 : 00       	NOP
06f1 : 00       	NOP
06f2 : 00       	NOP
06f3 : 00       	NOP
06f4 : 00       	NOP
06f5 : 00       	NOP
06f6 : 00       	NOP
06f7 : 00       	NOP
06f8 : 00       	NOP
06f9 : 00       	NOP
06fa : 00       	NOP
06fb : 00       	NOP
06fc : 00       	NOP
06fd : 00       	NOP
06fe : 00       	NOP
06ff : 00       	NOP
0700 : 00       	NOP
0701 : 00       	NOP
0702 : 00       	NOP
0703 : 00       	NOP
0704 : 00       	NOP
0705 : 00       	NOP
0706 : 00       	NOP
0707 : 00       	NOP
0708 : 00       	NOP
0709 : 00       	NOP
070a : 00       	NOP
070b : 00       	NOP
070c : 00       	NOP
070d : 00       	NOP
070e : 00       	NOP
070f : 00       	NOP
0710 : 00       	NOP
0711 : 00       	NOP
0712 : 00       	NOP
0713 : 00       	NOP
0714 : 00       	NOP
0715 : 00       	NOP
0716 : 00       	NOP
0717 : 00       	NOP
0718 : 00       	NOP
0719 : 00       	NOP
071a : 00       	NOP
071b : 00       	NOP
071c : 00       	NOP
071d : 00       	NOP
071e : 00       	NOP
071f : 00       	NOP
0720 : 00       	NOP
0721 : 00       	NOP
0722 : 00       	NOP
0723 : 00       	NOP
0724 : 00       	NOP
0725 : 00       	NOP
0726 : 00       	NOP
0727 : 00       	NOP
0728 : 00       	NOP
0729 : 00       	NOP
072a : 00       	NOP
072b : 00       	NOP
072c : 00       	NOP
072d : 00       	NOP
072e : 00       	NOP
072f : 00       	NOP
0730 : 00       	NOP
0731 : 00       	NOP
0732 : 00       	NOP
0733 : 00       	NOP
0734 : 00       	NOP
0735 : 00       	NOP
0736 : 00       	NOP
0737 : 00       	NOP
0738 : 00       	NOP
0739 : 00       	NOP
073a : 00       	NOP
073b : 00       	NOP
073c : 00       	NOP
073d : 00       	NOP
073e : 00       	NOP
073f : 00       	NOP
0740 : 00       	NOP
0741 : 00       	NOP
0742 : 00       	NOP
0743 : 00       	NOP
0744 : 00       	NOP
0745 : 00       	NOP
0746 : 00       	NOP
0747 : 00       	NOP
0748 : 00       	NOP
0749 : 00       	NOP
074a : 00       	NOP
074b : 00       	NOP
074c : 00       	NOP
074d : 00       	NOP
074e : 00       	NOP
074f : 00       	NOP
0750 : 00       	NOP
0751 : 00       	NOP
0752 : 00       	NOP
0753 : 00       	NOP
0754 : 00       	NOP
0755 : 00       	NOP
0756 : 00       	NOP
0757 : 00       	NOP
0758 : 00       	NOP
0759 : 00       	NOP
075a : 00       	NOP
075b : 00       	NOP
075c : 00       	NOP
075d : 00       	NOP
075e : 00       	NOP
075f : 00       	NOP
0760 : 00       	NOP
0761 : 00       	NOP
0762 : 00       	NOP
0763 : 00       	NOP
0764 : 00       	NOP
0765 : 00       	NOP
0766 : 00       	NOP
0767 : 00       	NOP
0768 : 00       	NOP
0769 : 00       	NOP
076a : 00       	NOP
076b : 00       	NOP
076c : 00       	NOP
076d : 00       	NOP
076e : 00       	NOP
076f : 00       	NOP
0770 : 00       	NOP
0771 : 00       	NOP
0772 : 00       	NOP
0773 : 00       	NOP
0774 : 00       	NOP
0775 : 00       	NOP
0776 : 00       	NOP
0777 : 00       	NOP
0778 : 00       	NOP
0779 : 00       	NOP
077a : 00       	NOP
077b : 00       	NOP
077c : 00       	NOP
077d : 00       	NOP
077e : 00       	NOP
077f : 00       	NOP
0780 : 00       	NOP
0781 : 00       	NOP
0782 : 00       	NOP
0783 : 00       	NOP
0784 : 00       	NOP
0785 : 00       	NOP
0786 : 00       	NOP
0787 : 00       	NOP
0788 : 00       	NOP
0789 : 00       	NOP
078a : 00       	NOP
078b : 00       	NOP
078c : 00       	NOP
078d : 00       	NOP
078e : 00       	NOP
078f : 00       	NOP
0790 : 00       	NOP
0791 : 00       	NOP
0792 : 00       	NOP
0793 : 00       	NOP
0794 : 00       	NOP
0795 : 00       	NOP
0796 : 00       	NOP
0797 : 00       	NOP
0798 : 00       	NOP
0799 : 00       	NOP
079a : 00       	NOP
079b : 00       	NOP
079c : 00       	NOP
079d : 00       	NOP
079e : 00       	NOP
079f : 00       	NOP
07a0 : 00       	NOP
07a1 : 00       	NOP
07a2 : 00       	NOP
07a3 : 00       	NOP
07a4 : 00       	NOP
07a5 : 00       	NOP
07a6 : 00       	NOP
07a7 : 00       	NOP
07a8 : 00       	NOP
07a9 : 00       	NOP
07aa : 00       	NOP
07ab : 00       	NOP
07ac : 00       	NOP
07ad : 00       	NOP
07ae : 00       	NOP
07af : 00       	NOP
07b0 : 00       	NOP
07b1 : 00       	NOP
07b2 : 00       	NOP
07b3 : 00       	NOP
07b4 : 00       	NOP
07b5 : 00       	NOP
07b6 : 00       	NOP
07b7 : 00       	NOP
07b8 : 00       	NOP
07b9 : 00       	NOP
07ba : 00       	NOP
07bb : 00       	NOP
07bc : 00       	NOP
07bd : 00       	NOP
07be : 00       	NOP
07bf : 00       	NOP
07c0 : 00       	NOP
07c1 : 00       	NOP
07c2 : 00       	NOP
07c3 : 00       	NOP
07c4 : 00       	NOP
07c5 : 00       	NOP
07c6 : 00       	NOP
07c7 : 00       	NOP
07c8 : 00       	NOP
07c9 : 00       	NOP
07ca : 00       	NOP
07cb : 00       	NOP
07cc : 00       	NOP
07cd : 00       	NOP
07ce : 00       	NOP
07cf : 00       	NOP
07d0 : 00       	NOP
07d1 : 00       	NOP
07d2 : 00       	NOP
07d3 : 00       	NOP
07d4 : 00       	NOP
07d5 : 00       	NOP
07d6 : 00       	NOP
07d7 : 00       	NOP
07d8 : 00       	NOP
07d9 : 00       	NOP
07da : 00       	NOP
07db : 00       	NOP
07dc : 00       	NOP
07dd : 00       	NOP
07de : 00       	NOP
07df : 00       	NOP
07e0 : 00       	NOP
07e1 : 00       	NOP
07e2 : 00       	NOP
07e3 : 00       	NOP
07e4 : 00       	NOP
07e5 : 00       	NOP
07e6 : 00       	NOP
07e7 : 00       	NOP
07e8 : 00       	NOP
07e9 : 00       	NOP
07ea : 00       	NOP
07eb : 00       	NOP
07ec : 00       	NOP
07ed : 00       	NOP
07ee : 00       	NOP
07ef : 00       	NOP
07f0 : 00       	NOP
07f1 : 00       	NOP
07f2 : 00       	NOP
07f3 : 00       	NOP
07f4 : 00       	NOP
07f5 : 00       	NOP
07f6 : 00       	NOP
07f7 : 00       	NOP
07f8 : 00       	NOP
07f9 : 00       	NOP
07fa : 00       	NOP
07fb : 00       	NOP
07fc : 00       	NOP
07fd : 00       	NOP
07fe : 00       	NOP
07ff : 00       	NOP
