
Microsoft (R) Program Maintenance Utility  Version 4.07
Copyright (C) Microsoft Corp 1984-1988.  All rights reserved.


  cl /c /Gs   /Zi /AL /Ox /W3 /Fotool\makezipm.obj makezipm.c 
makezipm.c
makezipm.c(88) : warning C4071: 'initTbl' : no function prototype given
makezipm.c(96) : warning C4071: 'makeVlTbl' : no function prototype given
makezipm.c(101) : warning C4071: 'sortVlTbl' : no function prototype given
makezipm.c(108) : warning C4071: 'makeZlTbl' : no function prototype given
makezipm.c(179) : warning C4047: '==' : different levels of indirection
makezipm.c(203) : warning C4071: 'addVl' : no function prototype given
makezipm.c(211) : warning C4071: 'makeVlIdx' : no function prototype given
makezipm.c(229) : warning C4047: '==' : different levels of indirection
makezipm.c(264) : warning C4071: 'addZl' : no function prototype given
makezipm.c(271) : warning C4071: 'makeZlIdx' : no function prototype given
makezipm.c(302) : warning C4071: 'getVlName' : no function prototype given
makezipm.c(323) : warning C4018: '<' : signed/unsigned mismatch
makezipm.c(374) : warning C4018: '<' : signed/unsigned mismatch
makezipm.c(403) : warning C4071: 'getVid' : no function prototype given
makezipm.c(404) : warning C4071: 'setVid' : no function prototype given
makezipm.c(422) : warning C4071: 'getZipNo' : no function prototype given
makezipm.c(423) : warning C4071: 'setZipNo' : no function prototype given
makezipm.c(434) : warning C4071: 'schVl' : no function prototype given
makezipm.c(492) : warning C4071: 'schZl' : no function prototype given
makezipm.c(621) : fatal error C1001: Internal Compiler Error
		(compiler file '@(#)regMD.c:1.100', line 3837)
		Contact Microsoft Product Support Services
